<?xml version="1.0" encoding="UTF-8"?>
<robot generator="Robot 5.0.1 (Python 3.9.13 on win32)" generated="20230111 12:15:23.915" rpa="true" schemaversion="3">
<suite id="s1" name="Tasks" source="C:\Users\sanjesh.ld\Documents\Robocorp Projects\RGB\tasks.robot">
<test id="s1-t1" name="Read Input Excel" line="20">
<kw name="Get Current Date" library="DateTime">
<var>${current_date}</var>
<arg>result_format=%d-%m-%Y</arg>
<doc>Returns current local or UTC time with an optional increment.</doc>
<msg timestamp="20230111 12:15:26.945" level="INFO">${current_date} = 11-01-2023</msg>
<status status="PASS" starttime="20230111 12:15:26.944" endtime="20230111 12:15:26.949"/>
</kw>
<try>
<branch type="TRY">
<kw name="Parse Xml" library="XML">
<var>${config}</var>
<arg>config.xml</arg>
<doc>Parses the given XML file or string into an element structure.</doc>
<msg timestamp="20230111 12:15:26.963" level="INFO">${config} = &lt;Element 'config' at 0x000002A46C016770&gt;</msg>
<status status="PASS" starttime="20230111 12:15:26.952" endtime="20230111 12:15:26.963"/>
</kw>
<kw name="Get Element Text" library="XML">
<var>${input excel}</var>
<arg>${config}[0]</arg>
<doc>Returns all text of the element, possibly whitespace normalized.</doc>
<msg timestamp="20230111 12:15:26.966" level="INFO">${input excel} = C:\Users\sanjesh.ld\Documents\Robocorp Projects\RGB\Bus-Input.xlsx </msg>
<status status="PASS" starttime="20230111 12:15:26.964" endtime="20230111 12:15:26.966"/>
</kw>
<kw name="Get Element Text" library="XML">
<var>${sheet}</var>
<arg>${config}[1]</arg>
<doc>Returns all text of the element, possibly whitespace normalized.</doc>
<msg timestamp="20230111 12:15:26.968" level="INFO">${sheet} = Sheet1</msg>
<status status="PASS" starttime="20230111 12:15:26.967" endtime="20230111 12:15:26.969"/>
</kw>
<kw name="Open Workbook" library="RPA.Excel.Files">
<arg>${input excel}</arg>
<doc>Open an existing Excel workbook.</doc>
<msg timestamp="20230111 12:15:26.991" level="INFO">Opened workbook: &lt;RPA.Excel.Files.XlsxWorkbook object at 0x000002A46BFECBB0&gt;</msg>
<status status="PASS" starttime="20230111 12:15:26.970" endtime="20230111 12:15:26.991"/>
</kw>
<kw name="Read Worksheet" library="RPA.Excel.Files">
<arg>${sheet}</arg>
<doc>Read the content of a worksheet into a list of dictionaries.</doc>
<status status="PASS" starttime="20230111 12:15:26.991" endtime="20230111 12:15:26.992"/>
</kw>
<kw name="Read Worksheet As Table" library="RPA.Excel.Files">
<var>${read_input}</var>
<arg>header= true</arg>
<doc>Read the contents of a worksheet into a Table container. Allows
sorting/filtering/manipulating using the ``RPA.Tables`` library.</doc>
<msg timestamp="20230111 12:15:26.993" level="INFO">Created table: Table(columns=['From', 'To', 'Date', 'Status'], rows=8)</msg>
<msg timestamp="20230111 12:15:26.994" level="INFO">${read_input} = Table(columns=['From', 'To', 'Date', 'Status'], rows=8)</msg>
<status status="PASS" starttime="20230111 12:15:26.992" endtime="20230111 12:15:26.994"/>
</kw>
<kw name="open Abhibus website">
<kw name="Open Available Browser" library="RPA.Browser.Selenium">
<arg>${url}</arg>
<doc>Attempts to open a browser on the user's device from a set of
supported browsers. Automatically downloads a corresponding webdriver
if none is already installed.</doc>
<msg timestamp="20230111 12:15:26.995" level="INFO">Creating an instance of the Chrome WebDriver.</msg>
<msg timestamp="20230111 12:15:28.912" level="INFO">Created Chrome browser with arguments: --disable-dev-shm-usage --disable-web-security --allow-running-insecure-content --no-sandbox</msg>
<msg timestamp="20230111 12:15:28.913" level="INFO" html="true">&lt;p&gt;Attempted combinations:&lt;/p&gt;&lt;div class="doc"&gt;&lt;table&gt;&lt;tr&gt;&lt;th&gt;Browser&lt;/th&gt;&lt;th&gt;Download&lt;/th&gt;&lt;th&gt;Error&lt;/th&gt;&lt;/tr&gt;&lt;tr&gt;&lt;td&gt;Chrome&lt;/td&gt;&lt;td&gt;False&lt;/td&gt;&lt;td&gt;&lt;/td&gt;&lt;/tr&gt;&lt;/table&gt;&lt;/div&gt;</msg>
<msg timestamp="20230111 12:15:28.913" level="INFO">Opening url 'https://www.abhibus.com/'</msg>
<status status="PASS" starttime="20230111 12:15:26.994" endtime="20230111 12:15:33.788"/>
</kw>
<kw name="Maximize Browser Window" library="RPA.Browser.Selenium">
<doc>Maximizes current browser window.</doc>
<status status="PASS" starttime="20230111 12:15:33.789" endtime="20230111 12:15:33.936"/>
</kw>
<status status="PASS" starttime="20230111 12:15:26.994" endtime="20230111 12:15:33.937"/>
</kw>
<kw name="Read Excel file and input the data in website">
<arg>${current_date}</arg>
<arg>${read_input}</arg>
<kw name="Set Variable" library="BuiltIn">
<var>${count}</var>
<arg>1</arg>
<doc>Returns the given values which can then be assigned to a variables.</doc>
<msg timestamp="20230111 12:15:33.941" level="INFO">${count} = 1</msg>
<status status="PASS" starttime="20230111 12:15:33.940" endtime="20230111 12:15:33.941"/>
</kw>
<for flavor="IN">
<var>${item}</var>
<value>@{read_input}</value>
<iter>
<var name="${item}">{'From': 'Coimbatore', 'To': 'Madurai', 'Date': datetime.datetime(2023, 1, 11, 0, 0), 'Status': None}</var>
<kw name="Create List" library="BuiltIn">
<var>${Input excel Value}</var>
<doc>Returns a list containing given items.</doc>
<msg timestamp="20230111 12:15:33.947" level="INFO">${Input excel Value} = []</msg>
<status status="PASS" starttime="20230111 12:15:33.945" endtime="20230111 12:15:33.947"/>
</kw>
<try>
<branch type="TRY">
<kw name="Set Variable" library="BuiltIn">
<var>${from}</var>
<arg>${item}[From]</arg>
<doc>Returns the given values which can then be assigned to a variables.</doc>
<msg timestamp="20230111 12:15:33.950" level="INFO">${from} = Coimbatore</msg>
<status status="PASS" starttime="20230111 12:15:33.949" endtime="20230111 12:15:33.950"/>
</kw>
<kw name="Set Variable" library="BuiltIn">
<var>${To}</var>
<arg>${item}[To]</arg>
<doc>Returns the given values which can then be assigned to a variables.</doc>
<msg timestamp="20230111 12:15:33.952" level="INFO">${To} = Madurai</msg>
<status status="PASS" starttime="20230111 12:15:33.951" endtime="20230111 12:15:33.952"/>
</kw>
<kw name="Set Variable" library="BuiltIn">
<var>${Date}</var>
<arg>${item}[Date]</arg>
<doc>Returns the given values which can then be assigned to a variables.</doc>
<msg timestamp="20230111 12:15:33.954" level="INFO">${Date} = 2023-01-11 00:00:00</msg>
<status status="PASS" starttime="20230111 12:15:33.953" endtime="20230111 12:15:33.954"/>
</kw>
<kw name="Append To List" library="Collections">
<arg>${Input excel Value}</arg>
<arg>${from}</arg>
<arg>${To}</arg>
<arg>${Date}</arg>
<doc>Adds ``values`` to the end of ``list``.</doc>
<status status="PASS" starttime="20230111 12:15:33.955" endtime="20230111 12:15:33.956"/>
</kw>
<kw name="Log" library="BuiltIn">
<arg>${Input excel Value}</arg>
<doc>Logs the given message with the given level.</doc>
<msg timestamp="20230111 12:15:33.958" level="INFO">['Coimbatore', 'Madurai', datetime.datetime(2023, 1, 11, 0, 0)]</msg>
<status status="PASS" starttime="20230111 12:15:33.957" endtime="20230111 12:15:33.958"/>
</kw>
<if>
<branch type="IF" condition="&quot;${Input_excel_Value}&quot; == &quot;[None, None, None]&quot;">
<kw name="Evaluate" library="BuiltIn">
<var>${count}</var>
<arg>${count} + 1</arg>
<doc>Evaluates the given expression in Python and returns the result.</doc>
<status status="NOT RUN" starttime="20230111 12:15:33.960" endtime="20230111 12:15:33.961"/>
</kw>
<kw name="Set Variable" library="BuiltIn">
<var>${error_handling_nodata}</var>
<arg>No data found</arg>
<doc>Returns the given values which can then be assigned to a variables.</doc>
<status status="NOT RUN" starttime="20230111 12:15:33.962" endtime="20230111 12:15:33.963"/>
</kw>
<kw name="Write Exception if No value present">
<arg>${error_handling_nodata}</arg>
<arg>${count}</arg>
<status status="NOT RUN" starttime="20230111 12:15:33.963" endtime="20230111 12:15:33.964"/>
</kw>
<status status="NOT RUN" starttime="20230111 12:15:33.959" endtime="20230111 12:15:33.965"/>
</branch>
<branch type="ELSE IF" condition="&quot;${from}&quot; == &quot;None&quot;">
<kw name="Evaluate" library="BuiltIn">
<var>${count}</var>
<arg>${count} + 1</arg>
<doc>Evaluates the given expression in Python and returns the result.</doc>
<status status="NOT RUN" starttime="20230111 12:15:33.966" endtime="20230111 12:15:33.966"/>
</kw>
<kw name="Set Variable" library="BuiltIn">
<var>${error_handling_Source}</var>
<arg>No source value found</arg>
<doc>Returns the given values which can then be assigned to a variables.</doc>
<status status="NOT RUN" starttime="20230111 12:15:33.967" endtime="20230111 12:15:33.967"/>
</kw>
<kw name="Write Exception if Source value not present">
<arg>${error_handling_Source}</arg>
<arg>${count}</arg>
<status status="NOT RUN" starttime="20230111 12:15:33.968" endtime="20230111 12:15:33.968"/>
</kw>
<status status="NOT RUN" starttime="20230111 12:15:33.965" endtime="20230111 12:15:33.968"/>
</branch>
<branch type="ELSE">
<kw name="Log" library="BuiltIn">
<arg>From is: ${from}</arg>
<doc>Logs the given message with the given level.</doc>
<msg timestamp="20230111 12:15:33.969" level="INFO">From is: Coimbatore</msg>
<status status="PASS" starttime="20230111 12:15:33.969" endtime="20230111 12:15:33.969"/>
</kw>
<if>
<branch type="IF" condition="&quot;${To}&quot; == &quot;None&quot;">
<kw name="Evaluate" library="BuiltIn">
<var>${count}</var>
<arg>${count} + 1</arg>
<doc>Evaluates the given expression in Python and returns the result.</doc>
<status status="NOT RUN" starttime="20230111 12:15:33.970" endtime="20230111 12:15:33.971"/>
</kw>
<kw name="Set Variable" library="BuiltIn">
<var>${error_handling_To}</var>
<arg>No Destination Present</arg>
<doc>Returns the given values which can then be assigned to a variables.</doc>
<status status="NOT RUN" starttime="20230111 12:15:33.971" endtime="20230111 12:15:33.971"/>
</kw>
<kw name="Write Exception if Destination value not present">
<arg>${error_handling_To}</arg>
<arg>${count}</arg>
<status status="NOT RUN" starttime="20230111 12:15:33.972" endtime="20230111 12:15:33.972"/>
</kw>
<status status="NOT RUN" starttime="20230111 12:15:33.970" endtime="20230111 12:15:33.972"/>
</branch>
<branch type="ELSE">
<kw name="Log" library="BuiltIn">
<arg>Desination is : ${To}</arg>
<doc>Logs the given message with the given level.</doc>
<msg timestamp="20230111 12:15:33.975" level="INFO">Desination is : Madurai</msg>
<status status="PASS" starttime="20230111 12:15:33.974" endtime="20230111 12:15:33.975"/>
</kw>
<if>
<branch type="IF" condition="&quot;${Date}&quot; == &quot;None&quot;">
<kw name="Evaluate" library="BuiltIn">
<var>${count}</var>
<arg>${count} + 1</arg>
<doc>Evaluates the given expression in Python and returns the result.</doc>
<status status="NOT RUN" starttime="20230111 12:15:33.977" endtime="20230111 12:15:33.979"/>
</kw>
<kw name="Set Variable" library="BuiltIn">
<var>${error_handling_Date}</var>
<arg>No Date Present</arg>
<doc>Returns the given values which can then be assigned to a variables.</doc>
<status status="NOT RUN" starttime="20230111 12:15:33.980" endtime="20230111 12:15:33.981"/>
</kw>
<kw name="Write Exception if Date value not present">
<arg>${error_handling_Date}</arg>
<arg>${count}</arg>
<status status="NOT RUN" starttime="20230111 12:15:33.981" endtime="20230111 12:15:33.981"/>
</kw>
<status status="NOT RUN" starttime="20230111 12:15:33.976" endtime="20230111 12:15:33.981"/>
</branch>
<branch type="ELSE">
<kw name="Convert Date" library="DateTime">
<var>${formatted_date}</var>
<arg>${Date}</arg>
<arg>result_format=%d-%m-%Y</arg>
<doc>Converts between supported `date formats`.</doc>
<msg timestamp="20230111 12:15:33.983" level="INFO">${formatted_date} = 11-01-2023</msg>
<status status="PASS" starttime="20230111 12:15:33.982" endtime="20230111 12:15:33.984"/>
</kw>
<kw name="Log" library="BuiltIn">
<arg>Date is ${formatted_date}</arg>
<doc>Logs the given message with the given level.</doc>
<msg timestamp="20230111 12:15:33.985" level="INFO">Date is 11-01-2023</msg>
<status status="PASS" starttime="20230111 12:15:33.984" endtime="20230111 12:15:33.986"/>
</kw>
<if>
<branch type="IF" condition="'${formatteddate}' &gt;= '${current_date}'">
<kw name="Sleep" library="BuiltIn">
<arg>2s</arg>
<doc>Pauses the test executed for the given time.</doc>
<msg timestamp="20230111 12:15:35.994" level="INFO">Slept 2 seconds</msg>
<status status="PASS" starttime="20230111 12:15:33.987" endtime="20230111 12:15:35.995"/>
</kw>
<kw name="Input Text" library="RPA.Browser.Selenium">
<arg>//*[@id="source"]</arg>
<arg>${from}</arg>
<doc>Types the given ``text`` into the text field identified by ``locator``.</doc>
<msg timestamp="20230111 12:15:35.997" level="INFO">Typing text 'Coimbatore' into text field '//*[@id="source"]'.</msg>
<status status="PASS" starttime="20230111 12:15:35.995" endtime="20230111 12:15:36.211"/>
</kw>
<kw name="Sleep" library="BuiltIn">
<arg>2s</arg>
<doc>Pauses the test executed for the given time.</doc>
<msg timestamp="20230111 12:15:38.220" level="INFO">Slept 2 seconds</msg>
<status status="PASS" starttime="20230111 12:15:36.211" endtime="20230111 12:15:38.220"/>
</kw>
<kw name="Press Keys" library="RPA.Browser.Selenium">
<arg>//*[@id="source"]</arg>
<arg>ENTER</arg>
<doc>Simulates the user pressing key(s) to an element or on the active browser.</doc>
<msg timestamp="20230111 12:15:38.222" level="INFO">Sending key(s) ('ENTER',) to //*[@id="source"] element.</msg>
<msg timestamp="20230111 12:15:38.567" level="INFO">Pressing special key ENTER to element.</msg>
<msg timestamp="20230111 12:15:38.567" level="INFO">Releasing special key ENTER.</msg>
<status status="PASS" starttime="20230111 12:15:38.220" endtime="20230111 12:15:38.585"/>
</kw>
<kw name="Sleep" library="BuiltIn">
<arg>2s</arg>
<doc>Pauses the test executed for the given time.</doc>
<msg timestamp="20230111 12:15:40.600" level="INFO">Slept 2 seconds</msg>
<status status="PASS" starttime="20230111 12:15:38.586" endtime="20230111 12:15:40.600"/>
</kw>
<kw name="Input Text" library="RPA.Browser.Selenium">
<arg>//*[@id="destination"]</arg>
<arg>${To}</arg>
<doc>Types the given ``text`` into the text field identified by ``locator``.</doc>
<msg timestamp="20230111 12:15:40.600" level="INFO">Typing text 'Madurai' into text field '//*[@id="destination"]'.</msg>
<status status="PASS" starttime="20230111 12:15:40.600" endtime="20230111 12:15:40.764"/>
</kw>
<kw name="Sleep" library="BuiltIn">
<arg>2s</arg>
<doc>Pauses the test executed for the given time.</doc>
<msg timestamp="20230111 12:15:42.772" level="INFO">Slept 2 seconds</msg>
<status status="PASS" starttime="20230111 12:15:40.765" endtime="20230111 12:15:42.772"/>
</kw>
<kw name="Press Keys" library="RPA.Browser.Selenium">
<arg>//*[@id="destination"]</arg>
<arg>ENTER</arg>
<doc>Simulates the user pressing key(s) to an element or on the active browser.</doc>
<msg timestamp="20230111 12:15:42.774" level="INFO">Sending key(s) ('ENTER',) to //*[@id="destination"] element.</msg>
<msg timestamp="20230111 12:15:43.082" level="INFO">Pressing special key ENTER to element.</msg>
<msg timestamp="20230111 12:15:43.082" level="INFO">Releasing special key ENTER.</msg>
<status status="PASS" starttime="20230111 12:15:42.773" endtime="20230111 12:15:43.093"/>
</kw>
<kw name="Sleep" library="BuiltIn">
<arg>2s</arg>
<doc>Pauses the test executed for the given time.</doc>
<msg timestamp="20230111 12:15:45.097" level="INFO">Slept 2 seconds</msg>
<status status="PASS" starttime="20230111 12:15:43.094" endtime="20230111 12:15:45.097"/>
</kw>
<kw name="Click Button" library="RPA.Browser.Selenium">
<arg>//*[@id="datepicker1"]</arg>
<doc>Clicks the button identified by ``locator``.</doc>
<msg timestamp="20230111 12:15:45.099" level="INFO">Clicking button '//*[@id="datepicker1"]'.</msg>
<status status="PASS" starttime="20230111 12:15:45.098" endtime="20230111 12:15:45.242"/>
</kw>
<kw name="Click Element" library="RPA.Browser.Selenium">
<arg>alias:Date</arg>
<doc>Click the element identified by ``locator``.</doc>
<msg timestamp="20230111 12:15:45.245" level="INFO">Clicking element 'alias:Date'.</msg>
<status status="PASS" starttime="20230111 12:15:45.243" endtime="20230111 12:15:45.412"/>
</kw>
<kw name="Sleep" library="BuiltIn">
<arg>3s</arg>
<doc>Pauses the test executed for the given time.</doc>
<msg timestamp="20230111 12:15:48.426" level="INFO">Slept 3 seconds</msg>
<status status="PASS" starttime="20230111 12:15:45.413" endtime="20230111 12:15:48.426"/>
</kw>
<kw name="Input Text" library="RPA.Browser.Selenium">
<arg>datepicker1</arg>
<arg>${formatted_date}</arg>
<arg>clear=${true}</arg>
<doc>Types the given ``text`` into the text field identified by ``locator``.</doc>
<msg timestamp="20230111 12:15:48.429" level="INFO">Typing text '11-01-2023' into text field 'datepicker1'.</msg>
<status status="PASS" starttime="20230111 12:15:48.427" endtime="20230111 12:15:48.622"/>
</kw>
<kw name="Wait Until Element Is Visible" library="RPA.Browser.Selenium">
<arg>xpath=//a[@class="btn btn-main px-5 py-2 border-right-radius"]</arg>
<arg>20</arg>
<arg>seconds</arg>
<doc>Waits until the element ``locator`` is visible.</doc>
<status status="PASS" starttime="20230111 12:15:48.622" endtime="20230111 12:15:48.712"/>
</kw>
<kw name="Set Focus To Element" library="RPA.Browser.Selenium">
<arg>xpath=//a[@class="btn btn-main px-5 py-2 border-right-radius"]</arg>
<doc>Sets the focus to the element identified by ``locator``.</doc>
<status status="PASS" starttime="20230111 12:15:48.713" endtime="20230111 12:15:48.756"/>
</kw>
<kw name="Wait Until Keyword Succeeds" library="BuiltIn">
<arg>10x</arg>
<arg>0.2s</arg>
<arg>Click Element</arg>
<arg>xpath=//a[@class="btn btn-main px-5 py-2 border-right-radius"]</arg>
<doc>Runs the specified keyword and retries if it fails.</doc>
<kw name="Click Element" library="RPA.Browser.Selenium">
<arg>xpath=//a[@class="btn btn-main px-5 py-2 border-right-radius"]</arg>
<doc>Click the element identified by ``locator``.</doc>
<msg timestamp="20230111 12:15:48.761" level="INFO">Clicking element 'xpath=//a[@class="btn btn-main px-5 py-2 border-right-radius"]'.</msg>
<status status="PASS" starttime="20230111 12:15:48.758" endtime="20230111 12:15:57.004"/>
</kw>
<status status="PASS" starttime="20230111 12:15:48.757" endtime="20230111 12:15:57.005"/>
</kw>
<kw name="Wait Until Element Is Enabled" library="RPA.Browser.Selenium">
<arg>//*[@id="filterPos1"]/div/div[1]/div[1]/div/span[1]</arg>
<doc>Waits until the element ``locator`` is enabled.</doc>
<status status="PASS" starttime="20230111 12:15:57.006" endtime="20230111 12:15:57.073"/>
</kw>
<kw name="Sleep" library="BuiltIn">
<arg>10s</arg>
<doc>Pauses the test executed for the given time.</doc>
<msg timestamp="20230111 12:16:07.078" level="INFO">Slept 10 seconds</msg>
<status status="PASS" starttime="20230111 12:15:57.074" endtime="20230111 12:16:07.079"/>
</kw>
<kw name="Does Page Contain Element" library="RPA.Browser.Selenium">
<var>${resultPresent}</var>
<arg>xpath=//h2[@class="TravelAgntNm ng-binding"]</arg>
<doc>Does page contain expected element</doc>
<msg timestamp="20230111 12:16:07.102" level="INFO">Current page contains element 'xpath=//h2[@class="TravelAgntNm ng-binding"]'.</msg>
<msg timestamp="20230111 12:16:07.103" level="INFO">${resultPresent} = True</msg>
<status status="PASS" starttime="20230111 12:16:07.080" endtime="20230111 12:16:07.103"/>
</kw>
<if>
<branch type="IF" condition="${resultPresent} == ${True}">
<kw name="Evaluate" library="BuiltIn">
<var>${count}</var>
<arg>${count} + 1</arg>
<doc>Evaluates the given expression in Python and returns the result.</doc>
<msg timestamp="20230111 12:16:07.107" level="INFO">${count} = 2</msg>
<status status="PASS" starttime="20230111 12:16:07.106" endtime="20230111 12:16:07.108"/>
</kw>
<kw name="Click Element" library="RPA.Browser.Selenium">
<arg>xpath=//span[@class="sort-price-up"]</arg>
<doc>Click the element identified by ``locator``.</doc>
<msg timestamp="20230111 12:16:07.109" level="INFO">Clicking element 'xpath=//span[@class="sort-price-up"]'.</msg>
<status status="PASS" starttime="20230111 12:16:07.108" endtime="20230111 12:16:08.428"/>
</kw>
<kw name="First element">
<var>${list}</var>
<kw name="Create List" library="BuiltIn">
<var>${list}</var>
<doc>Returns a list containing given items.</doc>
<msg timestamp="20230111 12:16:08.429" level="INFO">${list} = []</msg>
<status status="PASS" starttime="20230111 12:16:08.429" endtime="20230111 12:16:08.430"/>
</kw>
<kw name="Get WebElements" library="RPA.Browser.Selenium">
<var>${bus}</var>
<arg>xpath=//h2[@class="TravelAgntNm ng-binding"]</arg>
<doc>Returns a list of WebElement objects matching the ``locator``.</doc>
<msg timestamp="20230111 12:16:08.441" level="INFO">${bus} = [&lt;selenium.webdriver.remote.webelement.WebElement (session="12c5264ed6b75d0ab640fdb666400e14", element="75002bc4-5f30-4521-b697-e46a1f2f742d")&gt;, &lt;selenium.webdriver.remote.webelement.WebElement (sessi...</msg>
<status status="PASS" starttime="20230111 12:16:08.431" endtime="20230111 12:16:08.441"/>
</kw>
<kw name="Get WebElement" library="RPA.Browser.Selenium">
<var>${bus_name_First_element}</var>
<arg>${bus}[0]</arg>
<doc>Returns the first WebElement matching the given ``locator``.</doc>
<msg timestamp="20230111 12:16:08.444" level="INFO">${bus_name_First_element} = &lt;selenium.webdriver.remote.webelement.WebElement (session="12c5264ed6b75d0ab640fdb666400e14", element="75002bc4-5f30-4521-b697-e46a1f2f742d")&gt;</msg>
<status status="PASS" starttime="20230111 12:16:08.442" endtime="20230111 12:16:08.444"/>
</kw>
<kw name="Get Text" library="RPA.Browser.Selenium">
<var>${bus_name}</var>
<arg>${bus_name_First_element}</arg>
<doc>Returns the text value of the element identified by ``locator``.</doc>
<msg timestamp="20230111 12:16:08.491" level="INFO">${bus_name} = SRI BHAGYALAKSHMI TRAVELS</msg>
<status status="PASS" starttime="20230111 12:16:08.444" endtime="20230111 12:16:08.491"/>
</kw>
<kw name="Get WebElements" library="RPA.Browser.Selenium">
<var>${price}</var>
<arg>xpath=//strong[@class="TickRate ng-binding"]</arg>
<doc>Returns a list of WebElement objects matching the ``locator``.</doc>
<msg timestamp="20230111 12:16:08.506" level="INFO">${price} = [&lt;selenium.webdriver.remote.webelement.WebElement (session="12c5264ed6b75d0ab640fdb666400e14", element="b224fba4-a93e-4c18-9d63-9833f0f6a2cc")&gt;, &lt;selenium.webdriver.remote.webelement.WebElement (sessi...</msg>
<status status="PASS" starttime="20230111 12:16:08.492" endtime="20230111 12:16:08.506"/>
</kw>
<kw name="Get WebElement" library="RPA.Browser.Selenium">
<var>${price_First_element}</var>
<arg>${price}[0]</arg>
<doc>Returns the first WebElement matching the given ``locator``.</doc>
<msg timestamp="20230111 12:16:08.507" level="INFO">${price_First_element} = &lt;selenium.webdriver.remote.webelement.WebElement (session="12c5264ed6b75d0ab640fdb666400e14", element="b224fba4-a93e-4c18-9d63-9833f0f6a2cc")&gt;</msg>
<status status="PASS" starttime="20230111 12:16:08.506" endtime="20230111 12:16:08.507"/>
</kw>
<kw name="Get Text" library="RPA.Browser.Selenium">
<var>${Amount}</var>
<arg>${price_First_element}</arg>
<doc>Returns the text value of the element identified by ``locator``.</doc>
<msg timestamp="20230111 12:16:08.521" level="INFO">${Amount} = 1500 </msg>
<status status="PASS" starttime="20230111 12:16:08.507" endtime="20230111 12:16:08.522"/>
</kw>
<kw name="Get WebElements" library="RPA.Browser.Selenium">
<var>${strTime}</var>
<arg>xpath=//span[@class="StrtTm tooltipsteredBoarding ng-binding tooltipstered"]</arg>
<doc>Returns a list of WebElement objects matching the ``locator``.</doc>
<msg timestamp="20230111 12:16:08.537" level="INFO">${strTime} = [&lt;selenium.webdriver.remote.webelement.WebElement (session="12c5264ed6b75d0ab640fdb666400e14", element="7e85e65a-0054-43a8-88a7-fa0caba487dc")&gt;, &lt;selenium.webdriver.remote.webelement.WebElement (sessi...</msg>
<status status="PASS" starttime="20230111 12:16:08.523" endtime="20230111 12:16:08.538"/>
</kw>
<kw name="Get WebElement" library="RPA.Browser.Selenium">
<var>${strTime_First_element}</var>
<arg>${strTime}[0]</arg>
<doc>Returns the first WebElement matching the given ``locator``.</doc>
<msg timestamp="20230111 12:16:08.540" level="INFO">${strTime_First_element} = &lt;selenium.webdriver.remote.webelement.WebElement (session="12c5264ed6b75d0ab640fdb666400e14", element="7e85e65a-0054-43a8-88a7-fa0caba487dc")&gt;</msg>
<status status="PASS" starttime="20230111 12:16:08.538" endtime="20230111 12:16:08.541"/>
</kw>
<kw name="Get Text" library="RPA.Browser.Selenium">
<var>${startTime}</var>
<arg>${strTime_First_element}</arg>
<doc>Returns the text value of the element identified by ``locator``.</doc>
<msg timestamp="20230111 12:16:08.555" level="INFO">${startTime} = 21:45</msg>
<status status="PASS" starttime="20230111 12:16:08.541" endtime="20230111 12:16:08.555"/>
</kw>
<kw name="Get WebElements" library="RPA.Browser.Selenium">
<var>${ArrTime}</var>
<arg>xpath=//span[@class="ArvTm tooltipsteredDropping ng-binding tooltipstered"]</arg>
<doc>Returns a list of WebElement objects matching the ``locator``.</doc>
<msg timestamp="20230111 12:16:08.574" level="INFO">${ArrTime} = [&lt;selenium.webdriver.remote.webelement.WebElement (session="12c5264ed6b75d0ab640fdb666400e14", element="9f38fcaa-5dac-4568-972d-5404c19ac167")&gt;, &lt;selenium.webdriver.remote.webelement.WebElement (sessi...</msg>
<status status="PASS" starttime="20230111 12:16:08.556" endtime="20230111 12:16:08.574"/>
</kw>
<kw name="Get WebElement" library="RPA.Browser.Selenium">
<var>${ArrTime_First_element}</var>
<arg>${ArrTime}[0]</arg>
<doc>Returns the first WebElement matching the given ``locator``.</doc>
<msg timestamp="20230111 12:16:08.575" level="INFO">${ArrTime_First_element} = &lt;selenium.webdriver.remote.webelement.WebElement (session="12c5264ed6b75d0ab640fdb666400e14", element="9f38fcaa-5dac-4568-972d-5404c19ac167")&gt;</msg>
<status status="PASS" starttime="20230111 12:16:08.575" endtime="20230111 12:16:08.575"/>
</kw>
<kw name="Get Text" library="RPA.Browser.Selenium">
<var>${ArrivalTime}</var>
<arg>${ArrTime_First_element}</arg>
<doc>Returns the text value of the element identified by ``locator``.</doc>
<msg timestamp="20230111 12:16:08.593" level="INFO">${ArrivalTime} = 02:15</msg>
<status status="PASS" starttime="20230111 12:16:08.575" endtime="20230111 12:16:08.593"/>
</kw>
<kw name="Get WebElements" library="RPA.Browser.Selenium">
<var>${Rat}</var>
<arg>xpath=//span[@class="rating-sec ng-binding"]</arg>
<doc>Returns a list of WebElement objects matching the ``locator``.</doc>
<msg timestamp="20230111 12:16:08.609" level="INFO">${Rat} = [&lt;selenium.webdriver.remote.webelement.WebElement (session="12c5264ed6b75d0ab640fdb666400e14", element="2c042dcf-0e31-49c9-b6b3-8b345766086d")&gt;, &lt;selenium.webdriver.remote.webelement.WebElement (sessi...</msg>
<status status="PASS" starttime="20230111 12:16:08.594" endtime="20230111 12:16:08.610"/>
</kw>
<try>
<branch type="TRY">
<kw name="Get WebElement" library="RPA.Browser.Selenium">
<var>${Rat_First_element}</var>
<arg>${Rat}[0]</arg>
<doc>Returns the first WebElement matching the given ``locator``.</doc>
<msg timestamp="20230111 12:16:08.612" level="INFO">${Rat_First_element} = &lt;selenium.webdriver.remote.webelement.WebElement (session="12c5264ed6b75d0ab640fdb666400e14", element="2c042dcf-0e31-49c9-b6b3-8b345766086d")&gt;</msg>
<status status="PASS" starttime="20230111 12:16:08.611" endtime="20230111 12:16:08.612"/>
</kw>
<kw name="Get Text" library="RPA.Browser.Selenium">
<var>${Rating}</var>
<arg>${Rat_First_element}</arg>
<doc>Returns the text value of the element identified by ``locator``.</doc>
<msg timestamp="20230111 12:16:08.630" level="INFO">${Rating} = 3.6</msg>
<status status="PASS" starttime="20230111 12:16:08.613" endtime="20230111 12:16:08.630"/>
</kw>
<status status="PASS" starttime="20230111 12:16:08.610" endtime="20230111 12:16:08.630"/>
</branch>
<branch type="EXCEPT">
<pattern>message</pattern>
<kw name="Set Variable" library="BuiltIn">
<var>${rating}</var>
<arg>no rating</arg>
<doc>Returns the given values which can then be assigned to a variables.</doc>
<status status="NOT RUN" starttime="20230111 12:16:08.632" endtime="20230111 12:16:08.632"/>
</kw>
<status status="NOT RUN" starttime="20230111 12:16:08.631" endtime="20230111 12:16:08.632"/>
</branch>
<status status="PASS" starttime="20230111 12:16:08.610" endtime="20230111 12:16:08.632"/>
</try>
<kw name="Append To List" library="Collections">
<arg>${list}</arg>
<arg>${bus_name}</arg>
<arg>${startTime}</arg>
<arg>${ArrivalTime}</arg>
<arg>${Rating}</arg>
<arg>${Amount}</arg>
<doc>Adds ``values`` to the end of ``list``.</doc>
<status status="PASS" starttime="20230111 12:16:08.633" endtime="20230111 12:16:08.635"/>
</kw>
<return>
<value>${list}</value>
<status status="PASS" starttime="20230111 12:16:08.635" endtime="20230111 12:16:08.635"/>
</return>
<msg timestamp="20230111 12:16:08.636" level="INFO">${list} = ['SRI BHAGYALAKSHMI TRAVELS', '21:45', '02:15', '3.6', '1500 ']</msg>
<status status="PASS" starttime="20230111 12:16:08.428" endtime="20230111 12:16:08.637"/>
</kw>
<kw name=" Second Element">
<var>${list1}</var>
<kw name="Create List" library="BuiltIn">
<var>${list1}</var>
<doc>Returns a list containing given items.</doc>
<msg timestamp="20230111 12:16:08.640" level="INFO">${list1} = []</msg>
<status status="PASS" starttime="20230111 12:16:08.639" endtime="20230111 12:16:08.641"/>
</kw>
<kw name="Get WebElements" library="RPA.Browser.Selenium">
<var>${bus}</var>
<arg>xpath=//h2[@class="TravelAgntNm ng-binding"]</arg>
<doc>Returns a list of WebElement objects matching the ``locator``.</doc>
<msg timestamp="20230111 12:16:08.659" level="INFO">${bus} = [&lt;selenium.webdriver.remote.webelement.WebElement (session="12c5264ed6b75d0ab640fdb666400e14", element="75002bc4-5f30-4521-b697-e46a1f2f742d")&gt;, &lt;selenium.webdriver.remote.webelement.WebElement (sessi...</msg>
<status status="PASS" starttime="20230111 12:16:08.641" endtime="20230111 12:16:08.659"/>
</kw>
<kw name="Get WebElement" library="RPA.Browser.Selenium">
<var>${bus_name_Second_element}</var>
<arg>${bus}[1]</arg>
<doc>Returns the first WebElement matching the given ``locator``.</doc>
<msg timestamp="20230111 12:16:08.662" level="INFO">${bus_name_Second_element} = &lt;selenium.webdriver.remote.webelement.WebElement (session="12c5264ed6b75d0ab640fdb666400e14", element="4ea899a9-f0ac-4ba4-aa6d-c7cba08af502")&gt;</msg>
<status status="PASS" starttime="20230111 12:16:08.660" endtime="20230111 12:16:08.662"/>
</kw>
<kw name="Get Text" library="RPA.Browser.Selenium">
<var>${bus_name}</var>
<arg>${bus_name_Second_element}</arg>
<doc>Returns the text value of the element identified by ``locator``.</doc>
<msg timestamp="20230111 12:16:08.683" level="INFO">${bus_name} = ARTHI TRAVELS</msg>
<status status="PASS" starttime="20230111 12:16:08.663" endtime="20230111 12:16:08.683"/>
</kw>
<kw name="Get WebElements" library="RPA.Browser.Selenium">
<var>${price}</var>
<arg>xpath=//strong[@class="TickRate ng-binding"]</arg>
<doc>Returns a list of WebElement objects matching the ``locator``.</doc>
<msg timestamp="20230111 12:16:08.699" level="INFO">${price} = [&lt;selenium.webdriver.remote.webelement.WebElement (session="12c5264ed6b75d0ab640fdb666400e14", element="b224fba4-a93e-4c18-9d63-9833f0f6a2cc")&gt;, &lt;selenium.webdriver.remote.webelement.WebElement (sessi...</msg>
<status status="PASS" starttime="20230111 12:16:08.684" endtime="20230111 12:16:08.699"/>
</kw>
<kw name="Get WebElement" library="RPA.Browser.Selenium">
<var>${price_Second_element}</var>
<arg>${price}[1]</arg>
<doc>Returns the first WebElement matching the given ``locator``.</doc>
<msg timestamp="20230111 12:16:08.701" level="INFO">${price_Second_element} = &lt;selenium.webdriver.remote.webelement.WebElement (session="12c5264ed6b75d0ab640fdb666400e14", element="638e96db-8be8-4cd2-858c-8c4b558ed8e9")&gt;</msg>
<status status="PASS" starttime="20230111 12:16:08.700" endtime="20230111 12:16:08.701"/>
</kw>
<kw name="Get Text" library="RPA.Browser.Selenium">
<var>${Amount}</var>
<arg>${price_Second_element}</arg>
<doc>Returns the text value of the element identified by ``locator``.</doc>
<msg timestamp="20230111 12:16:08.717" level="INFO">${Amount} = 1500 </msg>
<status status="PASS" starttime="20230111 12:16:08.701" endtime="20230111 12:16:08.717"/>
</kw>
<kw name="Get WebElements" library="RPA.Browser.Selenium">
<var>${strTime}</var>
<arg>xpath=//span[@class="StrtTm tooltipsteredBoarding ng-binding tooltipstered"]</arg>
<doc>Returns a list of WebElement objects matching the ``locator``.</doc>
<msg timestamp="20230111 12:16:08.755" level="INFO">${strTime} = [&lt;selenium.webdriver.remote.webelement.WebElement (session="12c5264ed6b75d0ab640fdb666400e14", element="7e85e65a-0054-43a8-88a7-fa0caba487dc")&gt;, &lt;selenium.webdriver.remote.webelement.WebElement (sessi...</msg>
<status status="PASS" starttime="20230111 12:16:08.718" endtime="20230111 12:16:08.755"/>
</kw>
<kw name="Get WebElement" library="RPA.Browser.Selenium">
<var>${strTime_Second_element}</var>
<arg>${strTime}[1]</arg>
<doc>Returns the first WebElement matching the given ``locator``.</doc>
<msg timestamp="20230111 12:16:08.756" level="INFO">${strTime_Second_element} = &lt;selenium.webdriver.remote.webelement.WebElement (session="12c5264ed6b75d0ab640fdb666400e14", element="3a56f31c-c328-4623-ac78-83ab4da36ff6")&gt;</msg>
<status status="PASS" starttime="20230111 12:16:08.755" endtime="20230111 12:16:08.756"/>
</kw>
<kw name="Get Text" library="RPA.Browser.Selenium">
<var>${startTime}</var>
<arg>${strTime_Second_element}</arg>
<doc>Returns the text value of the element identified by ``locator``.</doc>
<msg timestamp="20230111 12:16:08.777" level="INFO">${startTime} = 22:30</msg>
<status status="PASS" starttime="20230111 12:16:08.757" endtime="20230111 12:16:08.778"/>
</kw>
<kw name="Get WebElements" library="RPA.Browser.Selenium">
<var>${ArrTime}</var>
<arg>xpath=//span[@class="ArvTm tooltipsteredDropping ng-binding tooltipstered"]</arg>
<doc>Returns a list of WebElement objects matching the ``locator``.</doc>
<msg timestamp="20230111 12:16:08.793" level="INFO">${ArrTime} = [&lt;selenium.webdriver.remote.webelement.WebElement (session="12c5264ed6b75d0ab640fdb666400e14", element="9f38fcaa-5dac-4568-972d-5404c19ac167")&gt;, &lt;selenium.webdriver.remote.webelement.WebElement (sessi...</msg>
<status status="PASS" starttime="20230111 12:16:08.778" endtime="20230111 12:16:08.794"/>
</kw>
<kw name="Get WebElement" library="RPA.Browser.Selenium">
<var>${ArrTime_Second_element}</var>
<arg>${ArrTime}[1]</arg>
<doc>Returns the first WebElement matching the given ``locator``.</doc>
<msg timestamp="20230111 12:16:08.795" level="INFO">${ArrTime_Second_element} = &lt;selenium.webdriver.remote.webelement.WebElement (session="12c5264ed6b75d0ab640fdb666400e14", element="b5e63b06-caec-4d6a-9f63-6a9cc0d0f1dd")&gt;</msg>
<status status="PASS" starttime="20230111 12:16:08.794" endtime="20230111 12:16:08.796"/>
</kw>
<kw name="Get Text" library="RPA.Browser.Selenium">
<var>${ArrivalTime}</var>
<arg>${ArrTime_Second_element}</arg>
<doc>Returns the text value of the element identified by ``locator``.</doc>
<msg timestamp="20230111 12:16:08.813" level="INFO">${ArrivalTime} = 03:15</msg>
<status status="PASS" starttime="20230111 12:16:08.796" endtime="20230111 12:16:08.813"/>
</kw>
<kw name="Get WebElements" library="RPA.Browser.Selenium">
<var>${Rat}</var>
<arg>xpath=//span[@class="rating-sec ng-binding"]</arg>
<doc>Returns a list of WebElement objects matching the ``locator``.</doc>
<msg timestamp="20230111 12:16:08.824" level="INFO">${Rat} = [&lt;selenium.webdriver.remote.webelement.WebElement (session="12c5264ed6b75d0ab640fdb666400e14", element="2c042dcf-0e31-49c9-b6b3-8b345766086d")&gt;, &lt;selenium.webdriver.remote.webelement.WebElement (sessi...</msg>
<status status="PASS" starttime="20230111 12:16:08.813" endtime="20230111 12:16:08.824"/>
</kw>
<try>
<branch type="TRY">
<kw name="Get WebElement" library="RPA.Browser.Selenium">
<var>${Rat_Second_element}</var>
<arg>${Rat}[1]</arg>
<doc>Returns the first WebElement matching the given ``locator``.</doc>
<msg timestamp="20230111 12:16:08.826" level="INFO">${Rat_Second_element} = &lt;selenium.webdriver.remote.webelement.WebElement (session="12c5264ed6b75d0ab640fdb666400e14", element="77055405-3492-4576-81f1-5beb0a7baf0e")&gt;</msg>
<status status="PASS" starttime="20230111 12:16:08.825" endtime="20230111 12:16:08.826"/>
</kw>
<kw name="Get Text" library="RPA.Browser.Selenium">
<var>${Rating}</var>
<arg>${Rat_Second_element}</arg>
<doc>Returns the text value of the element identified by ``locator``.</doc>
<msg timestamp="20230111 12:16:08.842" level="INFO">${Rating} = 4.2</msg>
<status status="PASS" starttime="20230111 12:16:08.826" endtime="20230111 12:16:08.842"/>
</kw>
<status status="PASS" starttime="20230111 12:16:08.825" endtime="20230111 12:16:08.842"/>
</branch>
<branch type="EXCEPT">
<pattern>message</pattern>
<kw name="Set Variable" library="BuiltIn">
<var>${rating}</var>
<arg>no rating</arg>
<doc>Returns the given values which can then be assigned to a variables.</doc>
<status status="NOT RUN" starttime="20230111 12:16:08.843" endtime="20230111 12:16:08.843"/>
</kw>
<status status="NOT RUN" starttime="20230111 12:16:08.843" endtime="20230111 12:16:08.843"/>
</branch>
<status status="PASS" starttime="20230111 12:16:08.825" endtime="20230111 12:16:08.843"/>
</try>
<kw name="Append To List" library="Collections">
<arg>${list1}</arg>
<arg>${bus_name}</arg>
<arg>${startTime}</arg>
<arg>${ArrivalTime}</arg>
<arg>${Rating}</arg>
<arg>${Amount}</arg>
<doc>Adds ``values`` to the end of ``list``.</doc>
<status status="PASS" starttime="20230111 12:16:08.843" endtime="20230111 12:16:08.846"/>
</kw>
<return>
<value>${list1}</value>
<status status="PASS" starttime="20230111 12:16:08.846" endtime="20230111 12:16:08.847"/>
</return>
<msg timestamp="20230111 12:16:08.848" level="INFO">${list1} = ['ARTHI TRAVELS', '22:30', '03:15', '4.2', '1500 ']</msg>
<status status="PASS" starttime="20230111 12:16:08.637" endtime="20230111 12:16:08.849"/>
</kw>
<kw name="Write result in excel">
<arg>${list}</arg>
<arg>${list1}</arg>
<arg>${from}</arg>
<arg>${To}</arg>
<kw name="Open Workbook" library="RPA.Excel.Files">
<arg>AbhibusOutput.xlsx</arg>
<doc>Open an existing Excel workbook.</doc>
<msg timestamp="20230111 12:16:08.854" level="INFO">Closing workbook: &lt;RPA.Excel.Files.XlsxWorkbook object at 0x000002A46BFECBB0&gt;</msg>
<msg timestamp="20230111 12:16:08.871" level="INFO">Opened workbook: &lt;RPA.Excel.Files.XlsxWorkbook object at 0x000002A46BE6D5B0&gt;</msg>
<status status="PASS" starttime="20230111 12:16:08.853" endtime="20230111 12:16:08.872"/>
</kw>
<kw name="Worksheet Exists" library="RPA.Excel.Files">
<var>${sheet exist}</var>
<arg>${from}-${To} Highest price</arg>
<doc>Return True if worksheet with given name is in workbook.</doc>
<msg timestamp="20230111 12:16:08.873" level="INFO">${sheet exist} = False</msg>
<status status="PASS" starttime="20230111 12:16:08.872" endtime="20230111 12:16:08.873"/>
</kw>
<if>
<branch type="IF" condition="${sheet_exist} == False">
<kw name="Create Worksheet" library="RPA.Excel.Files">
<arg>${from}-${To} Highest price</arg>
<doc>Create a new worksheet in the current workbook.</doc>
<msg timestamp="20230111 12:16:08.880" level="INFO">c:\ProgramData\robocorp\ht\27e6cf6_b1f3c24_1c0bc041\lib\site-packages\openpyxl\workbook\child.py:99: UserWarning: Title is more than 31 characters. Some applications may not be able to read the file
  warnings.warn("Title is more than 31 characters. Some applications may not be able to read the file")</msg>
<status status="PASS" starttime="20230111 12:16:08.876" endtime="20230111 12:16:08.883"/>
</kw>
<kw name="Read Worksheet" library="RPA.Excel.Files">
<arg>${from}-${To} Highest price</arg>
<doc>Read the content of a worksheet into a list of dictionaries.</doc>
<status status="PASS" starttime="20230111 12:16:08.883" endtime="20230111 12:16:08.886"/>
</kw>
<kw name="Set Cell Value" library="RPA.Excel.Files">
<arg>1</arg>
<arg>A</arg>
<arg>Bus name</arg>
<doc>Set a cell value in the given worksheet.</doc>
<status status="PASS" starttime="20230111 12:16:08.887" endtime="20230111 12:16:08.888"/>
</kw>
<kw name="Set Cell Value" library="RPA.Excel.Files">
<arg>1</arg>
<arg>B</arg>
<arg>Starting Time</arg>
<doc>Set a cell value in the given worksheet.</doc>
<status status="PASS" starttime="20230111 12:16:08.889" endtime="20230111 12:16:08.890"/>
</kw>
<kw name="Set Cell Value" library="RPA.Excel.Files">
<arg>1</arg>
<arg>C</arg>
<arg>Arrival Time</arg>
<doc>Set a cell value in the given worksheet.</doc>
<status status="PASS" starttime="20230111 12:16:08.891" endtime="20230111 12:16:08.892"/>
</kw>
<kw name="Set Cell Value" library="RPA.Excel.Files">
<arg>1</arg>
<arg>D</arg>
<arg>Rating</arg>
<doc>Set a cell value in the given worksheet.</doc>
<status status="PASS" starttime="20230111 12:16:08.892" endtime="20230111 12:16:08.892"/>
</kw>
<kw name="Set Cell Value" library="RPA.Excel.Files">
<arg>1</arg>
<arg>E</arg>
<arg>Price</arg>
<doc>Set a cell value in the given worksheet.</doc>
<status status="PASS" starttime="20230111 12:16:08.893" endtime="20230111 12:16:08.894"/>
</kw>
<kw name="Set Cell Value" library="RPA.Excel.Files">
<arg>2</arg>
<arg>A</arg>
<arg>${list}[0]</arg>
<doc>Set a cell value in the given worksheet.</doc>
<status status="PASS" starttime="20230111 12:16:08.895" endtime="20230111 12:16:08.897"/>
</kw>
<kw name="Set Cell Value" library="RPA.Excel.Files">
<arg>2</arg>
<arg>B</arg>
<arg>${list}[1]</arg>
<doc>Set a cell value in the given worksheet.</doc>
<status status="PASS" starttime="20230111 12:16:08.897" endtime="20230111 12:16:08.899"/>
</kw>
<kw name="Set Cell Value" library="RPA.Excel.Files">
<arg>2</arg>
<arg>C</arg>
<arg>${list}[2]</arg>
<doc>Set a cell value in the given worksheet.</doc>
<status status="PASS" starttime="20230111 12:16:08.899" endtime="20230111 12:16:08.900"/>
</kw>
<kw name="Set Cell Value" library="RPA.Excel.Files">
<arg>2</arg>
<arg>D</arg>
<arg>${list}[3]</arg>
<doc>Set a cell value in the given worksheet.</doc>
<status status="PASS" starttime="20230111 12:16:08.900" endtime="20230111 12:16:08.902"/>
</kw>
<kw name="Set Cell Value" library="RPA.Excel.Files">
<arg>2</arg>
<arg>E</arg>
<arg>${list}[4]</arg>
<doc>Set a cell value in the given worksheet.</doc>
<status status="PASS" starttime="20230111 12:16:08.903" endtime="20230111 12:16:08.905"/>
</kw>
<kw name="Set Cell Value" library="RPA.Excel.Files">
<arg>3</arg>
<arg>A</arg>
<arg>${list1}[0]</arg>
<doc>Set a cell value in the given worksheet.</doc>
<status status="PASS" starttime="20230111 12:16:08.905" endtime="20230111 12:16:08.907"/>
</kw>
<kw name="Set Cell Value" library="RPA.Excel.Files">
<arg>3</arg>
<arg>B</arg>
<arg>${list1}[1]</arg>
<doc>Set a cell value in the given worksheet.</doc>
<status status="PASS" starttime="20230111 12:16:08.908" endtime="20230111 12:16:08.910"/>
</kw>
<kw name="Set Cell Value" library="RPA.Excel.Files">
<arg>3</arg>
<arg>C</arg>
<arg>${list1}[2]</arg>
<doc>Set a cell value in the given worksheet.</doc>
<status status="PASS" starttime="20230111 12:16:08.910" endtime="20230111 12:16:08.917"/>
</kw>
<kw name="Set Cell Value" library="RPA.Excel.Files">
<arg>3</arg>
<arg>D</arg>
<arg>${list1}[3]</arg>
<doc>Set a cell value in the given worksheet.</doc>
<status status="PASS" starttime="20230111 12:16:08.917" endtime="20230111 12:16:08.920"/>
</kw>
<kw name="Set Cell Value" library="RPA.Excel.Files">
<arg>3</arg>
<arg>E</arg>
<arg>${list1}[4]</arg>
<doc>Set a cell value in the given worksheet.</doc>
<status status="PASS" starttime="20230111 12:16:08.921" endtime="20230111 12:16:08.922"/>
</kw>
<kw name="Save Workbook" library="RPA.Excel.Files">
<doc>Save the active workbook.</doc>
<status status="PASS" starttime="20230111 12:16:08.922" endtime="20230111 12:16:08.981"/>
</kw>
<status status="PASS" starttime="20230111 12:16:08.875" endtime="20230111 12:16:08.982"/>
</branch>
<branch type="ELSE">
<kw name="Read Worksheet" library="RPA.Excel.Files">
<arg>${from}-${To} Highest price</arg>
<arg>overwrite=True</arg>
<doc>Read the content of a worksheet into a list of dictionaries.</doc>
<status status="NOT RUN" starttime="20230111 12:16:09.017" endtime="20230111 12:16:09.019"/>
</kw>
<kw name="Set Cell Value" library="RPA.Excel.Files">
<arg>1</arg>
<arg>A</arg>
<arg>Bus name</arg>
<doc>Set a cell value in the given worksheet.</doc>
<status status="NOT RUN" starttime="20230111 12:16:09.019" endtime="20230111 12:16:09.020"/>
</kw>
<kw name="Set Cell Value" library="RPA.Excel.Files">
<arg>1</arg>
<arg>B</arg>
<arg>Starting Time</arg>
<doc>Set a cell value in the given worksheet.</doc>
<status status="NOT RUN" starttime="20230111 12:16:09.020" endtime="20230111 12:16:09.021"/>
</kw>
<kw name="Set Cell Value" library="RPA.Excel.Files">
<arg>1</arg>
<arg>C</arg>
<arg>Arrival Time</arg>
<doc>Set a cell value in the given worksheet.</doc>
<status status="NOT RUN" starttime="20230111 12:16:09.022" endtime="20230111 12:16:09.022"/>
</kw>
<kw name="Set Cell Value" library="RPA.Excel.Files">
<arg>1</arg>
<arg>D</arg>
<arg>Rating</arg>
<doc>Set a cell value in the given worksheet.</doc>
<status status="NOT RUN" starttime="20230111 12:16:09.023" endtime="20230111 12:16:09.023"/>
</kw>
<kw name="Set Cell Value" library="RPA.Excel.Files">
<arg>1</arg>
<arg>E</arg>
<arg>Price</arg>
<doc>Set a cell value in the given worksheet.</doc>
<status status="NOT RUN" starttime="20230111 12:16:09.023" endtime="20230111 12:16:09.023"/>
</kw>
<kw name="Set Cell Value" library="RPA.Excel.Files">
<arg>2</arg>
<arg>A</arg>
<arg>${list}[0]</arg>
<doc>Set a cell value in the given worksheet.</doc>
<status status="NOT RUN" starttime="20230111 12:16:09.024" endtime="20230111 12:16:09.024"/>
</kw>
<kw name="Set Cell Value" library="RPA.Excel.Files">
<arg>2</arg>
<arg>B</arg>
<arg>${list}[1]</arg>
<doc>Set a cell value in the given worksheet.</doc>
<status status="NOT RUN" starttime="20230111 12:16:09.024" endtime="20230111 12:16:09.025"/>
</kw>
<kw name="Set Cell Value" library="RPA.Excel.Files">
<arg>2</arg>
<arg>C</arg>
<arg>${list}[2]</arg>
<doc>Set a cell value in the given worksheet.</doc>
<status status="NOT RUN" starttime="20230111 12:16:09.025" endtime="20230111 12:16:09.026"/>
</kw>
<kw name="Set Cell Value" library="RPA.Excel.Files">
<arg>2</arg>
<arg>D</arg>
<arg>${list}[3]</arg>
<doc>Set a cell value in the given worksheet.</doc>
<status status="NOT RUN" starttime="20230111 12:16:09.026" endtime="20230111 12:16:09.027"/>
</kw>
<kw name="Set Cell Value" library="RPA.Excel.Files">
<arg>2</arg>
<arg>E</arg>
<arg>${list}[4]</arg>
<doc>Set a cell value in the given worksheet.</doc>
<status status="NOT RUN" starttime="20230111 12:16:09.027" endtime="20230111 12:16:09.028"/>
</kw>
<kw name="Set Cell Value" library="RPA.Excel.Files">
<arg>3</arg>
<arg>A</arg>
<arg>${list1}[0]</arg>
<doc>Set a cell value in the given worksheet.</doc>
<status status="NOT RUN" starttime="20230111 12:16:09.029" endtime="20230111 12:16:09.029"/>
</kw>
<kw name="Set Cell Value" library="RPA.Excel.Files">
<arg>3</arg>
<arg>B</arg>
<arg>${list1}[1]</arg>
<doc>Set a cell value in the given worksheet.</doc>
<status status="NOT RUN" starttime="20230111 12:16:09.030" endtime="20230111 12:16:09.030"/>
</kw>
<kw name="Set Cell Value" library="RPA.Excel.Files">
<arg>3</arg>
<arg>C</arg>
<arg>${list1}[2]</arg>
<doc>Set a cell value in the given worksheet.</doc>
<status status="NOT RUN" starttime="20230111 12:16:09.031" endtime="20230111 12:16:09.031"/>
</kw>
<kw name="Set Cell Value" library="RPA.Excel.Files">
<arg>3</arg>
<arg>D</arg>
<arg>${list1}[3]</arg>
<doc>Set a cell value in the given worksheet.</doc>
<status status="NOT RUN" starttime="20230111 12:16:09.031" endtime="20230111 12:16:09.032"/>
</kw>
<kw name="Set Cell Value" library="RPA.Excel.Files">
<arg>3</arg>
<arg>E</arg>
<arg>${list1}[4]</arg>
<doc>Set a cell value in the given worksheet.</doc>
<status status="NOT RUN" starttime="20230111 12:16:09.032" endtime="20230111 12:16:09.033"/>
</kw>
<kw name="Save Workbook" library="RPA.Excel.Files">
<doc>Save the active workbook.</doc>
<status status="NOT RUN" starttime="20230111 12:16:09.035" endtime="20230111 12:16:09.036"/>
</kw>
<status status="NOT RUN" starttime="20230111 12:16:08.982" endtime="20230111 12:16:09.036"/>
</branch>
<status status="PASS" starttime="20230111 12:16:08.874" endtime="20230111 12:16:09.037"/>
</if>
<status status="PASS" starttime="20230111 12:16:08.849" endtime="20230111 12:16:09.038"/>
</kw>
<kw name="Close Workbook" library="RPA.Excel.Files">
<doc>Close the active workbook.</doc>
<msg timestamp="20230111 12:16:09.039" level="INFO">Closing workbook: &lt;RPA.Excel.Files.XlsxWorkbook object at 0x000002A46BE6D5B0&gt;</msg>
<status status="PASS" starttime="20230111 12:16:09.038" endtime="20230111 12:16:09.039"/>
</kw>
<kw name="Click Element" library="RPA.Browser.Selenium">
<arg>xpath=//span[@class="sort-price-down"]</arg>
<doc>Click the element identified by ``locator``.</doc>
<msg timestamp="20230111 12:16:09.041" level="INFO">Clicking element 'xpath=//span[@class="sort-price-down"]'.</msg>
<status status="PASS" starttime="20230111 12:16:09.040" endtime="20230111 12:16:09.372"/>
</kw>
<kw name="First element">
<var>${list}</var>
<kw name="Create List" library="BuiltIn">
<var>${list}</var>
<doc>Returns a list containing given items.</doc>
<msg timestamp="20230111 12:16:09.374" level="INFO">${list} = []</msg>
<status status="PASS" starttime="20230111 12:16:09.374" endtime="20230111 12:16:09.375"/>
</kw>
<kw name="Get WebElements" library="RPA.Browser.Selenium">
<var>${bus}</var>
<arg>xpath=//h2[@class="TravelAgntNm ng-binding"]</arg>
<doc>Returns a list of WebElement objects matching the ``locator``.</doc>
<msg timestamp="20230111 12:16:09.393" level="INFO">${bus} = [&lt;selenium.webdriver.remote.webelement.WebElement (session="12c5264ed6b75d0ab640fdb666400e14", element="7c153949-b944-46a3-904d-2d45a60c4f25")&gt;, &lt;selenium.webdriver.remote.webelement.WebElement (sessi...</msg>
<status status="PASS" starttime="20230111 12:16:09.375" endtime="20230111 12:16:09.393"/>
</kw>
<kw name="Get WebElement" library="RPA.Browser.Selenium">
<var>${bus_name_First_element}</var>
<arg>${bus}[0]</arg>
<doc>Returns the first WebElement matching the given ``locator``.</doc>
<msg timestamp="20230111 12:16:09.396" level="INFO">${bus_name_First_element} = &lt;selenium.webdriver.remote.webelement.WebElement (session="12c5264ed6b75d0ab640fdb666400e14", element="7c153949-b944-46a3-904d-2d45a60c4f25")&gt;</msg>
<status status="PASS" starttime="20230111 12:16:09.394" endtime="20230111 12:16:09.396"/>
</kw>
<kw name="Get Text" library="RPA.Browser.Selenium">
<var>${bus_name}</var>
<arg>${bus_name_First_element}</arg>
<doc>Returns the text value of the element identified by ``locator``.</doc>
<msg timestamp="20230111 12:16:09.418" level="INFO">${bus_name} = JET LINE</msg>
<status status="PASS" starttime="20230111 12:16:09.397" endtime="20230111 12:16:09.419"/>
</kw>
<kw name="Get WebElements" library="RPA.Browser.Selenium">
<var>${price}</var>
<arg>xpath=//strong[@class="TickRate ng-binding"]</arg>
<doc>Returns a list of WebElement objects matching the ``locator``.</doc>
<msg timestamp="20230111 12:16:09.436" level="INFO">${price} = [&lt;selenium.webdriver.remote.webelement.WebElement (session="12c5264ed6b75d0ab640fdb666400e14", element="19fecb0c-853b-45f9-8910-d0fdca592fc9")&gt;, &lt;selenium.webdriver.remote.webelement.WebElement (sessi...</msg>
<status status="PASS" starttime="20230111 12:16:09.420" endtime="20230111 12:16:09.436"/>
</kw>
<kw name="Get WebElement" library="RPA.Browser.Selenium">
<var>${price_First_element}</var>
<arg>${price}[0]</arg>
<doc>Returns the first WebElement matching the given ``locator``.</doc>
<msg timestamp="20230111 12:16:09.437" level="INFO">${price_First_element} = &lt;selenium.webdriver.remote.webelement.WebElement (session="12c5264ed6b75d0ab640fdb666400e14", element="19fecb0c-853b-45f9-8910-d0fdca592fc9")&gt;</msg>
<status status="PASS" starttime="20230111 12:16:09.436" endtime="20230111 12:16:09.437"/>
</kw>
<kw name="Get Text" library="RPA.Browser.Selenium">
<var>${Amount}</var>
<arg>${price_First_element}</arg>
<doc>Returns the text value of the element identified by ``locator``.</doc>
<msg timestamp="20230111 12:16:09.457" level="INFO">${Amount} = 449 </msg>
<status status="PASS" starttime="20230111 12:16:09.437" endtime="20230111 12:16:09.457"/>
</kw>
<kw name="Get WebElements" library="RPA.Browser.Selenium">
<var>${strTime}</var>
<arg>xpath=//span[@class="StrtTm tooltipsteredBoarding ng-binding tooltipstered"]</arg>
<doc>Returns a list of WebElement objects matching the ``locator``.</doc>
<msg timestamp="20230111 12:16:09.473" level="INFO">${strTime} = [&lt;selenium.webdriver.remote.webelement.WebElement (session="12c5264ed6b75d0ab640fdb666400e14", element="f00cbe6a-9d6f-4058-b050-6d0cafbafa27")&gt;, &lt;selenium.webdriver.remote.webelement.WebElement (sessi...</msg>
<status status="PASS" starttime="20230111 12:16:09.457" endtime="20230111 12:16:09.473"/>
</kw>
<kw name="Get WebElement" library="RPA.Browser.Selenium">
<var>${strTime_First_element}</var>
<arg>${strTime}[0]</arg>
<doc>Returns the first WebElement matching the given ``locator``.</doc>
<msg timestamp="20230111 12:16:09.475" level="INFO">${strTime_First_element} = &lt;selenium.webdriver.remote.webelement.WebElement (session="12c5264ed6b75d0ab640fdb666400e14", element="f00cbe6a-9d6f-4058-b050-6d0cafbafa27")&gt;</msg>
<status status="PASS" starttime="20230111 12:16:09.473" endtime="20230111 12:16:09.476"/>
</kw>
<kw name="Get Text" library="RPA.Browser.Selenium">
<var>${startTime}</var>
<arg>${strTime_First_element}</arg>
<doc>Returns the text value of the element identified by ``locator``.</doc>
<msg timestamp="20230111 12:16:09.502" level="INFO">${startTime} = 23:15</msg>
<status status="PASS" starttime="20230111 12:16:09.477" endtime="20230111 12:16:09.502"/>
</kw>
<kw name="Get WebElements" library="RPA.Browser.Selenium">
<var>${ArrTime}</var>
<arg>xpath=//span[@class="ArvTm tooltipsteredDropping ng-binding tooltipstered"]</arg>
<doc>Returns a list of WebElement objects matching the ``locator``.</doc>
<msg timestamp="20230111 12:16:09.515" level="INFO">${ArrTime} = [&lt;selenium.webdriver.remote.webelement.WebElement (session="12c5264ed6b75d0ab640fdb666400e14", element="2b23df59-336e-440b-b4cd-b54a64b1c0de")&gt;, &lt;selenium.webdriver.remote.webelement.WebElement (sessi...</msg>
<status status="PASS" starttime="20230111 12:16:09.502" endtime="20230111 12:16:09.516"/>
</kw>
<kw name="Get WebElement" library="RPA.Browser.Selenium">
<var>${ArrTime_First_element}</var>
<arg>${ArrTime}[0]</arg>
<doc>Returns the first WebElement matching the given ``locator``.</doc>
<msg timestamp="20230111 12:16:09.518" level="INFO">${ArrTime_First_element} = &lt;selenium.webdriver.remote.webelement.WebElement (session="12c5264ed6b75d0ab640fdb666400e14", element="2b23df59-336e-440b-b4cd-b54a64b1c0de")&gt;</msg>
<status status="PASS" starttime="20230111 12:16:09.517" endtime="20230111 12:16:09.518"/>
</kw>
<kw name="Get Text" library="RPA.Browser.Selenium">
<var>${ArrivalTime}</var>
<arg>${ArrTime_First_element}</arg>
<doc>Returns the text value of the element identified by ``locator``.</doc>
<msg timestamp="20230111 12:16:09.539" level="INFO">${ArrivalTime} = 04:15</msg>
<status status="PASS" starttime="20230111 12:16:09.518" endtime="20230111 12:16:09.539"/>
</kw>
<kw name="Get WebElements" library="RPA.Browser.Selenium">
<var>${Rat}</var>
<arg>xpath=//span[@class="rating-sec ng-binding"]</arg>
<doc>Returns a list of WebElement objects matching the ``locator``.</doc>
<msg timestamp="20230111 12:16:09.590" level="INFO">${Rat} = [&lt;selenium.webdriver.remote.webelement.WebElement (session="12c5264ed6b75d0ab640fdb666400e14", element="4f537339-f3c0-4d55-8a75-7aa9d55950ac")&gt;, &lt;selenium.webdriver.remote.webelement.WebElement (sessi...</msg>
<status status="PASS" starttime="20230111 12:16:09.539" endtime="20230111 12:16:09.590"/>
</kw>
<try>
<branch type="TRY">
<kw name="Get WebElement" library="RPA.Browser.Selenium">
<var>${Rat_First_element}</var>
<arg>${Rat}[0]</arg>
<doc>Returns the first WebElement matching the given ``locator``.</doc>
<msg timestamp="20230111 12:16:09.594" level="INFO">${Rat_First_element} = &lt;selenium.webdriver.remote.webelement.WebElement (session="12c5264ed6b75d0ab640fdb666400e14", element="4f537339-f3c0-4d55-8a75-7aa9d55950ac")&gt;</msg>
<status status="PASS" starttime="20230111 12:16:09.592" endtime="20230111 12:16:09.594"/>
</kw>
<kw name="Get Text" library="RPA.Browser.Selenium">
<var>${Rating}</var>
<arg>${Rat_First_element}</arg>
<doc>Returns the text value of the element identified by ``locator``.</doc>
<msg timestamp="20230111 12:16:09.621" level="INFO">${Rating} = 4.4</msg>
<status status="PASS" starttime="20230111 12:16:09.595" endtime="20230111 12:16:09.621"/>
</kw>
<status status="PASS" starttime="20230111 12:16:09.592" endtime="20230111 12:16:09.622"/>
</branch>
<branch type="EXCEPT">
<pattern>message</pattern>
<kw name="Set Variable" library="BuiltIn">
<var>${rating}</var>
<arg>no rating</arg>
<doc>Returns the given values which can then be assigned to a variables.</doc>
<status status="NOT RUN" starttime="20230111 12:16:09.622" endtime="20230111 12:16:09.623"/>
</kw>
<status status="NOT RUN" starttime="20230111 12:16:09.622" endtime="20230111 12:16:09.623"/>
</branch>
<status status="PASS" starttime="20230111 12:16:09.592" endtime="20230111 12:16:09.623"/>
</try>
<kw name="Append To List" library="Collections">
<arg>${list}</arg>
<arg>${bus_name}</arg>
<arg>${startTime}</arg>
<arg>${ArrivalTime}</arg>
<arg>${Rating}</arg>
<arg>${Amount}</arg>
<doc>Adds ``values`` to the end of ``list``.</doc>
<status status="PASS" starttime="20230111 12:16:09.623" endtime="20230111 12:16:09.626"/>
</kw>
<return>
<value>${list}</value>
<status status="PASS" starttime="20230111 12:16:09.626" endtime="20230111 12:16:09.627"/>
</return>
<msg timestamp="20230111 12:16:09.628" level="INFO">${list} = ['JET LINE', '23:15', '04:15', '4.4', '449 ']</msg>
<status status="PASS" starttime="20230111 12:16:09.373" endtime="20230111 12:16:09.629"/>
</kw>
<kw name=" Second Element">
<var>${list1}</var>
<kw name="Create List" library="BuiltIn">
<var>${list1}</var>
<doc>Returns a list containing given items.</doc>
<msg timestamp="20230111 12:16:09.633" level="INFO">${list1} = []</msg>
<status status="PASS" starttime="20230111 12:16:09.632" endtime="20230111 12:16:09.634"/>
</kw>
<kw name="Get WebElements" library="RPA.Browser.Selenium">
<var>${bus}</var>
<arg>xpath=//h2[@class="TravelAgntNm ng-binding"]</arg>
<doc>Returns a list of WebElement objects matching the ``locator``.</doc>
<msg timestamp="20230111 12:16:09.652" level="INFO">${bus} = [&lt;selenium.webdriver.remote.webelement.WebElement (session="12c5264ed6b75d0ab640fdb666400e14", element="7c153949-b944-46a3-904d-2d45a60c4f25")&gt;, &lt;selenium.webdriver.remote.webelement.WebElement (sessi...</msg>
<status status="PASS" starttime="20230111 12:16:09.635" endtime="20230111 12:16:09.652"/>
</kw>
<kw name="Get WebElement" library="RPA.Browser.Selenium">
<var>${bus_name_Second_element}</var>
<arg>${bus}[1]</arg>
<doc>Returns the first WebElement matching the given ``locator``.</doc>
<msg timestamp="20230111 12:16:09.654" level="INFO">${bus_name_Second_element} = &lt;selenium.webdriver.remote.webelement.WebElement (session="12c5264ed6b75d0ab640fdb666400e14", element="9ceb607f-a313-49d1-9264-0db1d757352c")&gt;</msg>
<status status="PASS" starttime="20230111 12:16:09.653" endtime="20230111 12:16:09.654"/>
</kw>
<kw name="Get Text" library="RPA.Browser.Selenium">
<var>${bus_name}</var>
<arg>${bus_name_Second_element}</arg>
<doc>Returns the text value of the element identified by ``locator``.</doc>
<msg timestamp="20230111 12:16:09.674" level="INFO">${bus_name} = SRI SELVAM TRAVELS</msg>
<status status="PASS" starttime="20230111 12:16:09.655" endtime="20230111 12:16:09.674"/>
</kw>
<kw name="Get WebElements" library="RPA.Browser.Selenium">
<var>${price}</var>
<arg>xpath=//strong[@class="TickRate ng-binding"]</arg>
<doc>Returns a list of WebElement objects matching the ``locator``.</doc>
<msg timestamp="20230111 12:16:09.689" level="INFO">${price} = [&lt;selenium.webdriver.remote.webelement.WebElement (session="12c5264ed6b75d0ab640fdb666400e14", element="19fecb0c-853b-45f9-8910-d0fdca592fc9")&gt;, &lt;selenium.webdriver.remote.webelement.WebElement (sessi...</msg>
<status status="PASS" starttime="20230111 12:16:09.675" endtime="20230111 12:16:09.689"/>
</kw>
<kw name="Get WebElement" library="RPA.Browser.Selenium">
<var>${price_Second_element}</var>
<arg>${price}[1]</arg>
<doc>Returns the first WebElement matching the given ``locator``.</doc>
<msg timestamp="20230111 12:16:09.694" level="INFO">${price_Second_element} = &lt;selenium.webdriver.remote.webelement.WebElement (session="12c5264ed6b75d0ab640fdb666400e14", element="1a38264e-4684-4a8e-9228-72f448a64b27")&gt;</msg>
<status status="PASS" starttime="20230111 12:16:09.691" endtime="20230111 12:16:09.694"/>
</kw>
<kw name="Get Text" library="RPA.Browser.Selenium">
<var>${Amount}</var>
<arg>${price_Second_element}</arg>
<doc>Returns the text value of the element identified by ``locator``.</doc>
<msg timestamp="20230111 12:16:09.721" level="INFO">${Amount} = 450 </msg>
<status status="PASS" starttime="20230111 12:16:09.695" endtime="20230111 12:16:09.721"/>
</kw>
<kw name="Get WebElements" library="RPA.Browser.Selenium">
<var>${strTime}</var>
<arg>xpath=//span[@class="StrtTm tooltipsteredBoarding ng-binding tooltipstered"]</arg>
<doc>Returns a list of WebElement objects matching the ``locator``.</doc>
<msg timestamp="20230111 12:16:09.735" level="INFO">${strTime} = [&lt;selenium.webdriver.remote.webelement.WebElement (session="12c5264ed6b75d0ab640fdb666400e14", element="f00cbe6a-9d6f-4058-b050-6d0cafbafa27")&gt;, &lt;selenium.webdriver.remote.webelement.WebElement (sessi...</msg>
<status status="PASS" starttime="20230111 12:16:09.721" endtime="20230111 12:16:09.735"/>
</kw>
<kw name="Get WebElement" library="RPA.Browser.Selenium">
<var>${strTime_Second_element}</var>
<arg>${strTime}[1]</arg>
<doc>Returns the first WebElement matching the given ``locator``.</doc>
<msg timestamp="20230111 12:16:09.737" level="INFO">${strTime_Second_element} = &lt;selenium.webdriver.remote.webelement.WebElement (session="12c5264ed6b75d0ab640fdb666400e14", element="6dfa4443-d345-4b1c-aa40-246e03d8ac89")&gt;</msg>
<status status="PASS" starttime="20230111 12:16:09.736" endtime="20230111 12:16:09.738"/>
</kw>
<kw name="Get Text" library="RPA.Browser.Selenium">
<var>${startTime}</var>
<arg>${strTime_Second_element}</arg>
<doc>Returns the text value of the element identified by ``locator``.</doc>
<msg timestamp="20230111 12:16:09.759" level="INFO">${startTime} = 21:15</msg>
<status status="PASS" starttime="20230111 12:16:09.739" endtime="20230111 12:16:09.760"/>
</kw>
<kw name="Get WebElements" library="RPA.Browser.Selenium">
<var>${ArrTime}</var>
<arg>xpath=//span[@class="ArvTm tooltipsteredDropping ng-binding tooltipstered"]</arg>
<doc>Returns a list of WebElement objects matching the ``locator``.</doc>
<msg timestamp="20230111 12:16:09.773" level="INFO">${ArrTime} = [&lt;selenium.webdriver.remote.webelement.WebElement (session="12c5264ed6b75d0ab640fdb666400e14", element="2b23df59-336e-440b-b4cd-b54a64b1c0de")&gt;, &lt;selenium.webdriver.remote.webelement.WebElement (sessi...</msg>
<status status="PASS" starttime="20230111 12:16:09.760" endtime="20230111 12:16:09.773"/>
</kw>
<kw name="Get WebElement" library="RPA.Browser.Selenium">
<var>${ArrTime_Second_element}</var>
<arg>${ArrTime}[1]</arg>
<doc>Returns the first WebElement matching the given ``locator``.</doc>
<msg timestamp="20230111 12:16:09.776" level="INFO">${ArrTime_Second_element} = &lt;selenium.webdriver.remote.webelement.WebElement (session="12c5264ed6b75d0ab640fdb666400e14", element="215617be-cbe2-4d22-8a1b-3fda5a605b45")&gt;</msg>
<status status="PASS" starttime="20230111 12:16:09.774" endtime="20230111 12:16:09.777"/>
</kw>
<kw name="Get Text" library="RPA.Browser.Selenium">
<var>${ArrivalTime}</var>
<arg>${ArrTime_Second_element}</arg>
<doc>Returns the text value of the element identified by ``locator``.</doc>
<msg timestamp="20230111 12:16:09.799" level="INFO">${ArrivalTime} = 02:00</msg>
<status status="PASS" starttime="20230111 12:16:09.778" endtime="20230111 12:16:09.799"/>
</kw>
<kw name="Get WebElements" library="RPA.Browser.Selenium">
<var>${Rat}</var>
<arg>xpath=//span[@class="rating-sec ng-binding"]</arg>
<doc>Returns a list of WebElement objects matching the ``locator``.</doc>
<msg timestamp="20230111 12:16:09.814" level="INFO">${Rat} = [&lt;selenium.webdriver.remote.webelement.WebElement (session="12c5264ed6b75d0ab640fdb666400e14", element="4f537339-f3c0-4d55-8a75-7aa9d55950ac")&gt;, &lt;selenium.webdriver.remote.webelement.WebElement (sessi...</msg>
<status status="PASS" starttime="20230111 12:16:09.800" endtime="20230111 12:16:09.815"/>
</kw>
<try>
<branch type="TRY">
<kw name="Get WebElement" library="RPA.Browser.Selenium">
<var>${Rat_Second_element}</var>
<arg>${Rat}[1]</arg>
<doc>Returns the first WebElement matching the given ``locator``.</doc>
<msg timestamp="20230111 12:16:09.820" level="INFO">${Rat_Second_element} = &lt;selenium.webdriver.remote.webelement.WebElement (session="12c5264ed6b75d0ab640fdb666400e14", element="7dc381a3-ad7d-47af-8c11-0824ad261e74")&gt;</msg>
<status status="PASS" starttime="20230111 12:16:09.818" endtime="20230111 12:16:09.821"/>
</kw>
<kw name="Get Text" library="RPA.Browser.Selenium">
<var>${Rating}</var>
<arg>${Rat_Second_element}</arg>
<doc>Returns the text value of the element identified by ``locator``.</doc>
<msg timestamp="20230111 12:16:09.857" level="INFO">${Rating} = 3.6</msg>
<status status="PASS" starttime="20230111 12:16:09.822" endtime="20230111 12:16:09.858"/>
</kw>
<status status="PASS" starttime="20230111 12:16:09.816" endtime="20230111 12:16:09.858"/>
</branch>
<branch type="EXCEPT">
<pattern>message</pattern>
<kw name="Set Variable" library="BuiltIn">
<var>${rating}</var>
<arg>no rating</arg>
<doc>Returns the given values which can then be assigned to a variables.</doc>
<status status="NOT RUN" starttime="20230111 12:16:09.861" endtime="20230111 12:16:09.861"/>
</kw>
<status status="NOT RUN" starttime="20230111 12:16:09.859" endtime="20230111 12:16:09.861"/>
</branch>
<status status="PASS" starttime="20230111 12:16:09.816" endtime="20230111 12:16:09.861"/>
</try>
<kw name="Append To List" library="Collections">
<arg>${list1}</arg>
<arg>${bus_name}</arg>
<arg>${startTime}</arg>
<arg>${ArrivalTime}</arg>
<arg>${Rating}</arg>
<arg>${Amount}</arg>
<doc>Adds ``values`` to the end of ``list``.</doc>
<status status="PASS" starttime="20230111 12:16:09.862" endtime="20230111 12:16:09.864"/>
</kw>
<return>
<value>${list1}</value>
<status status="PASS" starttime="20230111 12:16:09.865" endtime="20230111 12:16:09.866"/>
</return>
<msg timestamp="20230111 12:16:09.867" level="INFO">${list1} = ['SRI SELVAM TRAVELS', '21:15', '02:00', '3.6', '450 ']</msg>
<status status="PASS" starttime="20230111 12:16:09.630" endtime="20230111 12:16:09.867"/>
</kw>
<kw name="Write lowest searchresult in excel">
<arg>${list}</arg>
<arg>${list1}</arg>
<arg>${from}</arg>
<arg>${To}</arg>
<kw name="Open Workbook" library="RPA.Excel.Files">
<arg>AbhibusOutput.xlsx</arg>
<doc>Open an existing Excel workbook.</doc>
<msg timestamp="20230111 12:16:09.891" level="INFO">Opened workbook: &lt;RPA.Excel.Files.XlsxWorkbook object at 0x000002A46BDD68B0&gt;</msg>
<status status="PASS" starttime="20230111 12:16:09.869" endtime="20230111 12:16:09.892"/>
</kw>
<kw name="Worksheet Exists" library="RPA.Excel.Files">
<var>${sheet exist}</var>
<arg>${from}-${To} Lowest price</arg>
<doc>Return True if worksheet with given name is in workbook.</doc>
<msg timestamp="20230111 12:16:09.893" level="INFO">${sheet exist} = False</msg>
<status status="PASS" starttime="20230111 12:16:09.892" endtime="20230111 12:16:09.893"/>
</kw>
<if>
<branch type="IF" condition="${sheet_exist} == False">
<kw name="Create Worksheet" library="RPA.Excel.Files">
<arg>${from}-${To} Lowest price</arg>
<doc>Create a new worksheet in the current workbook.</doc>
<status status="PASS" starttime="20230111 12:16:09.896" endtime="20230111 12:16:09.899"/>
</kw>
<kw name="Read Worksheet" library="RPA.Excel.Files">
<arg>${from}-${To} Lowest price</arg>
<doc>Read the content of a worksheet into a list of dictionaries.</doc>
<status status="PASS" starttime="20230111 12:16:09.900" endtime="20230111 12:16:09.902"/>
</kw>
<kw name="Set Cell Value" library="RPA.Excel.Files">
<arg>1</arg>
<arg>A</arg>
<arg>Bus name</arg>
<doc>Set a cell value in the given worksheet.</doc>
<status status="PASS" starttime="20230111 12:16:09.902" endtime="20230111 12:16:09.903"/>
</kw>
<kw name="Set Cell Value" library="RPA.Excel.Files">
<arg>1</arg>
<arg>B</arg>
<arg>Starting Time</arg>
<doc>Set a cell value in the given worksheet.</doc>
<status status="PASS" starttime="20230111 12:16:09.905" endtime="20230111 12:16:09.907"/>
</kw>
<kw name="Set Cell Value" library="RPA.Excel.Files">
<arg>1</arg>
<arg>C</arg>
<arg>Arrival Time</arg>
<doc>Set a cell value in the given worksheet.</doc>
<status status="PASS" starttime="20230111 12:16:09.908" endtime="20230111 12:16:09.910"/>
</kw>
<kw name="Set Cell Value" library="RPA.Excel.Files">
<arg>1</arg>
<arg>D</arg>
<arg>Rating</arg>
<doc>Set a cell value in the given worksheet.</doc>
<status status="PASS" starttime="20230111 12:16:09.912" endtime="20230111 12:16:09.913"/>
</kw>
<kw name="Set Cell Value" library="RPA.Excel.Files">
<arg>1</arg>
<arg>E</arg>
<arg>Price</arg>
<doc>Set a cell value in the given worksheet.</doc>
<status status="PASS" starttime="20230111 12:16:09.914" endtime="20230111 12:16:09.915"/>
</kw>
<kw name="Set Cell Value" library="RPA.Excel.Files">
<arg>2</arg>
<arg>A</arg>
<arg>${list}[0]</arg>
<doc>Set a cell value in the given worksheet.</doc>
<status status="PASS" starttime="20230111 12:16:09.916" endtime="20230111 12:16:09.919"/>
</kw>
<kw name="Set Cell Value" library="RPA.Excel.Files">
<arg>2</arg>
<arg>B</arg>
<arg>${list}[1]</arg>
<doc>Set a cell value in the given worksheet.</doc>
<status status="PASS" starttime="20230111 12:16:09.920" endtime="20230111 12:16:09.922"/>
</kw>
<kw name="Set Cell Value" library="RPA.Excel.Files">
<arg>2</arg>
<arg>C</arg>
<arg>${list}[2]</arg>
<doc>Set a cell value in the given worksheet.</doc>
<status status="PASS" starttime="20230111 12:16:09.923" endtime="20230111 12:16:09.926"/>
</kw>
<kw name="Set Cell Value" library="RPA.Excel.Files">
<arg>2</arg>
<arg>D</arg>
<arg>${list}[3]</arg>
<doc>Set a cell value in the given worksheet.</doc>
<status status="PASS" starttime="20230111 12:16:09.926" endtime="20230111 12:16:09.927"/>
</kw>
<kw name="Set Cell Value" library="RPA.Excel.Files">
<arg>2</arg>
<arg>E</arg>
<arg>${list}[4]</arg>
<doc>Set a cell value in the given worksheet.</doc>
<status status="PASS" starttime="20230111 12:16:09.928" endtime="20230111 12:16:09.928"/>
</kw>
<kw name="Set Cell Value" library="RPA.Excel.Files">
<arg>3</arg>
<arg>A</arg>
<arg>${list1}[0]</arg>
<doc>Set a cell value in the given worksheet.</doc>
<status status="PASS" starttime="20230111 12:16:09.929" endtime="20230111 12:16:09.931"/>
</kw>
<kw name="Set Cell Value" library="RPA.Excel.Files">
<arg>3</arg>
<arg>B</arg>
<arg>${list1}[1]</arg>
<doc>Set a cell value in the given worksheet.</doc>
<status status="PASS" starttime="20230111 12:16:09.931" endtime="20230111 12:16:09.935"/>
</kw>
<kw name="Set Cell Value" library="RPA.Excel.Files">
<arg>3</arg>
<arg>C</arg>
<arg>${list1}[2]</arg>
<doc>Set a cell value in the given worksheet.</doc>
<status status="PASS" starttime="20230111 12:16:09.937" endtime="20230111 12:16:09.939"/>
</kw>
<kw name="Set Cell Value" library="RPA.Excel.Files">
<arg>3</arg>
<arg>D</arg>
<arg>${list1}[3]</arg>
<doc>Set a cell value in the given worksheet.</doc>
<status status="PASS" starttime="20230111 12:16:09.940" endtime="20230111 12:16:09.941"/>
</kw>
<kw name="Set Cell Value" library="RPA.Excel.Files">
<arg>3</arg>
<arg>E</arg>
<arg>${list1}[4]</arg>
<doc>Set a cell value in the given worksheet.</doc>
<status status="PASS" starttime="20230111 12:16:09.941" endtime="20230111 12:16:09.942"/>
</kw>
<kw name="Save Workbook" library="RPA.Excel.Files">
<doc>Save the active workbook.</doc>
<status status="PASS" starttime="20230111 12:16:09.943" endtime="20230111 12:16:10.151"/>
</kw>
<status status="PASS" starttime="20230111 12:16:09.895" endtime="20230111 12:16:10.151"/>
</branch>
<branch type="ELSE">
<kw name="Read Worksheet" library="RPA.Excel.Files">
<arg>${from}-${To} Lowest price</arg>
<arg>overwrite=True</arg>
<doc>Read the content of a worksheet into a list of dictionaries.</doc>
<status status="NOT RUN" starttime="20230111 12:16:10.154" endtime="20230111 12:16:10.155"/>
</kw>
<kw name="Set Cell Value" library="RPA.Excel.Files">
<arg>1</arg>
<arg>A</arg>
<arg>Bus name</arg>
<doc>Set a cell value in the given worksheet.</doc>
<status status="NOT RUN" starttime="20230111 12:16:10.156" endtime="20230111 12:16:10.157"/>
</kw>
<kw name="Set Cell Value" library="RPA.Excel.Files">
<arg>1</arg>
<arg>B</arg>
<arg>Starting Time</arg>
<doc>Set a cell value in the given worksheet.</doc>
<status status="NOT RUN" starttime="20230111 12:16:10.157" endtime="20230111 12:16:10.158"/>
</kw>
<kw name="Set Cell Value" library="RPA.Excel.Files">
<arg>1</arg>
<arg>C</arg>
<arg>Arrival Time</arg>
<doc>Set a cell value in the given worksheet.</doc>
<status status="NOT RUN" starttime="20230111 12:16:10.159" endtime="20230111 12:16:10.160"/>
</kw>
<kw name="Set Cell Value" library="RPA.Excel.Files">
<arg>1</arg>
<arg>D</arg>
<arg>Rating</arg>
<doc>Set a cell value in the given worksheet.</doc>
<status status="NOT RUN" starttime="20230111 12:16:10.161" endtime="20230111 12:16:10.162"/>
</kw>
<kw name="Set Cell Value" library="RPA.Excel.Files">
<arg>1</arg>
<arg>E</arg>
<arg>Price</arg>
<doc>Set a cell value in the given worksheet.</doc>
<status status="NOT RUN" starttime="20230111 12:16:10.163" endtime="20230111 12:16:10.164"/>
</kw>
<kw name="Set Cell Value" library="RPA.Excel.Files">
<arg>2</arg>
<arg>A</arg>
<arg>${list}[0]</arg>
<doc>Set a cell value in the given worksheet.</doc>
<status status="NOT RUN" starttime="20230111 12:16:10.164" endtime="20230111 12:16:10.165"/>
</kw>
<kw name="Set Cell Value" library="RPA.Excel.Files">
<arg>2</arg>
<arg>B</arg>
<arg>${list}[1]</arg>
<doc>Set a cell value in the given worksheet.</doc>
<status status="NOT RUN" starttime="20230111 12:16:10.166" endtime="20230111 12:16:10.167"/>
</kw>
<kw name="Set Cell Value" library="RPA.Excel.Files">
<arg>2</arg>
<arg>C</arg>
<arg>${list}[2]</arg>
<doc>Set a cell value in the given worksheet.</doc>
<status status="NOT RUN" starttime="20230111 12:16:10.167" endtime="20230111 12:16:10.168"/>
</kw>
<kw name="Set Cell Value" library="RPA.Excel.Files">
<arg>2</arg>
<arg>D</arg>
<arg>${list}[3]</arg>
<doc>Set a cell value in the given worksheet.</doc>
<status status="NOT RUN" starttime="20230111 12:16:10.168" endtime="20230111 12:16:10.169"/>
</kw>
<kw name="Set Cell Value" library="RPA.Excel.Files">
<arg>2</arg>
<arg>E</arg>
<arg>${list}[4]</arg>
<doc>Set a cell value in the given worksheet.</doc>
<status status="NOT RUN" starttime="20230111 12:16:10.169" endtime="20230111 12:16:10.169"/>
</kw>
<kw name="Set Cell Value" library="RPA.Excel.Files">
<arg>3</arg>
<arg>A</arg>
<arg>${list1}[0]</arg>
<doc>Set a cell value in the given worksheet.</doc>
<status status="NOT RUN" starttime="20230111 12:16:10.170" endtime="20230111 12:16:10.170"/>
</kw>
<kw name="Set Cell Value" library="RPA.Excel.Files">
<arg>3</arg>
<arg>B</arg>
<arg>${list1}[1]</arg>
<doc>Set a cell value in the given worksheet.</doc>
<status status="NOT RUN" starttime="20230111 12:16:10.171" endtime="20230111 12:16:10.171"/>
</kw>
<kw name="Set Cell Value" library="RPA.Excel.Files">
<arg>3</arg>
<arg>C</arg>
<arg>${list1}[2]</arg>
<doc>Set a cell value in the given worksheet.</doc>
<status status="NOT RUN" starttime="20230111 12:16:10.171" endtime="20230111 12:16:10.172"/>
</kw>
<kw name="Set Cell Value" library="RPA.Excel.Files">
<arg>3</arg>
<arg>D</arg>
<arg>${list1}[3]</arg>
<doc>Set a cell value in the given worksheet.</doc>
<status status="NOT RUN" starttime="20230111 12:16:10.172" endtime="20230111 12:16:10.173"/>
</kw>
<kw name="Set Cell Value" library="RPA.Excel.Files">
<arg>3</arg>
<arg>E</arg>
<arg>${list1}[4]</arg>
<doc>Set a cell value in the given worksheet.</doc>
<status status="NOT RUN" starttime="20230111 12:16:10.173" endtime="20230111 12:16:10.173"/>
</kw>
<kw name="Save Workbook" library="RPA.Excel.Files">
<doc>Save the active workbook.</doc>
<status status="NOT RUN" starttime="20230111 12:16:10.174" endtime="20230111 12:16:10.175"/>
</kw>
<status status="NOT RUN" starttime="20230111 12:16:10.152" endtime="20230111 12:16:10.176"/>
</branch>
<status status="PASS" starttime="20230111 12:16:09.894" endtime="20230111 12:16:10.176"/>
</if>
<status status="PASS" starttime="20230111 12:16:09.867" endtime="20230111 12:16:10.177"/>
</kw>
<kw name="Close Workbook" library="RPA.Excel.Files">
<doc>Close the active workbook.</doc>
<msg timestamp="20230111 12:16:10.180" level="INFO">Closing workbook: &lt;RPA.Excel.Files.XlsxWorkbook object at 0x000002A46BDD68B0&gt;</msg>
<status status="PASS" starttime="20230111 12:16:10.179" endtime="20230111 12:16:10.181"/>
</kw>
<kw name="Wait Until Keyword Succeeds" library="BuiltIn">
<arg>50x</arg>
<arg>0.5s</arg>
<arg>click element</arg>
<arg>css:body &gt; nav &gt; div &gt; div.navbar-brand.p-0 &gt; a</arg>
<doc>Runs the specified keyword and retries if it fails.</doc>
<kw name="Click Element" library="RPA.Browser.Selenium">
<arg>css:body &gt; nav &gt; div &gt; div.navbar-brand.p-0 &gt; a</arg>
<doc>Click the element identified by ``locator``.</doc>
[...]
<status status="PASS" starttime="20230111 12:17:35.330" endtime="20230111 12:17:35.331"/>
</kw>
<kw name="Get Text" library="RPA.Browser.Selenium">
<var>${Rating}</var>
<arg>${Rat_Second_element}</arg>
<doc>Returns the text value of the element identified by ``locator``.</doc>
<msg timestamp="20230111 12:17:35.349" level="INFO">${Rating} = 4.5</msg>
<status status="PASS" starttime="20230111 12:17:35.331" endtime="20230111 12:17:35.349"/>
</kw>
<status status="PASS" starttime="20230111 12:17:35.330" endtime="20230111 12:17:35.350"/>
</branch>
<branch type="EXCEPT">
<pattern>message</pattern>
<kw name="Set Variable" library="BuiltIn">
<var>${rating}</var>
<arg>no rating</arg>
<doc>Returns the given values which can then be assigned to a variables.</doc>
<status status="NOT RUN" starttime="20230111 12:17:35.351" endtime="20230111 12:17:35.351"/>
</kw>
<status status="NOT RUN" starttime="20230111 12:17:35.350" endtime="20230111 12:17:35.352"/>
</branch>
<status status="PASS" starttime="20230111 12:17:35.330" endtime="20230111 12:17:35.352"/>
</try>
<kw name="Append To List" library="Collections">
<arg>${list1}</arg>
<arg>${bus_name}</arg>
<arg>${startTime}</arg>
<arg>${ArrivalTime}</arg>
<arg>${Rating}</arg>
<arg>${Amount}</arg>
<doc>Adds ``values`` to the end of ``list``.</doc>
<status status="PASS" starttime="20230111 12:17:35.352" endtime="20230111 12:17:35.353"/>
</kw>
<return>
<value>${list1}</value>
<status status="PASS" starttime="20230111 12:17:35.354" endtime="20230111 12:17:35.354"/>
</return>
<msg timestamp="20230111 12:17:35.355" level="INFO">${list1} = ['DOLPHIN TOURS &amp; TRAVELS', '22:00', '07:30', '4.5', '616 ']</msg>
<status status="PASS" starttime="20230111 12:17:35.174" endtime="20230111 12:17:35.355"/>
</kw>
<kw name="Write lowest searchresult in excel">
<arg>${list}</arg>
<arg>${list1}</arg>
<arg>${from}</arg>
<arg>${To}</arg>
<kw name="Open Workbook" library="RPA.Excel.Files">
<arg>AbhibusOutput.xlsx</arg>
<doc>Open an existing Excel workbook.</doc>
<msg timestamp="20230111 12:17:35.372" level="INFO">Opened workbook: &lt;RPA.Excel.Files.XlsxWorkbook object at 0x000002A46BD36400&gt;</msg>
<status status="PASS" starttime="20230111 12:17:35.357" endtime="20230111 12:17:35.373"/>
</kw>
<kw name="Worksheet Exists" library="RPA.Excel.Files">
<var>${sheet exist}</var>
<arg>${from}-${To} Lowest price</arg>
<doc>Return True if worksheet with given name is in workbook.</doc>
<msg timestamp="20230111 12:17:35.374" level="INFO">${sheet exist} = False</msg>
<status status="PASS" starttime="20230111 12:17:35.373" endtime="20230111 12:17:35.374"/>
</kw>
<if>
<branch type="IF" condition="${sheet_exist} == False">
<kw name="Create Worksheet" library="RPA.Excel.Files">
<arg>${from}-${To} Lowest price</arg>
<doc>Create a new worksheet in the current workbook.</doc>
<status status="PASS" starttime="20230111 12:17:35.376" endtime="20230111 12:17:35.379"/>
</kw>
<kw name="Read Worksheet" library="RPA.Excel.Files">
<arg>${from}-${To} Lowest price</arg>
<doc>Read the content of a worksheet into a list of dictionaries.</doc>
<status status="PASS" starttime="20230111 12:17:35.379" endtime="20230111 12:17:35.380"/>
</kw>
<kw name="Set Cell Value" library="RPA.Excel.Files">
<arg>1</arg>
<arg>A</arg>
<arg>Bus name</arg>
<doc>Set a cell value in the given worksheet.</doc>
<status status="PASS" starttime="20230111 12:17:35.380" endtime="20230111 12:17:35.382"/>
</kw>
<kw name="Set Cell Value" library="RPA.Excel.Files">
<arg>1</arg>
<arg>B</arg>
<arg>Starting Time</arg>
<doc>Set a cell value in the given worksheet.</doc>
<status status="PASS" starttime="20230111 12:17:35.383" endtime="20230111 12:17:35.384"/>
</kw>
<kw name="Set Cell Value" library="RPA.Excel.Files">
<arg>1</arg>
<arg>C</arg>
<arg>Arrival Time</arg>
<doc>Set a cell value in the given worksheet.</doc>
<status status="PASS" starttime="20230111 12:17:35.385" endtime="20230111 12:17:35.392"/>
</kw>
<kw name="Set Cell Value" library="RPA.Excel.Files">
<arg>1</arg>
<arg>D</arg>
<arg>Rating</arg>
<doc>Set a cell value in the given worksheet.</doc>
<status status="PASS" starttime="20230111 12:17:35.393" endtime="20230111 12:17:35.398"/>
</kw>
<kw name="Set Cell Value" library="RPA.Excel.Files">
<arg>1</arg>
<arg>E</arg>
<arg>Price</arg>
<doc>Set a cell value in the given worksheet.</doc>
<status status="PASS" starttime="20230111 12:17:35.398" endtime="20230111 12:17:35.399"/>
</kw>
<kw name="Set Cell Value" library="RPA.Excel.Files">
<arg>2</arg>
<arg>A</arg>
<arg>${list}[0]</arg>
<doc>Set a cell value in the given worksheet.</doc>
<status status="PASS" starttime="20230111 12:17:35.399" endtime="20230111 12:17:35.400"/>
</kw>
<kw name="Set Cell Value" library="RPA.Excel.Files">
<arg>2</arg>
<arg>B</arg>
<arg>${list}[1]</arg>
<doc>Set a cell value in the given worksheet.</doc>
<status status="PASS" starttime="20230111 12:17:35.401" endtime="20230111 12:17:35.402"/>
</kw>
<kw name="Set Cell Value" library="RPA.Excel.Files">
<arg>2</arg>
<arg>C</arg>
<arg>${list}[2]</arg>
<doc>Set a cell value in the given worksheet.</doc>
<status status="PASS" starttime="20230111 12:17:35.403" endtime="20230111 12:17:35.404"/>
</kw>
<kw name="Set Cell Value" library="RPA.Excel.Files">
<arg>2</arg>
<arg>D</arg>
<arg>${list}[3]</arg>
<doc>Set a cell value in the given worksheet.</doc>
<status status="PASS" starttime="20230111 12:17:35.405" endtime="20230111 12:17:35.406"/>
</kw>
<kw name="Set Cell Value" library="RPA.Excel.Files">
<arg>2</arg>
<arg>E</arg>
<arg>${list}[4]</arg>
<doc>Set a cell value in the given worksheet.</doc>
<status status="PASS" starttime="20230111 12:17:35.406" endtime="20230111 12:17:35.407"/>
</kw>
<kw name="Set Cell Value" library="RPA.Excel.Files">
<arg>3</arg>
<arg>A</arg>
<arg>${list1}[0]</arg>
<doc>Set a cell value in the given worksheet.</doc>
<status status="PASS" starttime="20230111 12:17:35.408" endtime="20230111 12:17:35.409"/>
</kw>
<kw name="Set Cell Value" library="RPA.Excel.Files">
<arg>3</arg>
<arg>B</arg>
<arg>${list1}[1]</arg>
<doc>Set a cell value in the given worksheet.</doc>
<status status="PASS" starttime="20230111 12:17:35.409" endtime="20230111 12:17:35.411"/>
</kw>
<kw name="Set Cell Value" library="RPA.Excel.Files">
<arg>3</arg>
<arg>C</arg>
<arg>${list1}[2]</arg>
<doc>Set a cell value in the given worksheet.</doc>
<status status="PASS" starttime="20230111 12:17:35.411" endtime="20230111 12:17:35.412"/>
</kw>
<kw name="Set Cell Value" library="RPA.Excel.Files">
<arg>3</arg>
<arg>D</arg>
<arg>${list1}[3]</arg>
<doc>Set a cell value in the given worksheet.</doc>
<status status="PASS" starttime="20230111 12:17:35.413" endtime="20230111 12:17:35.413"/>
</kw>
<kw name="Set Cell Value" library="RPA.Excel.Files">
<arg>3</arg>
<arg>E</arg>
<arg>${list1}[4]</arg>
<doc>Set a cell value in the given worksheet.</doc>
<status status="PASS" starttime="20230111 12:17:35.414" endtime="20230111 12:17:35.414"/>
</kw>
<kw name="Save Workbook" library="RPA.Excel.Files">
<doc>Save the active workbook.</doc>
<status status="PASS" starttime="20230111 12:17:35.415" endtime="20230111 12:17:35.527"/>
</kw>
<status status="PASS" starttime="20230111 12:17:35.375" endtime="20230111 12:17:35.527"/>
</branch>
<branch type="ELSE">
<kw name="Read Worksheet" library="RPA.Excel.Files">
<arg>${from}-${To} Lowest price</arg>
<arg>overwrite=True</arg>
<doc>Read the content of a worksheet into a list of dictionaries.</doc>
<status status="NOT RUN" starttime="20230111 12:17:35.528" endtime="20230111 12:17:35.529"/>
</kw>
<kw name="Set Cell Value" library="RPA.Excel.Files">
<arg>1</arg>
<arg>A</arg>
<arg>Bus name</arg>
<doc>Set a cell value in the given worksheet.</doc>
<status status="NOT RUN" starttime="20230111 12:17:35.529" endtime="20230111 12:17:35.530"/>
</kw>
<kw name="Set Cell Value" library="RPA.Excel.Files">
<arg>1</arg>
<arg>B</arg>
<arg>Starting Time</arg>
<doc>Set a cell value in the given worksheet.</doc>
<status status="NOT RUN" starttime="20230111 12:17:35.530" endtime="20230111 12:17:35.531"/>
</kw>
<kw name="Set Cell Value" library="RPA.Excel.Files">
<arg>1</arg>
<arg>C</arg>
<arg>Arrival Time</arg>
<doc>Set a cell value in the given worksheet.</doc>
<status status="NOT RUN" starttime="20230111 12:17:35.531" endtime="20230111 12:17:35.531"/>
</kw>
<kw name="Set Cell Value" library="RPA.Excel.Files">
<arg>1</arg>
<arg>D</arg>
<arg>Rating</arg>
<doc>Set a cell value in the given worksheet.</doc>
<status status="NOT RUN" starttime="20230111 12:17:35.532" endtime="20230111 12:17:35.532"/>
</kw>
<kw name="Set Cell Value" library="RPA.Excel.Files">
<arg>1</arg>
<arg>E</arg>
<arg>Price</arg>
<doc>Set a cell value in the given worksheet.</doc>
<status status="NOT RUN" starttime="20230111 12:17:35.532" endtime="20230111 12:17:35.533"/>
</kw>
<kw name="Set Cell Value" library="RPA.Excel.Files">
<arg>2</arg>
<arg>A</arg>
<arg>${list}[0]</arg>
<doc>Set a cell value in the given worksheet.</doc>
<status status="NOT RUN" starttime="20230111 12:17:35.533" endtime="20230111 12:17:35.534"/>
</kw>
<kw name="Set Cell Value" library="RPA.Excel.Files">
<arg>2</arg>
<arg>B</arg>
<arg>${list}[1]</arg>
<doc>Set a cell value in the given worksheet.</doc>
<status status="NOT RUN" starttime="20230111 12:17:35.534" endtime="20230111 12:17:35.534"/>
</kw>
<kw name="Set Cell Value" library="RPA.Excel.Files">
<arg>2</arg>
<arg>C</arg>
<arg>${list}[2]</arg>
<doc>Set a cell value in the given worksheet.</doc>
<status status="NOT RUN" starttime="20230111 12:17:35.535" endtime="20230111 12:17:35.535"/>
</kw>
<kw name="Set Cell Value" library="RPA.Excel.Files">
<arg>2</arg>
<arg>D</arg>
<arg>${list}[3]</arg>
<doc>Set a cell value in the given worksheet.</doc>
<status status="NOT RUN" starttime="20230111 12:17:35.535" endtime="20230111 12:17:35.537"/>
</kw>
<kw name="Set Cell Value" library="RPA.Excel.Files">
<arg>2</arg>
<arg>E</arg>
<arg>${list}[4]</arg>
<doc>Set a cell value in the given worksheet.</doc>
<status status="NOT RUN" starttime="20230111 12:17:35.537" endtime="20230111 12:17:35.538"/>
</kw>
<kw name="Set Cell Value" library="RPA.Excel.Files">
<arg>3</arg>
<arg>A</arg>
<arg>${list1}[0]</arg>
<doc>Set a cell value in the given worksheet.</doc>
<status status="NOT RUN" starttime="20230111 12:17:35.538" endtime="20230111 12:17:35.539"/>
</kw>
<kw name="Set Cell Value" library="RPA.Excel.Files">
<arg>3</arg>
<arg>B</arg>
<arg>${list1}[1]</arg>
<doc>Set a cell value in the given worksheet.</doc>
<status status="NOT RUN" starttime="20230111 12:17:35.540" endtime="20230111 12:17:35.540"/>
</kw>
<kw name="Set Cell Value" library="RPA.Excel.Files">
<arg>3</arg>
<arg>C</arg>
<arg>${list1}[2]</arg>
<doc>Set a cell value in the given worksheet.</doc>
<status status="NOT RUN" starttime="20230111 12:17:35.540" endtime="20230111 12:17:35.541"/>
</kw>
<kw name="Set Cell Value" library="RPA.Excel.Files">
<arg>3</arg>
<arg>D</arg>
<arg>${list1}[3]</arg>
<doc>Set a cell value in the given worksheet.</doc>
<status status="NOT RUN" starttime="20230111 12:17:35.541" endtime="20230111 12:17:35.541"/>
</kw>
<kw name="Set Cell Value" library="RPA.Excel.Files">
<arg>3</arg>
<arg>E</arg>
<arg>${list1}[4]</arg>
<doc>Set a cell value in the given worksheet.</doc>
<status status="NOT RUN" starttime="20230111 12:17:35.542" endtime="20230111 12:17:35.542"/>
</kw>
<kw name="Save Workbook" library="RPA.Excel.Files">
<doc>Save the active workbook.</doc>
<status status="NOT RUN" starttime="20230111 12:17:35.542" endtime="20230111 12:17:35.543"/>
</kw>
<status status="NOT RUN" starttime="20230111 12:17:35.528" endtime="20230111 12:17:35.543"/>
</branch>
<status status="PASS" starttime="20230111 12:17:35.375" endtime="20230111 12:17:35.543"/>
</if>
<status status="PASS" starttime="20230111 12:17:35.355" endtime="20230111 12:17:35.544"/>
</kw>
<kw name="Close Workbook" library="RPA.Excel.Files">
<doc>Close the active workbook.</doc>
<msg timestamp="20230111 12:17:35.545" level="INFO">Closing workbook: &lt;RPA.Excel.Files.XlsxWorkbook object at 0x000002A46BD36400&gt;</msg>
<status status="PASS" starttime="20230111 12:17:35.544" endtime="20230111 12:17:35.545"/>
</kw>
<kw name="Wait Until Keyword Succeeds" library="BuiltIn">
<arg>50x</arg>
<arg>0.5s</arg>
<arg>click element</arg>
<arg>css:body &gt; nav &gt; div &gt; div.navbar-brand.p-0 &gt; a</arg>
<doc>Runs the specified keyword and retries if it fails.</doc>
<kw name="Click Element" library="RPA.Browser.Selenium">
<arg>css:body &gt; nav &gt; div &gt; div.navbar-brand.p-0 &gt; a</arg>
<doc>Click the element identified by ``locator``.</doc>
<msg timestamp="20230111 12:17:35.547" level="INFO">Clicking element 'css:body &gt; nav &gt; div &gt; div.navbar-brand.p-0 &gt; a'.</msg>
<status status="PASS" starttime="20230111 12:17:35.546" endtime="20230111 12:17:44.198"/>
</kw>
<status status="PASS" starttime="20230111 12:17:35.545" endtime="20230111 12:17:44.199"/>
</kw>
<kw name="write completed for successfully transaction">
<arg>${count}</arg>
<kw name="Open Workbook" library="RPA.Excel.Files">
<arg>Bus-Input.xlsx</arg>
<doc>Open an existing Excel workbook.</doc>
<msg timestamp="20230111 12:17:44.235" level="INFO">Opened workbook: &lt;RPA.Excel.Files.XlsxWorkbook object at 0x000002A46BDB3A90&gt;</msg>
<status status="PASS" starttime="20230111 12:17:44.201" endtime="20230111 12:17:44.235"/>
</kw>
<kw name="Set Cell Value" library="RPA.Excel.Files">
<arg>${count}</arg>
<arg>D</arg>
<arg>completed</arg>
<doc>Set a cell value in the given worksheet.</doc>
<status status="PASS" starttime="20230111 12:17:44.240" endtime="20230111 12:17:44.243"/>
</kw>
<kw name="Save Workbook" library="RPA.Excel.Files">
<doc>Save the active workbook.</doc>
<status status="PASS" starttime="20230111 12:17:44.244" endtime="20230111 12:17:44.314"/>
</kw>
<status status="PASS" starttime="20230111 12:17:44.200" endtime="20230111 12:17:44.315"/>
</kw>
<status status="PASS" starttime="20230111 12:17:33.683" endtime="20230111 12:17:44.316"/>
</branch>
<branch type="ELSE">
<kw name="Evaluate" library="BuiltIn">
<var>${count}</var>
<arg>${count} + 1</arg>
<doc>Evaluates the given expression in Python and returns the result.</doc>
<status status="NOT RUN" starttime="20230111 12:17:44.318" endtime="20230111 12:17:44.319"/>
</kw>
<kw name="Wait Until Keyword Succeeds" library="BuiltIn">
<arg>50x</arg>
<arg>0.5s</arg>
<arg>click element</arg>
<arg>css:body &gt; nav &gt; div &gt; div.navbar-brand.p-0 &gt; a</arg>
<doc>Runs the specified keyword and retries if it fails.</doc>
<status status="NOT RUN" starttime="20230111 12:17:44.320" endtime="20230111 12:17:44.324"/>
</kw>
<kw name="Set Variable" library="BuiltIn">
<var>${no bus}</var>
<arg>No Direct bus found between source and Destination</arg>
<doc>Returns the given values which can then be assigned to a variables.</doc>
<status status="NOT RUN" starttime="20230111 12:17:44.326" endtime="20230111 12:17:44.327"/>
</kw>
<kw name="Write Exception if No Bus found">
<arg>${no bus}</arg>
<arg>${count}</arg>
<status status="NOT RUN" starttime="20230111 12:17:44.328" endtime="20230111 12:17:44.329"/>
</kw>
<status status="NOT RUN" starttime="20230111 12:17:44.317" endtime="20230111 12:17:44.331"/>
</branch>
<status status="PASS" starttime="20230111 12:17:33.682" endtime="20230111 12:17:44.332"/>
</if>
<status status="PASS" starttime="20230111 12:16:56.661" endtime="20230111 12:17:44.332"/>
</branch>
<branch type="ELSE">
<kw name="Evaluate" library="BuiltIn">
<var>${count}</var>
<arg>${count} + 1</arg>
<doc>Evaluates the given expression in Python and returns the result.</doc>
<status status="NOT RUN" starttime="20230111 12:17:44.333" endtime="20230111 12:17:44.336"/>
</kw>
<kw name="Log" library="BuiltIn">
<arg>date is passed away</arg>
<doc>Logs the given message with the given level.</doc>
<status status="NOT RUN" starttime="20230111 12:17:44.337" endtime="20230111 12:17:44.339"/>
</kw>
<kw name="Set Variable" library="BuiltIn">
<var>${date_passed}</var>
<arg>date is passed away</arg>
<doc>Returns the given values which can then be assigned to a variables.</doc>
<status status="NOT RUN" starttime="20230111 12:17:44.343" endtime="20230111 12:17:44.344"/>
</kw>
<kw name="Write Exception if Date has Passed">
<arg>${date_passed}</arg>
<arg>${count}</arg>
<status status="NOT RUN" starttime="20230111 12:17:44.347" endtime="20230111 12:17:44.347"/>
</kw>
<status status="NOT RUN" starttime="20230111 12:17:44.333" endtime="20230111 12:17:44.347"/>
</branch>
<status status="PASS" starttime="20230111 12:16:56.660" endtime="20230111 12:17:44.348"/>
</if>
<status status="PASS" starttime="20230111 12:16:56.655" endtime="20230111 12:17:44.348"/>
</branch>
<status status="PASS" starttime="20230111 12:16:56.607" endtime="20230111 12:17:44.349"/>
</if>
<status status="PASS" starttime="20230111 12:16:56.606" endtime="20230111 12:17:44.349"/>
</branch>
<status status="PASS" starttime="20230111 12:16:56.598" endtime="20230111 12:17:44.350"/>
</if>
<status status="PASS" starttime="20230111 12:16:56.591" endtime="20230111 12:17:44.350"/>
</branch>
<status status="PASS" starttime="20230111 12:16:56.582" endtime="20230111 12:17:44.350"/>
</if>
<kw name="Close Workbook" library="RPA.Excel.Files">
<doc>Close the active workbook.</doc>
<msg timestamp="20230111 12:17:44.352" level="INFO">Closing workbook: &lt;RPA.Excel.Files.XlsxWorkbook object at 0x000002A46BDB3A90&gt;</msg>
<status status="PASS" starttime="20230111 12:17:44.351" endtime="20230111 12:17:44.354"/>
</kw>
<status status="PASS" starttime="20230111 12:16:56.565" endtime="20230111 12:17:44.356"/>
</branch>
<branch type="EXCEPT">
<kw name="Log" library="BuiltIn">
<arg>unable to enter the data</arg>
<doc>Logs the given message with the given level.</doc>
<status status="NOT RUN" starttime="20230111 12:17:44.359" endtime="20230111 12:17:44.360"/>
</kw>
<status status="NOT RUN" starttime="20230111 12:17:44.358" endtime="20230111 12:17:44.361"/>
</branch>
<status status="PASS" starttime="20230111 12:16:56.564" endtime="20230111 12:17:44.363"/>
</try>
<status status="PASS" starttime="20230111 12:16:56.563" endtime="20230111 12:17:44.363"/>
</iter>
<status status="PASS" starttime="20230111 12:15:33.942" endtime="20230111 12:17:44.364"/>
</for>
<status status="PASS" starttime="20230111 12:15:33.938" endtime="20230111 12:17:44.364"/>
</kw>
<kw name="Close Browser" library="RPA.Browser.Selenium">
<doc>Closes the current browser.</doc>
<status status="PASS" starttime="20230111 12:17:44.365" endtime="20230111 12:17:47.424"/>
</kw>
<status status="PASS" starttime="20230111 12:15:26.951" endtime="20230111 12:17:47.424"/>
</branch>
<branch type="EXCEPT">
<kw name="Log" library="BuiltIn">
<arg>Unable to read the input excel</arg>
<doc>Logs the given message with the given level.</doc>
<status status="NOT RUN" starttime="20230111 12:17:47.425" endtime="20230111 12:17:47.425"/>
</kw>
<status status="NOT RUN" starttime="20230111 12:17:47.424" endtime="20230111 12:17:47.425"/>
</branch>
<status status="PASS" starttime="20230111 12:15:26.951" endtime="20230111 12:17:47.425"/>
</try>
<status status="PASS" starttime="20230111 12:15:26.942" endtime="20230111 12:17:47.427"/>
</test>
<doc>Template robot main suite.</doc>
<status status="PASS" starttime="20230111 12:15:23.920" endtime="20230111 12:17:47.429"/>
</suite>
<statistics>
<total>
<stat pass="1" fail="0" skip="0">All Tasks</stat>
</total>
<tag>
</tag>
<suite>
<stat pass="1" fail="0" skip="0" id="s1" name="Tasks">Tasks</stat>
</suite>
</statistics>
<errors>
</errors>
</robot>
