<?xml version="1.0" encoding="UTF-8"?>
<robot generator="Robot 5.0.1 (Python 3.9.13 on win32)" generated="20230110 22:39:07.203" rpa="true" schemaversion="3">
<suite id="s1" name="Tasks" source="c:\Users\sanjesh.ld\Documents\Robocorp Projects\RGB\tasks.robot">
<test id="s1-t1" name="Read Input Excel" line="21">
<kw name="Get Current Date" library="DateTime">
<var>${current_date}</var>
<arg>result_format=%d-%m-%Y</arg>
<doc>Returns current local or UTC time with an optional increment.</doc>
<msg timestamp="20230110 22:39:12.933" level="INFO">${current_date} = 10-01-2023</msg>
<status status="PASS" starttime="20230110 22:39:12.932" endtime="20230110 22:39:12.939"/>
</kw>
<try>
<branch type="TRY">
<kw name="Parse Xml" library="XML">
<var>${config}</var>
<arg>config.xml</arg>
<doc>Parses the given XML file or string into an element structure.</doc>
<msg timestamp="20230110 22:39:12.947" level="INFO">${config} = &lt;Element 'config' at 0x000001E0745F2310&gt;</msg>
<status status="PASS" starttime="20230110 22:39:12.942" endtime="20230110 22:39:12.947"/>
</kw>
<kw name="Get Element Text" library="XML">
<var>${input excel}</var>
<arg>${config}[0]</arg>
<doc>Returns all text of the element, possibly whitespace normalized.</doc>
<msg timestamp="20230110 22:39:12.949" level="INFO">${input excel} = C:\Users\sanjesh.ld\Documents\Robocorp Projects\RGB\Bus-Input.xlsx </msg>
<status status="PASS" starttime="20230110 22:39:12.948" endtime="20230110 22:39:12.949"/>
</kw>
<kw name="Get Element Text" library="XML">
<var>${sheet}</var>
<arg>${config}[1]</arg>
<doc>Returns all text of the element, possibly whitespace normalized.</doc>
<msg timestamp="20230110 22:39:12.951" level="INFO">${sheet} = Sheet1</msg>
<status status="PASS" starttime="20230110 22:39:12.950" endtime="20230110 22:39:12.951"/>
</kw>
<kw name="Open Workbook" library="RPA.Excel.Files">
<arg>${input excel}</arg>
<doc>Open an existing Excel workbook.</doc>
<msg timestamp="20230110 22:39:12.972" level="INFO">Opened workbook: &lt;RPA.Excel.Files.XlsxWorkbook object at 0x000001E0745C7B80&gt;</msg>
<status status="PASS" starttime="20230110 22:39:12.951" endtime="20230110 22:39:12.973"/>
</kw>
<kw name="Read Worksheet" library="RPA.Excel.Files">
<arg>${sheet}</arg>
<doc>Read the content of a worksheet into a list of dictionaries.</doc>
<status status="PASS" starttime="20230110 22:39:12.973" endtime="20230110 22:39:12.975"/>
</kw>
<kw name="Read Worksheet As Table" library="RPA.Excel.Files">
<var>${read_input}</var>
<arg>header= true</arg>
<doc>Read the contents of a worksheet into a Table container. Allows
sorting/filtering/manipulating using the ``RPA.Tables`` library.</doc>
<msg timestamp="20230110 22:39:12.978" level="INFO">Created table: Table(columns=['From', 'To', 'Date', 'Status'], rows=8)</msg>
<msg timestamp="20230110 22:39:12.979" level="INFO">${read_input} = Table(columns=['From', 'To', 'Date', 'Status'], rows=8)</msg>
<status status="PASS" starttime="20230110 22:39:12.977" endtime="20230110 22:39:12.979"/>
</kw>
<kw name="open Abhibus website">
<kw name="Open Available Browser" library="RPA.Browser.Selenium">
<arg>${url}</arg>
<doc>Attempts to open a browser on the user's device from a set of
supported browsers. Automatically downloads a corresponding webdriver
if none is already installed.</doc>
<msg timestamp="20230110 22:39:12.982" level="INFO">Creating an instance of the Chrome WebDriver.</msg>
<msg timestamp="20230110 22:39:15.937" level="INFO">Created Chrome browser with arguments: --disable-dev-shm-usage --disable-web-security --allow-running-insecure-content --no-sandbox</msg>
<msg timestamp="20230110 22:39:15.938" level="INFO" html="true">&lt;p&gt;Attempted combinations:&lt;/p&gt;&lt;div class="doc"&gt;&lt;table&gt;&lt;tr&gt;&lt;th&gt;Browser&lt;/th&gt;&lt;th&gt;Download&lt;/th&gt;&lt;th&gt;Error&lt;/th&gt;&lt;/tr&gt;&lt;tr&gt;&lt;td&gt;Chrome&lt;/td&gt;&lt;td&gt;False&lt;/td&gt;&lt;td&gt;&lt;/td&gt;&lt;/tr&gt;&lt;/table&gt;&lt;/div&gt;</msg>
<msg timestamp="20230110 22:39:15.939" level="INFO">Opening url 'https://www.abhibus.com/'</msg>
<status status="PASS" starttime="20230110 22:39:12.980" endtime="20230110 22:39:24.241"/>
</kw>
<kw name="Maximize Browser Window" library="RPA.Browser.Selenium">
<doc>Maximizes current browser window.</doc>
<status status="PASS" starttime="20230110 22:39:24.243" endtime="20230110 22:39:24.393"/>
</kw>
<status status="PASS" starttime="20230110 22:39:12.979" endtime="20230110 22:39:24.394"/>
</kw>
<kw name="Read Excel file and input the data in website">
<arg>${current_date}</arg>
<arg>${read_input}</arg>
<kw name="Set Variable" library="BuiltIn">
<var>${count}</var>
<arg>1</arg>
<doc>Returns the given values which can then be assigned to a variables.</doc>
<msg timestamp="20230110 22:39:24.401" level="INFO">${count} = 1</msg>
<status status="PASS" starttime="20230110 22:39:24.397" endtime="20230110 22:39:24.403"/>
</kw>
<for flavor="IN">
<var>${item}</var>
<value>@{read_input}</value>
<iter>
<var name="${item}">{'From': 'Coimbatore', 'To': 'Madurai', 'Date': datetime.datetime(2023, 1, 11, 0, 0), 'Status': 'No data found'}</var>
<kw name="Create List" library="BuiltIn">
<var>${Input excel Value}</var>
<doc>Returns a list containing given items.</doc>
<msg timestamp="20230110 22:39:24.410" level="INFO">${Input excel Value} = []</msg>
<status status="PASS" starttime="20230110 22:39:24.409" endtime="20230110 22:39:24.410"/>
</kw>
<try>
<branch type="TRY">
<kw name="Set Variable" library="BuiltIn">
<var>${from}</var>
<arg>${item}[From]</arg>
<doc>Returns the given values which can then be assigned to a variables.</doc>
<msg timestamp="20230110 22:39:24.413" level="INFO">${from} = Coimbatore</msg>
<status status="PASS" starttime="20230110 22:39:24.412" endtime="20230110 22:39:24.414"/>
</kw>
<kw name="Set Variable" library="BuiltIn">
<var>${To}</var>
<arg>${item}[To]</arg>
<doc>Returns the given values which can then be assigned to a variables.</doc>
<msg timestamp="20230110 22:39:24.418" level="INFO">${To} = Madurai</msg>
<status status="PASS" starttime="20230110 22:39:24.415" endtime="20230110 22:39:24.418"/>
</kw>
<kw name="Set Variable" library="BuiltIn">
<var>${Date}</var>
<arg>${item}[Date]</arg>
<doc>Returns the given values which can then be assigned to a variables.</doc>
<msg timestamp="20230110 22:39:24.420" level="INFO">${Date} = 2023-01-11 00:00:00</msg>
<status status="PASS" starttime="20230110 22:39:24.419" endtime="20230110 22:39:24.420"/>
</kw>
<kw name="Append To List" library="Collections">
<arg>${Input excel Value}</arg>
<arg>${from}</arg>
<arg>${To}</arg>
<arg>${Date}</arg>
<doc>Adds ``values`` to the end of ``list``.</doc>
<status status="PASS" starttime="20230110 22:39:24.421" endtime="20230110 22:39:24.423"/>
</kw>
<kw name="Log" library="BuiltIn">
<arg>${Input excel Value}</arg>
<doc>Logs the given message with the given level.</doc>
<msg timestamp="20230110 22:39:24.425" level="INFO">['Coimbatore', 'Madurai', datetime.datetime(2023, 1, 11, 0, 0)]</msg>
<status status="PASS" starttime="20230110 22:39:24.424" endtime="20230110 22:39:24.425"/>
</kw>
<if>
<branch type="IF" condition="&quot;${Input_excel_Value}&quot; == &quot;[None, None, None]&quot;">
<kw name="Evaluate" library="BuiltIn">
<var>${count}</var>
<arg>${count} + 1</arg>
<doc>Evaluates the given expression in Python and returns the result.</doc>
<status status="NOT RUN" starttime="20230110 22:39:24.427" endtime="20230110 22:39:24.427"/>
</kw>
<kw name="Set Variable" library="BuiltIn">
<var>${error_handling_nodata}</var>
<arg>No data found</arg>
<doc>Returns the given values which can then be assigned to a variables.</doc>
<status status="NOT RUN" starttime="20230110 22:39:24.429" endtime="20230110 22:39:24.429"/>
</kw>
<kw name="Write Exception if No value present">
<arg>${error_handling_nodata}</arg>
<arg>${count}</arg>
<status status="NOT RUN" starttime="20230110 22:39:24.429" endtime="20230110 22:39:24.430"/>
</kw>
<status status="NOT RUN" starttime="20230110 22:39:24.426" endtime="20230110 22:39:24.431"/>
</branch>
<branch type="ELSE IF" condition="&quot;${from}&quot; == &quot;None&quot;">
<kw name="Evaluate" library="BuiltIn">
<var>${count}</var>
<arg>${count} + 1</arg>
<doc>Evaluates the given expression in Python and returns the result.</doc>
<status status="NOT RUN" starttime="20230110 22:39:24.435" endtime="20230110 22:39:24.436"/>
</kw>
<kw name="Set Variable" library="BuiltIn">
<var>${error_handling_Source}</var>
<arg>No source value found</arg>
<doc>Returns the given values which can then be assigned to a variables.</doc>
<status status="NOT RUN" starttime="20230110 22:39:24.436" endtime="20230110 22:39:24.437"/>
</kw>
<kw name="Write Exception if Source value not present">
<arg>${error_handling_Source}</arg>
<arg>${count}</arg>
<status status="NOT RUN" starttime="20230110 22:39:24.437" endtime="20230110 22:39:24.438"/>
</kw>
<status status="NOT RUN" starttime="20230110 22:39:24.432" endtime="20230110 22:39:24.438"/>
</branch>
<branch type="ELSE">
<kw name="Log" library="BuiltIn">
<arg>From is: ${from}</arg>
<doc>Logs the given message with the given level.</doc>
<msg timestamp="20230110 22:39:24.441" level="INFO">From is: Coimbatore</msg>
<status status="PASS" starttime="20230110 22:39:24.440" endtime="20230110 22:39:24.441"/>
</kw>
<if>
<branch type="IF" condition="&quot;${To}&quot; == &quot;None&quot;">
<kw name="Evaluate" library="BuiltIn">
<var>${count}</var>
<arg>${count} + 1</arg>
<doc>Evaluates the given expression in Python and returns the result.</doc>
<status status="NOT RUN" starttime="20230110 22:39:24.443" endtime="20230110 22:39:24.444"/>
</kw>
<kw name="Set Variable" library="BuiltIn">
<var>${error_handling_To}</var>
<arg>No Destination Present</arg>
<doc>Returns the given values which can then be assigned to a variables.</doc>
<status status="NOT RUN" starttime="20230110 22:39:24.444" endtime="20230110 22:39:24.445"/>
</kw>
<kw name="Write Exception if Destination value not present">
<arg>${error_handling_To}</arg>
<arg>${count}</arg>
<status status="NOT RUN" starttime="20230110 22:39:24.446" endtime="20230110 22:39:24.446"/>
</kw>
<status status="NOT RUN" starttime="20230110 22:39:24.442" endtime="20230110 22:39:24.447"/>
</branch>
<branch type="ELSE">
<kw name="Log" library="BuiltIn">
<arg>Desination is : ${To}</arg>
<doc>Logs the given message with the given level.</doc>
<msg timestamp="20230110 22:39:24.457" level="INFO">Desination is : Madurai</msg>
<status status="PASS" starttime="20230110 22:39:24.449" endtime="20230110 22:39:24.457"/>
</kw>
<if>
<branch type="IF" condition="&quot;${Date}&quot; == &quot;None&quot;">
<kw name="Evaluate" library="BuiltIn">
<var>${count}</var>
<arg>${count} + 1</arg>
<doc>Evaluates the given expression in Python and returns the result.</doc>
<status status="NOT RUN" starttime="20230110 22:39:24.459" endtime="20230110 22:39:24.460"/>
</kw>
<kw name="Set Variable" library="BuiltIn">
<var>${error_handling_Date}</var>
<arg>No Date Present</arg>
<doc>Returns the given values which can then be assigned to a variables.</doc>
<status status="NOT RUN" starttime="20230110 22:39:24.462" endtime="20230110 22:39:24.462"/>
</kw>
<kw name="Write Exception if Date value not present">
<arg>${error_handling_Date}</arg>
<arg>${count}</arg>
<status status="NOT RUN" starttime="20230110 22:39:24.463" endtime="20230110 22:39:24.463"/>
</kw>
<status status="NOT RUN" starttime="20230110 22:39:24.458" endtime="20230110 22:39:24.464"/>
</branch>
<branch type="ELSE">
<kw name="Convert Date" library="DateTime">
<var>${formatted_date}</var>
<arg>${Date}</arg>
<arg>result_format=%d-%m-%Y</arg>
<doc>Converts between supported `date formats`.</doc>
<msg timestamp="20230110 22:39:24.473" level="INFO">${formatted_date} = 11-01-2023</msg>
<status status="PASS" starttime="20230110 22:39:24.470" endtime="20230110 22:39:24.473"/>
</kw>
<kw name="Log" library="BuiltIn">
<arg>Date is ${formatted_date}</arg>
<doc>Logs the given message with the given level.</doc>
<msg timestamp="20230110 22:39:24.475" level="INFO">Date is 11-01-2023</msg>
<status status="PASS" starttime="20230110 22:39:24.474" endtime="20230110 22:39:24.475"/>
</kw>
<if>
<branch type="IF" condition="'${formatteddate}' &gt;= '${current_date}'">
<kw name="Sleep" library="BuiltIn">
<arg>2s</arg>
<doc>Pauses the test executed for the given time.</doc>
<msg timestamp="20230110 22:39:26.489" level="INFO">Slept 2 seconds</msg>
<status status="PASS" starttime="20230110 22:39:24.478" endtime="20230110 22:39:26.489"/>
</kw>
<kw name="Input Text" library="RPA.Browser.Selenium">
<arg>//*[@id="source"]</arg>
<arg>${from}</arg>
<doc>Types the given ``text`` into the text field identified by ``locator``.</doc>
<msg timestamp="20230110 22:39:26.492" level="INFO">Typing text 'Coimbatore' into text field '//*[@id="source"]'.</msg>
<status status="PASS" starttime="20230110 22:39:26.490" endtime="20230110 22:39:26.971"/>
</kw>
<kw name="Sleep" library="BuiltIn">
<arg>2s</arg>
<doc>Pauses the test executed for the given time.</doc>
<msg timestamp="20230110 22:39:28.977" level="INFO">Slept 2 seconds</msg>
<status status="PASS" starttime="20230110 22:39:26.972" endtime="20230110 22:39:28.985"/>
</kw>
<kw name="Press Keys" library="RPA.Browser.Selenium">
<arg>//*[@id="source"]</arg>
<arg>ENTER</arg>
<doc>Simulates the user pressing key(s) to an element or on the active browser.</doc>
<msg timestamp="20230110 22:39:28.989" level="INFO">Sending key(s) ('ENTER',) to //*[@id="source"] element.</msg>
<msg timestamp="20230110 22:39:29.397" level="INFO">Pressing special key ENTER to element.</msg>
<msg timestamp="20230110 22:39:29.399" level="INFO">Releasing special key ENTER.</msg>
<status status="PASS" starttime="20230110 22:39:28.986" endtime="20230110 22:39:29.441"/>
</kw>
<kw name="Sleep" library="BuiltIn">
<arg>2s</arg>
<doc>Pauses the test executed for the given time.</doc>
<msg timestamp="20230110 22:39:31.448" level="INFO">Slept 2 seconds</msg>
<status status="PASS" starttime="20230110 22:39:29.442" endtime="20230110 22:39:31.448"/>
</kw>
<kw name="Input Text" library="RPA.Browser.Selenium">
<arg>//*[@id="destination"]</arg>
<arg>${To}</arg>
<doc>Types the given ``text`` into the text field identified by ``locator``.</doc>
<msg timestamp="20230110 22:39:31.450" level="INFO">Typing text 'Madurai' into text field '//*[@id="destination"]'.</msg>
<status status="PASS" starttime="20230110 22:39:31.449" endtime="20230110 22:39:31.657"/>
</kw>
<kw name="Sleep" library="BuiltIn">
<arg>2s</arg>
<doc>Pauses the test executed for the given time.</doc>
<msg timestamp="20230110 22:39:33.665" level="INFO">Slept 2 seconds</msg>
<status status="PASS" starttime="20230110 22:39:31.661" endtime="20230110 22:39:33.666"/>
</kw>
<kw name="Press Keys" library="RPA.Browser.Selenium">
<arg>//*[@id="destination"]</arg>
<arg>ENTER</arg>
<doc>Simulates the user pressing key(s) to an element or on the active browser.</doc>
<msg timestamp="20230110 22:39:33.668" level="INFO">Sending key(s) ('ENTER',) to //*[@id="destination"] element.</msg>
<msg timestamp="20230110 22:39:34.005" level="INFO">Pressing special key ENTER to element.</msg>
<msg timestamp="20230110 22:39:34.006" level="INFO">Releasing special key ENTER.</msg>
<status status="PASS" starttime="20230110 22:39:33.667" endtime="20230110 22:39:34.033"/>
</kw>
<kw name="Sleep" library="BuiltIn">
<arg>2s</arg>
<doc>Pauses the test executed for the given time.</doc>
<msg timestamp="20230110 22:39:36.037" level="INFO">Slept 2 seconds</msg>
<status status="PASS" starttime="20230110 22:39:34.034" endtime="20230110 22:39:36.039"/>
</kw>
<kw name="Click Button" library="RPA.Browser.Selenium">
<arg>//*[@id="datepicker1"]</arg>
<doc>Clicks the button identified by ``locator``.</doc>
<msg timestamp="20230110 22:39:36.045" level="INFO">Clicking button '//*[@id="datepicker1"]'.</msg>
<status status="PASS" starttime="20230110 22:39:36.042" endtime="20230110 22:39:36.300"/>
</kw>
<kw name="Click Element" library="RPA.Browser.Selenium">
<arg>alias:Date</arg>
<doc>Click the element identified by ``locator``.</doc>
<msg timestamp="20230110 22:39:36.303" level="INFO">Clicking element 'alias:Date'.</msg>
<status status="PASS" starttime="20230110 22:39:36.301" endtime="20230110 22:39:36.631"/>
</kw>
<kw name="Sleep" library="BuiltIn">
<arg>3s</arg>
<doc>Pauses the test executed for the given time.</doc>
<msg timestamp="20230110 22:39:39.643" level="INFO">Slept 3 seconds</msg>
<status status="PASS" starttime="20230110 22:39:36.632" endtime="20230110 22:39:39.643"/>
</kw>
<kw name="Input Text" library="RPA.Browser.Selenium">
<arg>datepicker1</arg>
<arg>${formatted_date}</arg>
<arg>clear=${true}</arg>
<doc>Types the given ``text`` into the text field identified by ``locator``.</doc>
<msg timestamp="20230110 22:39:39.647" level="INFO">Typing text '11-01-2023' into text field 'datepicker1'.</msg>
<status status="PASS" starttime="20230110 22:39:39.645" endtime="20230110 22:39:40.095"/>
</kw>
<kw name="Wait Until Element Is Visible" library="RPA.Browser.Selenium">
<arg>xpath=//a[@class="btn btn-main px-5 py-2 border-right-radius"]</arg>
<arg>20</arg>
<arg>seconds</arg>
<doc>Waits until the element ``locator`` is visible.</doc>
<status status="PASS" starttime="20230110 22:39:40.096" endtime="20230110 22:39:40.229"/>
</kw>
<kw name="Set Focus To Element" library="RPA.Browser.Selenium">
<arg>xpath=//a[@class="btn btn-main px-5 py-2 border-right-radius"]</arg>
<doc>Sets the focus to the element identified by ``locator``.</doc>
<status status="PASS" starttime="20230110 22:39:40.230" endtime="20230110 22:39:40.296"/>
</kw>
<kw name="Wait Until Keyword Succeeds" library="BuiltIn">
<arg>10x</arg>
<arg>0.2s</arg>
<arg>Click Element</arg>
<arg>xpath=//a[@class="btn btn-main px-5 py-2 border-right-radius"]</arg>
<doc>Runs the specified keyword and retries if it fails.</doc>
<kw name="Click Element" library="RPA.Browser.Selenium">
<arg>xpath=//a[@class="btn btn-main px-5 py-2 border-right-radius"]</arg>
<doc>Click the element identified by ``locator``.</doc>
<msg timestamp="20230110 22:39:40.307" level="INFO">Clicking element 'xpath=//a[@class="btn btn-main px-5 py-2 border-right-radius"]'.</msg>
<status status="PASS" starttime="20230110 22:39:40.299" endtime="20230110 22:39:54.115"/>
</kw>
<status status="PASS" starttime="20230110 22:39:40.297" endtime="20230110 22:39:54.116"/>
</kw>
<kw name="Wait Until Element Is Enabled" library="RPA.Browser.Selenium">
<arg>//*[@id="filterPos1"]/div/div[1]/div[1]/div/span[1]</arg>
<doc>Waits until the element ``locator`` is enabled.</doc>
<status status="PASS" starttime="20230110 22:39:54.116" endtime="20230110 22:39:54.226"/>
</kw>
<kw name="Sleep" library="BuiltIn">
<arg>10s</arg>
<doc>Pauses the test executed for the given time.</doc>
<msg timestamp="20230110 22:40:04.243" level="INFO">Slept 10 seconds</msg>
<status status="PASS" starttime="20230110 22:39:54.227" endtime="20230110 22:40:04.243"/>
</kw>
<kw name="Does Page Contain Element" library="RPA.Browser.Selenium">
<var>${resultPresent}</var>
<arg>xpath=//h2[@class="TravelAgntNm ng-binding"]</arg>
<doc>Does page contain expected element</doc>
<msg timestamp="20230110 22:40:04.270" level="INFO">Current page contains element 'xpath=//h2[@class="TravelAgntNm ng-binding"]'.</msg>
<msg timestamp="20230110 22:40:04.271" level="INFO">${resultPresent} = True</msg>
<status status="PASS" starttime="20230110 22:40:04.244" endtime="20230110 22:40:04.271"/>
</kw>
<if>
<branch type="IF" condition="${resultPresent} == ${True}">
<kw name="Evaluate" library="BuiltIn">
<var>${count}</var>
<arg>${count} + 1</arg>
<doc>Evaluates the given expression in Python and returns the result.</doc>
<msg timestamp="20230110 22:40:04.273" level="INFO">${count} = 2</msg>
<status status="PASS" starttime="20230110 22:40:04.272" endtime="20230110 22:40:04.273"/>
</kw>
<kw name="Click Element" library="RPA.Browser.Selenium">
<arg>xpath=//span[@class="sort-price-up"]</arg>
<doc>Click the element identified by ``locator``.</doc>
<msg timestamp="20230110 22:40:04.275" level="INFO">Clicking element 'xpath=//span[@class="sort-price-up"]'.</msg>
<status status="PASS" starttime="20230110 22:40:04.274" endtime="20230110 22:40:04.891"/>
</kw>
<kw name="First element">
<var>${list}</var>
<kw name="Create List" library="BuiltIn">
<var>${list}</var>
<doc>Returns a list containing given items.</doc>
<msg timestamp="20230110 22:40:04.894" level="INFO">${list} = []</msg>
<status status="PASS" starttime="20230110 22:40:04.894" endtime="20230110 22:40:04.895"/>
</kw>
<kw name="Get WebElements" library="RPA.Browser.Selenium">
<var>${bus}</var>
<arg>xpath=//h2[@class="TravelAgntNm ng-binding"]</arg>
<doc>Returns a list of WebElement objects matching the ``locator``.</doc>
<msg timestamp="20230110 22:40:04.919" level="INFO">${bus} = [&lt;selenium.webdriver.remote.webelement.WebElement (session="a22b0fe6587f8d70185acbcb045097de", element="c2e7822f-cc74-4a1c-8f5a-2635b2aeb016")&gt;, &lt;selenium.webdriver.remote.webelement.WebElement (sessi...</msg>
<status status="PASS" starttime="20230110 22:40:04.895" endtime="20230110 22:40:04.920"/>
</kw>
<kw name="Get WebElement" library="RPA.Browser.Selenium">
<var>${bus_name_First_element}</var>
<arg>${bus}[0]</arg>
<doc>Returns the first WebElement matching the given ``locator``.</doc>
<msg timestamp="20230110 22:40:04.923" level="INFO">${bus_name_First_element} = &lt;selenium.webdriver.remote.webelement.WebElement (session="a22b0fe6587f8d70185acbcb045097de", element="c2e7822f-cc74-4a1c-8f5a-2635b2aeb016")&gt;</msg>
<status status="PASS" starttime="20230110 22:40:04.921" endtime="20230110 22:40:04.924"/>
</kw>
<kw name="Get Text" library="RPA.Browser.Selenium">
<var>${bus_name}</var>
<arg>${bus_name_First_element}</arg>
<doc>Returns the text value of the element identified by ``locator``.</doc>
<msg timestamp="20230110 22:40:04.956" level="INFO">${bus_name} = SRI BHAGYALAKSHMI TRAVELS</msg>
<status status="PASS" starttime="20230110 22:40:04.925" endtime="20230110 22:40:04.956"/>
</kw>
<kw name="Get WebElements" library="RPA.Browser.Selenium">
<var>${price}</var>
<arg>xpath=//strong[@class="TickRate ng-binding"]</arg>
<doc>Returns a list of WebElement objects matching the ``locator``.</doc>
<msg timestamp="20230110 22:40:05.034" level="INFO">${price} = [&lt;selenium.webdriver.remote.webelement.WebElement (session="a22b0fe6587f8d70185acbcb045097de", element="7c8ad07f-b308-41de-81d6-49dcc6208b70")&gt;, &lt;selenium.webdriver.remote.webelement.WebElement (sessi...</msg>
<status status="PASS" starttime="20230110 22:40:04.957" endtime="20230110 22:40:05.034"/>
</kw>
<kw name="Get WebElement" library="RPA.Browser.Selenium">
<var>${price_First_element}</var>
<arg>${price}[0]</arg>
<doc>Returns the first WebElement matching the given ``locator``.</doc>
<msg timestamp="20230110 22:40:05.038" level="INFO">${price_First_element} = &lt;selenium.webdriver.remote.webelement.WebElement (session="a22b0fe6587f8d70185acbcb045097de", element="7c8ad07f-b308-41de-81d6-49dcc6208b70")&gt;</msg>
<status status="PASS" starttime="20230110 22:40:05.036" endtime="20230110 22:40:05.039"/>
</kw>
<kw name="Get Text" library="RPA.Browser.Selenium">
<var>${Amount}</var>
<arg>${price_First_element}</arg>
<doc>Returns the text value of the element identified by ``locator``.</doc>
<msg timestamp="20230110 22:40:05.078" level="INFO">${Amount} = 1500 </msg>
<status status="PASS" starttime="20230110 22:40:05.040" endtime="20230110 22:40:05.078"/>
</kw>
<kw name="Get WebElements" library="RPA.Browser.Selenium">
<var>${strTime}</var>
<arg>xpath=//span[@class="StrtTm tooltipsteredBoarding ng-binding tooltipstered"]</arg>
<doc>Returns a list of WebElement objects matching the ``locator``.</doc>
<msg timestamp="20230110 22:40:05.101" level="INFO">${strTime} = [&lt;selenium.webdriver.remote.webelement.WebElement (session="a22b0fe6587f8d70185acbcb045097de", element="c876dea9-c55e-41bc-a5bd-c6374b667795")&gt;, &lt;selenium.webdriver.remote.webelement.WebElement (sessi...</msg>
<status status="PASS" starttime="20230110 22:40:05.079" endtime="20230110 22:40:05.102"/>
</kw>
<kw name="Get WebElement" library="RPA.Browser.Selenium">
<var>${strTime_First_element}</var>
<arg>${strTime}[0]</arg>
<doc>Returns the first WebElement matching the given ``locator``.</doc>
<msg timestamp="20230110 22:40:05.107" level="INFO">${strTime_First_element} = &lt;selenium.webdriver.remote.webelement.WebElement (session="a22b0fe6587f8d70185acbcb045097de", element="c876dea9-c55e-41bc-a5bd-c6374b667795")&gt;</msg>
<status status="PASS" starttime="20230110 22:40:05.103" endtime="20230110 22:40:05.107"/>
</kw>
<kw name="Get Text" library="RPA.Browser.Selenium">
<var>${startTime}</var>
<arg>${strTime_First_element}</arg>
<doc>Returns the text value of the element identified by ``locator``.</doc>
<msg timestamp="20230110 22:40:05.138" level="INFO">${startTime} = 21:45</msg>
<status status="PASS" starttime="20230110 22:40:05.108" endtime="20230110 22:40:05.139"/>
</kw>
<kw name="Get WebElements" library="RPA.Browser.Selenium">
<var>${ArrTime}</var>
<arg>xpath=//span[@class="ArvTm tooltipsteredDropping ng-binding tooltipstered"]</arg>
<doc>Returns a list of WebElement objects matching the ``locator``.</doc>
<msg timestamp="20230110 22:40:05.160" level="INFO">${ArrTime} = [&lt;selenium.webdriver.remote.webelement.WebElement (session="a22b0fe6587f8d70185acbcb045097de", element="0fd635dc-96d2-41ae-bf3b-e80901aa1888")&gt;, &lt;selenium.webdriver.remote.webelement.WebElement (sessi...</msg>
<status status="PASS" starttime="20230110 22:40:05.139" endtime="20230110 22:40:05.160"/>
</kw>
<kw name="Get WebElement" library="RPA.Browser.Selenium">
<var>${ArrTime_First_element}</var>
<arg>${ArrTime}[0]</arg>
<doc>Returns the first WebElement matching the given ``locator``.</doc>
<msg timestamp="20230110 22:40:05.163" level="INFO">${ArrTime_First_element} = &lt;selenium.webdriver.remote.webelement.WebElement (session="a22b0fe6587f8d70185acbcb045097de", element="0fd635dc-96d2-41ae-bf3b-e80901aa1888")&gt;</msg>
<status status="PASS" starttime="20230110 22:40:05.161" endtime="20230110 22:40:05.165"/>
</kw>
<kw name="Get Text" library="RPA.Browser.Selenium">
<var>${ArrivalTime}</var>
<arg>${ArrTime_First_element}</arg>
<doc>Returns the text value of the element identified by ``locator``.</doc>
<msg timestamp="20230110 22:40:05.190" level="INFO">${ArrivalTime} = 02:15</msg>
<status status="PASS" starttime="20230110 22:40:05.166" endtime="20230110 22:40:05.190"/>
</kw>
<kw name="Get WebElements" library="RPA.Browser.Selenium">
<var>${Rat}</var>
<arg>xpath=//span[@class="rating-sec ng-binding"]</arg>
<doc>Returns a list of WebElement objects matching the ``locator``.</doc>
<msg timestamp="20230110 22:40:05.224" level="INFO">${Rat} = [&lt;selenium.webdriver.remote.webelement.WebElement (session="a22b0fe6587f8d70185acbcb045097de", element="6d52ed38-b976-42b2-82e8-518ee3c0527d")&gt;, &lt;selenium.webdriver.remote.webelement.WebElement (sessi...</msg>
<status status="PASS" starttime="20230110 22:40:05.191" endtime="20230110 22:40:05.225"/>
</kw>
<try>
<branch type="TRY">
<kw name="Get WebElement" library="RPA.Browser.Selenium">
<var>${Rat_First_element}</var>
<arg>${Rat}[0]</arg>
<doc>Returns the first WebElement matching the given ``locator``.</doc>
<msg timestamp="20230110 22:40:05.228" level="INFO">${Rat_First_element} = &lt;selenium.webdriver.remote.webelement.WebElement (session="a22b0fe6587f8d70185acbcb045097de", element="6d52ed38-b976-42b2-82e8-518ee3c0527d")&gt;</msg>
<status status="PASS" starttime="20230110 22:40:05.227" endtime="20230110 22:40:05.229"/>
</kw>
<kw name="Get Text" library="RPA.Browser.Selenium">
<var>${Rating}</var>
<arg>${Rat_First_element}</arg>
<doc>Returns the text value of the element identified by ``locator``.</doc>
<msg timestamp="20230110 22:40:05.258" level="INFO">${Rating} = 3.6</msg>
<status status="PASS" starttime="20230110 22:40:05.230" endtime="20230110 22:40:05.259"/>
</kw>
<status status="PASS" starttime="20230110 22:40:05.226" endtime="20230110 22:40:05.259"/>
</branch>
<branch type="EXCEPT">
<pattern>message</pattern>
<kw name="Set Variable" library="BuiltIn">
<var>${rating}</var>
<arg>no rating</arg>
<doc>Returns the given values which can then be assigned to a variables.</doc>
<status status="NOT RUN" starttime="20230110 22:40:05.261" endtime="20230110 22:40:05.261"/>
</kw>
<status status="NOT RUN" starttime="20230110 22:40:05.259" endtime="20230110 22:40:05.262"/>
</branch>
<status status="PASS" starttime="20230110 22:40:05.225" endtime="20230110 22:40:05.263"/>
</try>
<kw name="Append To List" library="Collections">
<arg>${list}</arg>
<arg>${bus_name}</arg>
<arg>${startTime}</arg>
<arg>${ArrivalTime}</arg>
<arg>${Rating}</arg>
<arg>${Amount}</arg>
<doc>Adds ``values`` to the end of ``list``.</doc>
<status status="PASS" starttime="20230110 22:40:05.263" endtime="20230110 22:40:05.266"/>
</kw>
<return>
<value>${list}</value>
<status status="PASS" starttime="20230110 22:40:05.268" endtime="20230110 22:40:05.268"/>
</return>
<msg timestamp="20230110 22:40:05.269" level="INFO">${list} = ['SRI BHAGYALAKSHMI TRAVELS', '21:45', '02:15', '3.6', '1500 ']</msg>
<status status="PASS" starttime="20230110 22:40:04.893" endtime="20230110 22:40:05.270"/>
</kw>
<kw name=" Second Element">
<var>${list1}</var>
<kw name="Create List" library="BuiltIn">
<var>${list1}</var>
<doc>Returns a list containing given items.</doc>
<msg timestamp="20230110 22:40:05.272" level="INFO">${list1} = []</msg>
<status status="PASS" starttime="20230110 22:40:05.272" endtime="20230110 22:40:05.273"/>
</kw>
<kw name="Get WebElements" library="RPA.Browser.Selenium">
<var>${bus}</var>
<arg>xpath=//h2[@class="TravelAgntNm ng-binding"]</arg>
<doc>Returns a list of WebElement objects matching the ``locator``.</doc>
<msg timestamp="20230110 22:40:05.296" level="INFO">${bus} = [&lt;selenium.webdriver.remote.webelement.WebElement (session="a22b0fe6587f8d70185acbcb045097de", element="c2e7822f-cc74-4a1c-8f5a-2635b2aeb016")&gt;, &lt;selenium.webdriver.remote.webelement.WebElement (sessi...</msg>
<status status="PASS" starttime="20230110 22:40:05.273" endtime="20230110 22:40:05.296"/>
</kw>
<kw name="Get WebElement" library="RPA.Browser.Selenium">
<var>${bus_name_Second_element}</var>
<arg>${bus}[1]</arg>
<doc>Returns the first WebElement matching the given ``locator``.</doc>
<msg timestamp="20230110 22:40:05.301" level="INFO">${bus_name_Second_element} = &lt;selenium.webdriver.remote.webelement.WebElement (session="a22b0fe6587f8d70185acbcb045097de", element="4e041006-6fbb-415a-82ec-9c85c93da2fa")&gt;</msg>
<status status="PASS" starttime="20230110 22:40:05.297" endtime="20230110 22:40:05.301"/>
</kw>
<kw name="Get Text" library="RPA.Browser.Selenium">
<var>${bus_name}</var>
<arg>${bus_name_Second_element}</arg>
<doc>Returns the text value of the element identified by ``locator``.</doc>
<msg timestamp="20230110 22:40:05.342" level="INFO">${bus_name} = ARTHI TRAVELS</msg>
<status status="PASS" starttime="20230110 22:40:05.302" endtime="20230110 22:40:05.342"/>
</kw>
<kw name="Get WebElements" library="RPA.Browser.Selenium">
<var>${price}</var>
<arg>xpath=//strong[@class="TickRate ng-binding"]</arg>
<doc>Returns a list of WebElement objects matching the ``locator``.</doc>
<msg timestamp="20230110 22:40:05.376" level="INFO">${price} = [&lt;selenium.webdriver.remote.webelement.WebElement (session="a22b0fe6587f8d70185acbcb045097de", element="7c8ad07f-b308-41de-81d6-49dcc6208b70")&gt;, &lt;selenium.webdriver.remote.webelement.WebElement (sessi...</msg>
<status status="PASS" starttime="20230110 22:40:05.343" endtime="20230110 22:40:05.377"/>
</kw>
<kw name="Get WebElement" library="RPA.Browser.Selenium">
<var>${price_Second_element}</var>
<arg>${price}[1]</arg>
<doc>Returns the first WebElement matching the given ``locator``.</doc>
<msg timestamp="20230110 22:40:05.380" level="INFO">${price_Second_element} = &lt;selenium.webdriver.remote.webelement.WebElement (session="a22b0fe6587f8d70185acbcb045097de", element="798a77b8-254e-4621-aaee-5022c2c8f0ae")&gt;</msg>
<status status="PASS" starttime="20230110 22:40:05.378" endtime="20230110 22:40:05.381"/>
</kw>
<kw name="Get Text" library="RPA.Browser.Selenium">
<var>${Amount}</var>
<arg>${price_Second_element}</arg>
<doc>Returns the text value of the element identified by ``locator``.</doc>
<msg timestamp="20230110 22:40:05.422" level="INFO">${Amount} = 1500 </msg>
<status status="PASS" starttime="20230110 22:40:05.384" endtime="20230110 22:40:05.423"/>
</kw>
<kw name="Get WebElements" library="RPA.Browser.Selenium">
<var>${strTime}</var>
<arg>xpath=//span[@class="StrtTm tooltipsteredBoarding ng-binding tooltipstered"]</arg>
<doc>Returns a list of WebElement objects matching the ``locator``.</doc>
<msg timestamp="20230110 22:40:05.445" level="INFO">${strTime} = [&lt;selenium.webdriver.remote.webelement.WebElement (session="a22b0fe6587f8d70185acbcb045097de", element="c876dea9-c55e-41bc-a5bd-c6374b667795")&gt;, &lt;selenium.webdriver.remote.webelement.WebElement (sessi...</msg>
<status status="PASS" starttime="20230110 22:40:05.423" endtime="20230110 22:40:05.446"/>
</kw>
<kw name="Get WebElement" library="RPA.Browser.Selenium">
<var>${strTime_Second_element}</var>
<arg>${strTime}[1]</arg>
<doc>Returns the first WebElement matching the given ``locator``.</doc>
<msg timestamp="20230110 22:40:05.451" level="INFO">${strTime_Second_element} = &lt;selenium.webdriver.remote.webelement.WebElement (session="a22b0fe6587f8d70185acbcb045097de", element="ab8c65dd-1239-4b15-a8ed-c66716f6de17")&gt;</msg>
<status status="PASS" starttime="20230110 22:40:05.447" endtime="20230110 22:40:05.452"/>
</kw>
<kw name="Get Text" library="RPA.Browser.Selenium">
<var>${startTime}</var>
<arg>${strTime_Second_element}</arg>
<doc>Returns the text value of the element identified by ``locator``.</doc>
<msg timestamp="20230110 22:40:05.488" level="INFO">${startTime} = 22:30</msg>
<status status="PASS" starttime="20230110 22:40:05.453" endtime="20230110 22:40:05.488"/>
</kw>
<kw name="Get WebElements" library="RPA.Browser.Selenium">
<var>${ArrTime}</var>
<arg>xpath=//span[@class="ArvTm tooltipsteredDropping ng-binding tooltipstered"]</arg>
<doc>Returns a list of WebElement objects matching the ``locator``.</doc>
<msg timestamp="20230110 22:40:05.511" level="INFO">${ArrTime} = [&lt;selenium.webdriver.remote.webelement.WebElement (session="a22b0fe6587f8d70185acbcb045097de", element="0fd635dc-96d2-41ae-bf3b-e80901aa1888")&gt;, &lt;selenium.webdriver.remote.webelement.WebElement (sessi...</msg>
<status status="PASS" starttime="20230110 22:40:05.489" endtime="20230110 22:40:05.511"/>
</kw>
<kw name="Get WebElement" library="RPA.Browser.Selenium">
<var>${ArrTime_Second_element}</var>
<arg>${ArrTime}[1]</arg>
<doc>Returns the first WebElement matching the given ``locator``.</doc>
<msg timestamp="20230110 22:40:05.516" level="INFO">${ArrTime_Second_element} = &lt;selenium.webdriver.remote.webelement.WebElement (session="a22b0fe6587f8d70185acbcb045097de", element="4dd11b26-46c5-45f9-917c-7d98c7bc79c7")&gt;</msg>
<status status="PASS" starttime="20230110 22:40:05.513" endtime="20230110 22:40:05.518"/>
</kw>
<kw name="Get Text" library="RPA.Browser.Selenium">
<var>${ArrivalTime}</var>
<arg>${ArrTime_Second_element}</arg>
<doc>Returns the text value of the element identified by ``locator``.</doc>
<msg timestamp="20230110 22:40:05.609" level="INFO">${ArrivalTime} = 03:15</msg>
<status status="PASS" starttime="20230110 22:40:05.519" endtime="20230110 22:40:05.609"/>
</kw>
<kw name="Get WebElements" library="RPA.Browser.Selenium">
<var>${Rat}</var>
<arg>xpath=//span[@class="rating-sec ng-binding"]</arg>
<doc>Returns a list of WebElement objects matching the ``locator``.</doc>
<msg timestamp="20230110 22:40:05.642" level="INFO">${Rat} = [&lt;selenium.webdriver.remote.webelement.WebElement (session="a22b0fe6587f8d70185acbcb045097de", element="6d52ed38-b976-42b2-82e8-518ee3c0527d")&gt;, &lt;selenium.webdriver.remote.webelement.WebElement (sessi...</msg>
<status status="PASS" starttime="20230110 22:40:05.610" endtime="20230110 22:40:05.642"/>
</kw>
<try>
<branch type="TRY">
<kw name="Get WebElement" library="RPA.Browser.Selenium">
<var>${Rat_Second_element}</var>
<arg>${Rat}[1]</arg>
<doc>Returns the first WebElement matching the given ``locator``.</doc>
<msg timestamp="20230110 22:40:05.644" level="INFO">${Rat_Second_element} = &lt;selenium.webdriver.remote.webelement.WebElement (session="a22b0fe6587f8d70185acbcb045097de", element="ae705cd7-ec31-4e8a-9f04-adfdff8291a9")&gt;</msg>
<status status="PASS" starttime="20230110 22:40:05.643" endtime="20230110 22:40:05.644"/>
</kw>
<kw name="Get Text" library="RPA.Browser.Selenium">
<var>${Rating}</var>
<arg>${Rat_Second_element}</arg>
<doc>Returns the text value of the element identified by ``locator``.</doc>
<msg timestamp="20230110 22:40:05.674" level="INFO">${Rating} = 4.2</msg>
<status status="PASS" starttime="20230110 22:40:05.645" endtime="20230110 22:40:05.675"/>
</kw>
<status status="PASS" starttime="20230110 22:40:05.643" endtime="20230110 22:40:05.675"/>
</branch>
<branch type="EXCEPT">
<pattern>message</pattern>
<kw name="Set Variable" library="BuiltIn">
<var>${rating}</var>
<arg>no rating</arg>
<doc>Returns the given values which can then be assigned to a variables.</doc>
<status status="NOT RUN" starttime="20230110 22:40:05.676" endtime="20230110 22:40:05.677"/>
</kw>
<status status="NOT RUN" starttime="20230110 22:40:05.676" endtime="20230110 22:40:05.678"/>
</branch>
<status status="PASS" starttime="20230110 22:40:05.642" endtime="20230110 22:40:05.678"/>
</try>
<kw name="Append To List" library="Collections">
<arg>${list1}</arg>
<arg>${bus_name}</arg>
<arg>${startTime}</arg>
<arg>${ArrivalTime}</arg>
<arg>${Rating}</arg>
<arg>${Amount}</arg>
<doc>Adds ``values`` to the end of ``list``.</doc>
<status status="PASS" starttime="20230110 22:40:05.679" endtime="20230110 22:40:05.680"/>
</kw>
<return>
<value>${list1}</value>
<status status="PASS" starttime="20230110 22:40:05.681" endtime="20230110 22:40:05.683"/>
</return>
<msg timestamp="20230110 22:40:05.685" level="INFO">${list1} = ['ARTHI TRAVELS', '22:30', '03:15', '4.2', '1500 ']</msg>
<status status="PASS" starttime="20230110 22:40:05.271" endtime="20230110 22:40:05.685"/>
</kw>
<kw name="Write result in excel">
<arg>${list}</arg>
<arg>${list1}</arg>
<arg>${from}</arg>
<arg>${To}</arg>
<kw name="Open Workbook" library="RPA.Excel.Files">
<arg>AbhibusOutput.xlsx</arg>
<doc>Open an existing Excel workbook.</doc>
<msg timestamp="20230110 22:40:05.688" level="INFO">Closing workbook: &lt;RPA.Excel.Files.XlsxWorkbook object at 0x000001E0745C7B80&gt;</msg>
<msg timestamp="20230110 22:40:05.734" level="INFO">Opened workbook: &lt;RPA.Excel.Files.XlsxWorkbook object at 0x000001E0744A3910&gt;</msg>
<msg timestamp="20230110 22:40:05.734" level="INFO">c:\ProgramData\robocorp\ht\27e6cf6_b1f3c24_1c0bc041\lib\site-packages\openpyxl\workbook\child.py:99: UserWarning: Title is more than 31 characters. Some applications may not be able to read the file
  warnings.warn("Title is more than 31 characters. Some applications may not be able to read the file")</msg>
<status status="PASS" starttime="20230110 22:40:05.687" endtime="20230110 22:40:05.738"/>
</kw>
<kw name="Worksheet Exists" library="RPA.Excel.Files">
<var>${sheet exist}</var>
<arg>${from}-${To} Highest price</arg>
<doc>Return True if worksheet with given name is in workbook.</doc>
<msg timestamp="20230110 22:40:05.741" level="INFO">${sheet exist} = False</msg>
<status status="PASS" starttime="20230110 22:40:05.740" endtime="20230110 22:40:05.742"/>
</kw>
<if>
<branch type="IF" condition="${sheet_exist} == False">
<kw name="Create Worksheet" library="RPA.Excel.Files">
<arg>${from}-${To} Highest price</arg>
<doc>Create a new worksheet in the current workbook.</doc>
<status status="PASS" starttime="20230110 22:40:05.743" endtime="20230110 22:40:05.746"/>
</kw>
<kw name="Read Worksheet" library="RPA.Excel.Files">
<arg>${from}-${To} Highest price</arg>
<doc>Read the content of a worksheet into a list of dictionaries.</doc>
<status status="PASS" starttime="20230110 22:40:05.746" endtime="20230110 22:40:05.749"/>
</kw>
<kw name="Set Cell Value" library="RPA.Excel.Files">
<arg>1</arg>
<arg>A</arg>
<arg>Bus name</arg>
<doc>Set a cell value in the given worksheet.</doc>
<status status="PASS" starttime="20230110 22:40:05.751" endtime="20230110 22:40:05.754"/>
</kw>
<kw name="Set Cell Value" library="RPA.Excel.Files">
<arg>1</arg>
<arg>B</arg>
<arg>Starting Time</arg>
<doc>Set a cell value in the given worksheet.</doc>
<status status="PASS" starttime="20230110 22:40:05.755" endtime="20230110 22:40:05.756"/>
</kw>
<kw name="Set Cell Value" library="RPA.Excel.Files">
<arg>1</arg>
<arg>C</arg>
<arg>Arrival Time</arg>
<doc>Set a cell value in the given worksheet.</doc>
<status status="PASS" starttime="20230110 22:40:05.757" endtime="20230110 22:40:05.758"/>
</kw>
<kw name="Set Cell Value" library="RPA.Excel.Files">
<arg>1</arg>
<arg>D</arg>
<arg>Rating</arg>
<doc>Set a cell value in the given worksheet.</doc>
<status status="PASS" starttime="20230110 22:40:05.758" endtime="20230110 22:40:05.759"/>
</kw>
<kw name="Set Cell Value" library="RPA.Excel.Files">
<arg>1</arg>
<arg>E</arg>
<arg>Price</arg>
<doc>Set a cell value in the given worksheet.</doc>
<status status="PASS" starttime="20230110 22:40:05.760" endtime="20230110 22:40:05.761"/>
</kw>
<kw name="Set Cell Value" library="RPA.Excel.Files">
<arg>2</arg>
<arg>A</arg>
<arg>${list}[0]</arg>
<doc>Set a cell value in the given worksheet.</doc>
<status status="PASS" starttime="20230110 22:40:05.762" endtime="20230110 22:40:05.763"/>
</kw>
<kw name="Set Cell Value" library="RPA.Excel.Files">
<arg>2</arg>
<arg>B</arg>
<arg>${list}[1]</arg>
<doc>Set a cell value in the given worksheet.</doc>
<status status="PASS" starttime="20230110 22:40:05.764" endtime="20230110 22:40:05.767"/>
</kw>
<kw name="Set Cell Value" library="RPA.Excel.Files">
<arg>2</arg>
<arg>C</arg>
<arg>${list}[2]</arg>
<doc>Set a cell value in the given worksheet.</doc>
<status status="PASS" starttime="20230110 22:40:05.769" endtime="20230110 22:40:05.771"/>
</kw>
<kw name="Set Cell Value" library="RPA.Excel.Files">
<arg>2</arg>
<arg>D</arg>
<arg>${list}[3]</arg>
<doc>Set a cell value in the given worksheet.</doc>
<status status="PASS" starttime="20230110 22:40:05.773" endtime="20230110 22:40:05.776"/>
</kw>
<kw name="Set Cell Value" library="RPA.Excel.Files">
<arg>2</arg>
<arg>E</arg>
<arg>${list}[4]</arg>
<doc>Set a cell value in the given worksheet.</doc>
<status status="PASS" starttime="20230110 22:40:05.776" endtime="20230110 22:40:05.778"/>
</kw>
<kw name="Set Cell Value" library="RPA.Excel.Files">
<arg>3</arg>
<arg>A</arg>
<arg>${list1}[0]</arg>
<doc>Set a cell value in the given worksheet.</doc>
<status status="PASS" starttime="20230110 22:40:05.779" endtime="20230110 22:40:05.782"/>
</kw>
<kw name="Set Cell Value" library="RPA.Excel.Files">
<arg>3</arg>
<arg>B</arg>
<arg>${list1}[1]</arg>
<doc>Set a cell value in the given worksheet.</doc>
<status status="PASS" starttime="20230110 22:40:05.784" endtime="20230110 22:40:05.785"/>
</kw>
<kw name="Set Cell Value" library="RPA.Excel.Files">
<arg>3</arg>
<arg>C</arg>
<arg>${list1}[2]</arg>
<doc>Set a cell value in the given worksheet.</doc>
<status status="PASS" starttime="20230110 22:40:05.786" endtime="20230110 22:40:05.787"/>
</kw>
<kw name="Set Cell Value" library="RPA.Excel.Files">
<arg>3</arg>
<arg>D</arg>
<arg>${list1}[3]</arg>
<doc>Set a cell value in the given worksheet.</doc>
<status status="PASS" starttime="20230110 22:40:05.788" endtime="20230110 22:40:05.790"/>
</kw>
<kw name="Set Cell Value" library="RPA.Excel.Files">
<arg>3</arg>
<arg>E</arg>
<arg>${list1}[4]</arg>
<doc>Set a cell value in the given worksheet.</doc>
<status status="PASS" starttime="20230110 22:40:05.792" endtime="20230110 22:40:05.793"/>
</kw>
<kw name="Save Workbook" library="RPA.Excel.Files">
<doc>Save the active workbook.</doc>
<status status="PASS" starttime="20230110 22:40:05.794" endtime="20230110 22:40:06.028"/>
</kw>
<status status="PASS" starttime="20230110 22:40:05.742" endtime="20230110 22:40:06.028"/>
</branch>
<branch type="ELSE">
<kw name="Read Worksheet" library="RPA.Excel.Files">
<arg>${from}-${To} Highest price</arg>
<arg>overwrite=True</arg>
<doc>Read the content of a worksheet into a list of dictionaries.</doc>
<status status="NOT RUN" starttime="20230110 22:40:06.029" endtime="20230110 22:40:06.030"/>
</kw>
<kw name="Set Cell Value" library="RPA.Excel.Files">
<arg>1</arg>
<arg>A</arg>
<arg>Bus name</arg>
<doc>Set a cell value in the given worksheet.</doc>
<status status="NOT RUN" starttime="20230110 22:40:06.031" endtime="20230110 22:40:06.032"/>
</kw>
<kw name="Set Cell Value" library="RPA.Excel.Files">
<arg>1</arg>
<arg>B</arg>
<arg>Starting Time</arg>
<doc>Set a cell value in the given worksheet.</doc>
<status status="NOT RUN" starttime="20230110 22:40:06.033" endtime="20230110 22:40:06.033"/>
</kw>
<kw name="Set Cell Value" library="RPA.Excel.Files">
<arg>1</arg>
<arg>C</arg>
<arg>Arrival Time</arg>
<doc>Set a cell value in the given worksheet.</doc>
<status status="NOT RUN" starttime="20230110 22:40:06.034" endtime="20230110 22:40:06.034"/>
</kw>
<kw name="Set Cell Value" library="RPA.Excel.Files">
<arg>1</arg>
<arg>D</arg>
<arg>Rating</arg>
<doc>Set a cell value in the given worksheet.</doc>
<status status="NOT RUN" starttime="20230110 22:40:06.035" endtime="20230110 22:40:06.035"/>
</kw>
<kw name="Set Cell Value" library="RPA.Excel.Files">
<arg>1</arg>
<arg>E</arg>
<arg>Price</arg>
<doc>Set a cell value in the given worksheet.</doc>
<status status="NOT RUN" starttime="20230110 22:40:06.035" endtime="20230110 22:40:06.036"/>
</kw>
<kw name="Set Cell Value" library="RPA.Excel.Files">
<arg>2</arg>
<arg>A</arg>
<arg>${list}[0]</arg>
<doc>Set a cell value in the given worksheet.</doc>
<status status="NOT RUN" starttime="20230110 22:40:06.036" endtime="20230110 22:40:06.036"/>
</kw>
<kw name="Set Cell Value" library="RPA.Excel.Files">
<arg>2</arg>
<arg>B</arg>
<arg>${list}[1]</arg>
<doc>Set a cell value in the given worksheet.</doc>
<status status="NOT RUN" starttime="20230110 22:40:06.037" endtime="20230110 22:40:06.037"/>
</kw>
<kw name="Set Cell Value" library="RPA.Excel.Files">
<arg>2</arg>
<arg>C</arg>
<arg>${list}[2]</arg>
<doc>Set a cell value in the given worksheet.</doc>
<status status="NOT RUN" starttime="20230110 22:40:06.037" endtime="20230110 22:40:06.038"/>
</kw>
<kw name="Set Cell Value" library="RPA.Excel.Files">
<arg>2</arg>
<arg>D</arg>
<arg>${list}[3]</arg>
<doc>Set a cell value in the given worksheet.</doc>
<status status="NOT RUN" starttime="20230110 22:40:06.038" endtime="20230110 22:40:06.039"/>
</kw>
<kw name="Set Cell Value" library="RPA.Excel.Files">
<arg>2</arg>
<arg>E</arg>
<arg>${list}[4]</arg>
<doc>Set a cell value in the given worksheet.</doc>
<status status="NOT RUN" starttime="20230110 22:40:06.039" endtime="20230110 22:40:06.039"/>
</kw>
<kw name="Set Cell Value" library="RPA.Excel.Files">
<arg>3</arg>
<arg>A</arg>
<arg>${list1}[0]</arg>
<doc>Set a cell value in the given worksheet.</doc>
<status status="NOT RUN" starttime="20230110 22:40:06.040" endtime="20230110 22:40:06.040"/>
</kw>
<kw name="Set Cell Value" library="RPA.Excel.Files">
<arg>3</arg>
<arg>B</arg>
<arg>${list1}[1]</arg>
<doc>Set a cell value in the given worksheet.</doc>
<status status="NOT RUN" starttime="20230110 22:40:06.041" endtime="20230110 22:40:06.041"/>
</kw>
<kw name="Set Cell Value" library="RPA.Excel.Files">
<arg>3</arg>
<arg>C</arg>
<arg>${list1}[2]</arg>
<doc>Set a cell value in the given worksheet.</doc>
<status status="NOT RUN" starttime="20230110 22:40:06.041" endtime="20230110 22:40:06.042"/>
</kw>
<kw name="Set Cell Value" library="RPA.Excel.Files">
<arg>3</arg>
<arg>D</arg>
<arg>${list1}[3]</arg>
<doc>Set a cell value in the given worksheet.</doc>
<status status="NOT RUN" starttime="20230110 22:40:06.042" endtime="20230110 22:40:06.043"/>
</kw>
<kw name="Set Cell Value" library="RPA.Excel.Files">
<arg>3</arg>
<arg>E</arg>
<arg>${list1}[4]</arg>
<doc>Set a cell value in the given worksheet.</doc>
<status status="NOT RUN" starttime="20230110 22:40:06.045" endtime="20230110 22:40:06.045"/>
</kw>
<kw name="Save Workbook" library="RPA.Excel.Files">
<doc>Save the active workbook.</doc>
<status status="NOT RUN" starttime="20230110 22:40:06.046" endtime="20230110 22:40:06.046"/>
</kw>
<status status="NOT RUN" starttime="20230110 22:40:06.029" endtime="20230110 22:40:06.050"/>
</branch>
<status status="PASS" starttime="20230110 22:40:05.742" endtime="20230110 22:40:06.050"/>
</if>
<status status="PASS" starttime="20230110 22:40:05.686" endtime="20230110 22:40:06.050"/>
</kw>
<kw name="Close Workbook" library="RPA.Excel.Files">
<doc>Close the active workbook.</doc>
<msg timestamp="20230110 22:40:06.052" level="INFO">Closing workbook: &lt;RPA.Excel.Files.XlsxWorkbook object at 0x000001E0744A3910&gt;</msg>
<status status="PASS" starttime="20230110 22:40:06.051" endtime="20230110 22:40:06.052"/>
</kw>
<kw name="Click Element" library="RPA.Browser.Selenium">
<arg>xpath=//span[@class="sort-price-down"]</arg>
<doc>Click the element identified by ``locator``.</doc>
<msg timestamp="20230110 22:40:06.053" level="INFO">Clicking element 'xpath=//span[@class="sort-price-down"]'.</msg>
<status status="PASS" starttime="20230110 22:40:06.052" endtime="20230110 22:40:06.325"/>
</kw>
<kw name="First element">
<var>${list}</var>
<kw name="Create List" library="BuiltIn">
<var>${list}</var>
<doc>Returns a list containing given items.</doc>
<msg timestamp="20230110 22:40:06.331" level="INFO">${list} = []</msg>
<status status="PASS" starttime="20230110 22:40:06.329" endtime="20230110 22:40:06.332"/>
</kw>
<kw name="Get WebElements" library="RPA.Browser.Selenium">
<var>${bus}</var>
<arg>xpath=//h2[@class="TravelAgntNm ng-binding"]</arg>
<doc>Returns a list of WebElement objects matching the ``locator``.</doc>
<msg timestamp="20230110 22:40:06.390" level="INFO">${bus} = [&lt;selenium.webdriver.remote.webelement.WebElement (session="a22b0fe6587f8d70185acbcb045097de", element="6eb39f38-114c-4660-9397-fcdb5dae1d03")&gt;, &lt;selenium.webdriver.remote.webelement.WebElement (sessi...</msg>
<status status="PASS" starttime="20230110 22:40:06.333" endtime="20230110 22:40:06.390"/>
</kw>
<kw name="Get WebElement" library="RPA.Browser.Selenium">
<var>${bus_name_First_element}</var>
<arg>${bus}[0]</arg>
<doc>Returns the first WebElement matching the given ``locator``.</doc>
<msg timestamp="20230110 22:40:06.392" level="INFO">${bus_name_First_element} = &lt;selenium.webdriver.remote.webelement.WebElement (session="a22b0fe6587f8d70185acbcb045097de", element="6eb39f38-114c-4660-9397-fcdb5dae1d03")&gt;</msg>
<status status="PASS" starttime="20230110 22:40:06.391" endtime="20230110 22:40:06.392"/>
</kw>
<kw name="Get Text" library="RPA.Browser.Selenium">
<var>${bus_name}</var>
<arg>${bus_name_First_element}</arg>
<doc>Returns the text value of the element identified by ``locator``.</doc>
<msg timestamp="20230110 22:40:06.422" level="INFO">${bus_name} = JET LINE</msg>
<status status="PASS" starttime="20230110 22:40:06.393" endtime="20230110 22:40:06.422"/>
</kw>
<kw name="Get WebElements" library="RPA.Browser.Selenium">
<var>${price}</var>
<arg>xpath=//strong[@class="TickRate ng-binding"]</arg>
<doc>Returns a list of WebElement objects matching the ``locator``.</doc>
<msg timestamp="20230110 22:40:06.443" level="INFO">${price} = [&lt;selenium.webdriver.remote.webelement.WebElement (session="a22b0fe6587f8d70185acbcb045097de", element="46c784a7-e038-46b6-9a56-daed9a8d57fa")&gt;, &lt;selenium.webdriver.remote.webelement.WebElement (sessi...</msg>
<status status="PASS" starttime="20230110 22:40:06.423" endtime="20230110 22:40:06.443"/>
</kw>
<kw name="Get WebElement" library="RPA.Browser.Selenium">
<var>${price_First_element}</var>
<arg>${price}[0]</arg>
<doc>Returns the first WebElement matching the given ``locator``.</doc>
<msg timestamp="20230110 22:40:06.446" level="INFO">${price_First_element} = &lt;selenium.webdriver.remote.webelement.WebElement (session="a22b0fe6587f8d70185acbcb045097de", element="46c784a7-e038-46b6-9a56-daed9a8d57fa")&gt;</msg>
<status status="PASS" starttime="20230110 22:40:06.444" endtime="20230110 22:40:06.446"/>
</kw>
<kw name="Get Text" library="RPA.Browser.Selenium">
<var>${Amount}</var>
<arg>${price_First_element}</arg>
<doc>Returns the text value of the element identified by ``locator``.</doc>
<msg timestamp="20230110 22:40:06.491" level="INFO">${Amount} = 449 </msg>
<status status="PASS" starttime="20230110 22:40:06.449" endtime="20230110 22:40:06.491"/>
</kw>
<kw name="Get WebElements" library="RPA.Browser.Selenium">
<var>${strTime}</var>
<arg>xpath=//span[@class="StrtTm tooltipsteredBoarding ng-binding tooltipstered"]</arg>
<doc>Returns a list of WebElement objects matching the ``locator``.</doc>
<msg timestamp="20230110 22:40:06.510" level="INFO">${strTime} = [&lt;selenium.webdriver.remote.webelement.WebElement (session="a22b0fe6587f8d70185acbcb045097de", element="42211bea-44f7-4379-9bd4-987e61d67c19")&gt;, &lt;selenium.webdriver.remote.webelement.WebElement (sessi...</msg>
<status status="PASS" starttime="20230110 22:40:06.492" endtime="20230110 22:40:06.510"/>
</kw>
<kw name="Get WebElement" library="RPA.Browser.Selenium">
<var>${strTime_First_element}</var>
<arg>${strTime}[0]</arg>
<doc>Returns the first WebElement matching the given ``locator``.</doc>
<msg timestamp="20230110 22:40:06.512" level="INFO">${strTime_First_element} = &lt;selenium.webdriver.remote.webelement.WebElement (session="a22b0fe6587f8d70185acbcb045097de", element="42211bea-44f7-4379-9bd4-987e61d67c19")&gt;</msg>
<status status="PASS" starttime="20230110 22:40:06.511" endtime="20230110 22:40:06.512"/>
</kw>
<kw name="Get Text" library="RPA.Browser.Selenium">
<var>${startTime}</var>
<arg>${strTime_First_element}</arg>
<doc>Returns the text value of the element identified by ``locator``.</doc>
<msg timestamp="20230110 22:40:06.544" level="INFO">${startTime} = 23:15</msg>
<status status="PASS" starttime="20230110 22:40:06.513" endtime="20230110 22:40:06.545"/>
</kw>
<kw name="Get WebElements" library="RPA.Browser.Selenium">
<var>${ArrTime}</var>
<arg>xpath=//span[@class="ArvTm tooltipsteredDropping ng-binding tooltipstered"]</arg>
<doc>Returns a list of WebElement objects matching the ``locator``.</doc>
<msg timestamp="20230110 22:40:06.571" level="INFO">${ArrTime} = [&lt;selenium.webdriver.remote.webelement.WebElement (session="a22b0fe6587f8d70185acbcb045097de", element="a28b1ced-2c0f-426f-a127-911d45cc3105")&gt;, &lt;selenium.webdriver.remote.webelement.WebElement (sessi...</msg>
<status status="PASS" starttime="20230110 22:40:06.546" endtime="20230110 22:40:06.572"/>
</kw>
<kw name="Get WebElement" library="RPA.Browser.Selenium">
<var>${ArrTime_First_element}</var>
<arg>${ArrTime}[0]</arg>
<doc>Returns the first WebElement matching the given ``locator``.</doc>
<msg timestamp="20230110 22:40:06.574" level="INFO">${ArrTime_First_element} = &lt;selenium.webdriver.remote.webelement.WebElement (session="a22b0fe6587f8d70185acbcb045097de", element="a28b1ced-2c0f-426f-a127-911d45cc3105")&gt;</msg>
<status status="PASS" starttime="20230110 22:40:06.573" endtime="20230110 22:40:06.574"/>
</kw>
<kw name="Get Text" library="RPA.Browser.Selenium">
<var>${ArrivalTime}</var>
<arg>${ArrTime_First_element}</arg>
<doc>Returns the text value of the element identified by ``locator``.</doc>
<msg timestamp="20230110 22:40:06.610" level="INFO">${ArrivalTime} = 04:15</msg>
<status status="PASS" starttime="20230110 22:40:06.575" endtime="20230110 22:40:06.611"/>
</kw>
<kw name="Get WebElements" library="RPA.Browser.Selenium">
<var>${Rat}</var>
<arg>xpath=//span[@class="rating-sec ng-binding"]</arg>
<doc>Returns a list of WebElement objects matching the ``locator``.</doc>
<msg timestamp="20230110 22:40:06.688" level="INFO">${Rat} = [&lt;selenium.webdriver.remote.webelement.WebElement (session="a22b0fe6587f8d70185acbcb045097de", element="f053e3e6-966b-48c5-be7f-fd55c3a8ef96")&gt;, &lt;selenium.webdriver.remote.webelement.WebElement (sessi...</msg>
<status status="PASS" starttime="20230110 22:40:06.612" endtime="20230110 22:40:06.689"/>
</kw>
<try>
<branch type="TRY">
<kw name="Get WebElement" library="RPA.Browser.Selenium">
<var>${Rat_First_element}</var>
<arg>${Rat}[0]</arg>
<doc>Returns the first WebElement matching the given ``locator``.</doc>
<msg timestamp="20230110 22:40:06.691" level="INFO">${Rat_First_element} = &lt;selenium.webdriver.remote.webelement.WebElement (session="a22b0fe6587f8d70185acbcb045097de", element="f053e3e6-966b-48c5-be7f-fd55c3a8ef96")&gt;</msg>
<status status="PASS" starttime="20230110 22:40:06.690" endtime="20230110 22:40:06.692"/>
</kw>
<kw name="Get Text" library="RPA.Browser.Selenium">
<var>${Rating}</var>
<arg>${Rat_First_element}</arg>
<doc>Returns the text value of the element identified by ``locator``.</doc>
<msg timestamp="20230110 22:40:06.726" level="INFO">${Rating} = 4.4</msg>
<status status="PASS" starttime="20230110 22:40:06.692" endtime="20230110 22:40:06.726"/>
</kw>
<status status="PASS" starttime="20230110 22:40:06.689" endtime="20230110 22:40:06.727"/>
</branch>
<branch type="EXCEPT">
<pattern>message</pattern>
<kw name="Set Variable" library="BuiltIn">
<var>${rating}</var>
<arg>no rating</arg>
<doc>Returns the given values which can then be assigned to a variables.</doc>
<status status="NOT RUN" starttime="20230110 22:40:06.728" endtime="20230110 22:40:06.728"/>
</kw>
<status status="NOT RUN" starttime="20230110 22:40:06.727" endtime="20230110 22:40:06.728"/>
</branch>
<status status="PASS" starttime="20230110 22:40:06.689" endtime="20230110 22:40:06.729"/>
</try>
<kw name="Append To List" library="Collections">
<arg>${list}</arg>
<arg>${bus_name}</arg>
<arg>${startTime}</arg>
<arg>${ArrivalTime}</arg>
<arg>${Rating}</arg>
<arg>${Amount}</arg>
<doc>Adds ``values`` to the end of ``list``.</doc>
<status status="PASS" starttime="20230110 22:40:06.729" endtime="20230110 22:40:06.731"/>
</kw>
<return>
<value>${list}</value>
<status status="PASS" starttime="20230110 22:40:06.733" endtime="20230110 22:40:06.734"/>
</return>
<msg timestamp="20230110 22:40:06.735" level="INFO">${list} = ['JET LINE', '23:15', '04:15', '4.4', '449 ']</msg>
<status status="PASS" starttime="20230110 22:40:06.326" endtime="20230110 22:40:06.735"/>
</kw>
<kw name=" Second Element">
<var>${list1}</var>
<kw name="Create List" library="BuiltIn">
<var>${list1}</var>
<doc>Returns a list containing given items.</doc>
<msg timestamp="20230110 22:40:06.738" level="INFO">${list1} = []</msg>
<status status="PASS" starttime="20230110 22:40:06.737" endtime="20230110 22:40:06.738"/>
</kw>
<kw name="Get WebElements" library="RPA.Browser.Selenium">
<var>${bus}</var>
<arg>xpath=//h2[@class="TravelAgntNm ng-binding"]</arg>
<doc>Returns a list of WebElement objects matching the ``locator``.</doc>
<msg timestamp="20230110 22:40:06.761" level="INFO">${bus} = [&lt;selenium.webdriver.remote.webelement.WebElement (session="a22b0fe6587f8d70185acbcb045097de", element="6eb39f38-114c-4660-9397-fcdb5dae1d03")&gt;, &lt;selenium.webdriver.remote.webelement.WebElement (sessi...</msg>
<status status="PASS" starttime="20230110 22:40:06.738" endtime="20230110 22:40:06.761"/>
</kw>
<kw name="Get WebElement" library="RPA.Browser.Selenium">
<var>${bus_name_Second_element}</var>
<arg>${bus}[1]</arg>
<doc>Returns the first WebElement matching the given ``locator``.</doc>
<msg timestamp="20230110 22:40:06.766" level="INFO">${bus_name_Second_element} = &lt;selenium.webdriver.remote.webelement.WebElement (session="a22b0fe6587f8d70185acbcb045097de", element="a08d1b5e-0b41-4b0d-958a-997cecb286fa")&gt;</msg>
<status status="PASS" starttime="20230110 22:40:06.762" endtime="20230110 22:40:06.766"/>
</kw>
<kw name="Get Text" library="RPA.Browser.Selenium">
<var>${bus_name}</var>
<arg>${bus_name_Second_element}</arg>
<doc>Returns the text value of the element identified by ``locator``.</doc>
<msg timestamp="20230110 22:40:06.801" level="INFO">${bus_name} = BLACKPEARL TRANZ</msg>
<status status="PASS" starttime="20230110 22:40:06.768" endtime="20230110 22:40:06.801"/>
</kw>
<kw name="Get WebElements" library="RPA.Browser.Selenium">
<var>${price}</var>
<arg>xpath=//strong[@class="TickRate ng-binding"]</arg>
<doc>Returns a list of WebElement objects matching the ``locator``.</doc>
<msg timestamp="20230110 22:40:06.821" level="INFO">${price} = [&lt;selenium.webdriver.remote.webelement.WebElement (session="a22b0fe6587f8d70185acbcb045097de", element="46c784a7-e038-46b6-9a56-daed9a8d57fa")&gt;, &lt;selenium.webdriver.remote.webelement.WebElement (sessi...</msg>
<status status="PASS" starttime="20230110 22:40:06.801" endtime="20230110 22:40:06.821"/>
</kw>
<kw name="Get WebElement" library="RPA.Browser.Selenium">
<var>${price_Second_element}</var>
<arg>${price}[1]</arg>
<doc>Returns the first WebElement matching the given ``locator``.</doc>
<msg timestamp="20230110 22:40:06.824" level="INFO">${price_Second_element} = &lt;selenium.webdriver.remote.webelement.WebElement (session="a22b0fe6587f8d70185acbcb045097de", element="1609e85a-d9e7-4521-8cbb-9608e1f3d253")&gt;</msg>
<status status="PASS" starttime="20230110 22:40:06.822" endtime="20230110 22:40:06.824"/>
</kw>
<kw name="Get Text" library="RPA.Browser.Selenium">
<var>${Amount}</var>
<arg>${price_Second_element}</arg>
<doc>Returns the text value of the element identified by ``locator``.</doc>
<msg timestamp="20230110 22:40:06.857" level="INFO">${Amount} = 475 </msg>
<status status="PASS" starttime="20230110 22:40:06.826" endtime="20230110 22:40:06.858"/>
</kw>
<kw name="Get WebElements" library="RPA.Browser.Selenium">
<var>${strTime}</var>
<arg>xpath=//span[@class="StrtTm tooltipsteredBoarding ng-binding tooltipstered"]</arg>
<doc>Returns a list of WebElement objects matching the ``locator``.</doc>
<msg timestamp="20230110 22:40:06.875" level="INFO">${strTime} = [&lt;selenium.webdriver.remote.webelement.WebElement (session="a22b0fe6587f8d70185acbcb045097de", element="42211bea-44f7-4379-9bd4-987e61d67c19")&gt;, &lt;selenium.webdriver.remote.webelement.WebElement (sessi...</msg>
<status status="PASS" starttime="20230110 22:40:06.859" endtime="20230110 22:40:06.875"/>
</kw>
<kw name="Get WebElement" library="RPA.Browser.Selenium">
<var>${strTime_Second_element}</var>
<arg>${strTime}[1]</arg>
<doc>Returns the first WebElement matching the given ``locator``.</doc>
<msg timestamp="20230110 22:40:06.877" level="INFO">${strTime_Second_element} = &lt;selenium.webdriver.remote.webelement.WebElement (session="a22b0fe6587f8d70185acbcb045097de", element="450a4d22-bdd7-4cbf-ba59-fa5b1cfce9cb")&gt;</msg>
<status status="PASS" starttime="20230110 22:40:06.876" endtime="20230110 22:40:06.877"/>
</kw>
<kw name="Get Text" library="RPA.Browser.Selenium">
<var>${startTime}</var>
<arg>${strTime_Second_element}</arg>
<doc>Returns the text value of the element identified by ``locator``.</doc>
<msg timestamp="20230110 22:40:06.906" level="INFO">${startTime} = 16:00</msg>
<status status="PASS" starttime="20230110 22:40:06.878" endtime="20230110 22:40:06.907"/>
</kw>
<kw name="Get WebElements" library="RPA.Browser.Selenium">
<var>${ArrTime}</var>
<arg>xpath=//span[@class="ArvTm tooltipsteredDropping ng-binding tooltipstered"]</arg>
<doc>Returns a list of WebElement objects matching the ``locator``.</doc>
<msg timestamp="20230110 22:40:06.926" level="INFO">${ArrTime} = [&lt;selenium.webdriver.remote.webelement.WebElement (session="a22b0fe6587f8d70185acbcb045097de", element="a28b1ced-2c0f-426f-a127-911d45cc3105")&gt;, &lt;selenium.webdriver.remote.webelement.WebElement (sessi...</msg>
<status status="PASS" starttime="20230110 22:40:06.908" endtime="20230110 22:40:06.927"/>
</kw>
<kw name="Get WebElement" library="RPA.Browser.Selenium">
<var>${ArrTime_Second_element}</var>
<arg>${ArrTime}[1]</arg>
<doc>Returns the first WebElement matching the given ``locator``.</doc>
<msg timestamp="20230110 22:40:06.929" level="INFO">${ArrTime_Second_element} = &lt;selenium.webdriver.remote.webelement.WebElement (session="a22b0fe6587f8d70185acbcb045097de", element="e1b05d6c-f10e-47e5-bbad-e5305f73ec32")&gt;</msg>
<status status="PASS" starttime="20230110 22:40:06.928" endtime="20230110 22:40:06.930"/>
</kw>
<kw name="Get Text" library="RPA.Browser.Selenium">
<var>${ArrivalTime}</var>
<arg>${ArrTime_Second_element}</arg>
<doc>Returns the text value of the element identified by ``locator``.</doc>
<msg timestamp="20230110 22:40:06.962" level="INFO">${ArrivalTime} = 21:45</msg>
<status status="PASS" starttime="20230110 22:40:06.932" endtime="20230110 22:40:06.963"/>
</kw>
<kw name="Get WebElements" library="RPA.Browser.Selenium">
<var>${Rat}</var>
<arg>xpath=//span[@class="rating-sec ng-binding"]</arg>
<doc>Returns a list of WebElement objects matching the ``locator``.</doc>
<msg timestamp="20230110 22:40:06.984" level="INFO">${Rat} = [&lt;selenium.webdriver.remote.webelement.WebElement (session="a22b0fe6587f8d70185acbcb045097de", element="f053e3e6-966b-48c5-be7f-fd55c3a8ef96")&gt;, &lt;selenium.webdriver.remote.webelement.WebElement (sessi...</msg>
<status status="PASS" starttime="20230110 22:40:06.965" endtime="20230110 22:40:06.985"/>
</kw>
<try>
<branch type="TRY">
<kw name="Get WebElement" library="RPA.Browser.Selenium">
<var>${Rat_Second_element}</var>
<arg>${Rat}[1]</arg>
<doc>Returns the first WebElement matching the given ``locator``.</doc>
<msg timestamp="20230110 22:40:06.987" level="INFO">${Rat_Second_element} = &lt;selenium.webdriver.remote.webelement.WebElement (session="a22b0fe6587f8d70185acbcb045097de", element="624b8011-9757-4d16-a552-b39430d40e9f")&gt;</msg>
<status status="PASS" starttime="20230110 22:40:06.986" endtime="20230110 22:40:06.988"/>
</kw>
<kw name="Get Text" library="RPA.Browser.Selenium">
<var>${Rating}</var>
<arg>${Rat_Second_element}</arg>
<doc>Returns the text value of the element identified by ``locator``.</doc>
<msg timestamp="20230110 22:40:07.019" level="INFO">${Rating} = 4.4</msg>
<status status="PASS" starttime="20230110 22:40:06.988" endtime="20230110 22:40:07.019"/>
</kw>
<status status="PASS" starttime="20230110 22:40:06.985" endtime="20230110 22:40:07.020"/>
</branch>
<branch type="EXCEPT">
<pattern>message</pattern>
<kw name="Set Variable" library="BuiltIn">
<var>${rating}</var>
<arg>no rating</arg>
<doc>Returns the given values which can then be assigned to a variables.</doc>
<status status="NOT RUN" starttime="20230110 22:40:07.021" endtime="20230110 22:40:07.021"/>
</kw>
<status status="NOT RUN" starttime="20230110 22:40:07.020" endtime="20230110 22:40:07.022"/>
</branch>
<status status="PASS" starttime="20230110 22:40:06.985" endtime="20230110 22:40:07.022"/>
</try>
<kw name="Append To List" library="Collections">
<arg>${list1}</arg>
<arg>${bus_name}</arg>
<arg>${startTime}</arg>
<arg>${ArrivalTime}</arg>
<arg>${Rating}</arg>
<arg>${Amount}</arg>
<doc>Adds ``values`` to the end of ``list``.</doc>
<status status="PASS" starttime="20230110 22:40:07.022" endtime="20230110 22:40:07.024"/>
</kw>
<return>
<value>${list1}</value>
<status status="PASS" starttime="20230110 22:40:07.024" endtime="20230110 22:40:07.025"/>
</return>
<msg timestamp="20230110 22:40:07.026" level="INFO">${list1} = ['BLACKPEARL TRANZ', '16:00', '21:45', '4.4', '475 ']</msg>
<status status="PASS" starttime="20230110 22:40:06.735" endtime="20230110 22:40:07.026"/>
</kw>
<kw name="Write lowest searchresult in excel">
<arg>${list}</arg>
<arg>${list1}</arg>
<arg>${from}</arg>
<arg>${To}</arg>
<kw name="Open Workbook" library="RPA.Excel.Files">
<arg>AbhibusOutput.xlsx</arg>
<doc>Open an existing Excel workbook.</doc>
<msg timestamp="20230110 22:40:07.069" level="INFO">Opened workbook: &lt;RPA.Excel.Files.XlsxWorkbook object at 0x000001E0746E96D0&gt;</msg>
<status status="PASS" starttime="20230110 22:40:07.028" endtime="20230110 22:40:07.070"/>
</kw>
<kw name="Worksheet Exists" library="RPA.Excel.Files">
<var>${sheet exist}</var>
<arg>${from}-${To} Lowest price</arg>
<doc>Return True if worksheet with given name is in workbook.</doc>
<msg timestamp="20230110 22:40:07.072" level="INFO">${sheet exist} = False</msg>
<status status="PASS" starttime="20230110 22:40:07.071" endtime="20230110 22:40:07.073"/>
</kw>
<if>
<branch type="IF" condition="${sheet_exist} == False">
<kw name="Create Worksheet" library="RPA.Excel.Files">
<arg>${from}-${To} Lowest price</arg>
<doc>Create a new worksheet in the current workbook.</doc>
<status status="PASS" starttime="20230110 22:40:07.074" endtime="20230110 22:40:07.076"/>
</kw>
<kw name="Read Worksheet" library="RPA.Excel.Files">
<arg>${from}-${To} Lowest price</arg>
<doc>Read the content of a worksheet into a list of dictionaries.</doc>
<status status="PASS" starttime="20230110 22:40:07.077" endtime="20230110 22:40:07.078"/>
</kw>
<kw name="Set Cell Value" library="RPA.Excel.Files">
<arg>1</arg>
<arg>A</arg>
<arg>Bus name</arg>
<doc>Set a cell value in the given worksheet.</doc>
<status status="PASS" starttime="20230110 22:40:07.080" endtime="20230110 22:40:07.082"/>
</kw>
<kw name="Set Cell Value" library="RPA.Excel.Files">
<arg>1</arg>
<arg>B</arg>
<arg>Starting Time</arg>
<doc>Set a cell value in the given worksheet.</doc>
<status status="PASS" starttime="20230110 22:40:07.083" endtime="20230110 22:40:07.084"/>
</kw>
<kw name="Set Cell Value" library="RPA.Excel.Files">
<arg>1</arg>
<arg>C</arg>
<arg>Arrival Time</arg>
<doc>Set a cell value in the given worksheet.</doc>
<status status="PASS" starttime="20230110 22:40:07.085" endtime="20230110 22:40:07.085"/>
</kw>
<kw name="Set Cell Value" library="RPA.Excel.Files">
<arg>1</arg>
<arg>D</arg>
<arg>Rating</arg>
<doc>Set a cell value in the given worksheet.</doc>
<status status="PASS" starttime="20230110 22:40:07.086" endtime="20230110 22:40:07.087"/>
</kw>
<kw name="Set Cell Value" library="RPA.Excel.Files">
<arg>1</arg>
<arg>E</arg>
<arg>Price</arg>
<doc>Set a cell value in the given worksheet.</doc>
<status status="PASS" starttime="20230110 22:40:07.087" endtime="20230110 22:40:07.089"/>
</kw>
<kw name="Set Cell Value" library="RPA.Excel.Files">
<arg>2</arg>
<arg>A</arg>
<arg>${list}[0]</arg>
<doc>Set a cell value in the given worksheet.</doc>
<status status="PASS" starttime="20230110 22:40:07.090" endtime="20230110 22:40:07.093"/>
</kw>
<kw name="Set Cell Value" library="RPA.Excel.Files">
<arg>2</arg>
<arg>B</arg>
<arg>${list}[1]</arg>
<doc>Set a cell value in the given worksheet.</doc>
<status status="PASS" starttime="20230110 22:40:07.094" endtime="20230110 22:40:07.095"/>
</kw>
<kw name="Set Cell Value" library="RPA.Excel.Files">
<arg>2</arg>
<arg>C</arg>
<arg>${list}[2]</arg>
<doc>Set a cell value in the given worksheet.</doc>
<status status="PASS" starttime="20230110 22:40:07.096" endtime="20230110 22:40:07.099"/>
</kw>
<kw name="Set Cell Value" library="RPA.Excel.Files">
<arg>2</arg>
<arg>D</arg>
<arg>${list}[3]</arg>
<doc>Set a cell value in the given worksheet.</doc>
<status status="PASS" starttime="20230110 22:40:07.100" endtime="20230110 22:40:07.102"/>
</kw>
<kw name="Set Cell Value" library="RPA.Excel.Files">
<arg>2</arg>
<arg>E</arg>
<arg>${list}[4]</arg>
<doc>Set a cell value in the given worksheet.</doc>
<status status="PASS" starttime="20230110 22:40:07.103" endtime="20230110 22:40:07.104"/>
</kw>
<kw name="Set Cell Value" library="RPA.Excel.Files">
<arg>3</arg>
<arg>A</arg>
<arg>${list1}[0]</arg>
<doc>Set a cell value in the given worksheet.</doc>
<status status="PASS" starttime="20230110 22:40:07.105" endtime="20230110 22:40:07.106"/>
</kw>
<kw name="Set Cell Value" library="RPA.Excel.Files">
<arg>3</arg>
<arg>B</arg>
<arg>${list1}[1]</arg>
<doc>Set a cell value in the given worksheet.</doc>
<status status="PASS" starttime="20230110 22:40:07.106" endtime="20230110 22:40:07.107"/>
</kw>
<kw name="Set Cell Value" library="RPA.Excel.Files">
<arg>3</arg>
<arg>C</arg>
<arg>${list1}[2]</arg>
<doc>Set a cell value in the given worksheet.</doc>
<status status="PASS" starttime="20230110 22:40:07.108" endtime="20230110 22:40:07.110"/>
</kw>
<kw name="Set Cell Value" library="RPA.Excel.Files">
<arg>3</arg>
<arg>D</arg>
<arg>${list1}[3]</arg>
<doc>Set a cell value in the given worksheet.</doc>
<status status="PASS" starttime="20230110 22:40:07.110" endtime="20230110 22:40:07.111"/>
</kw>
<kw name="Set Cell Value" library="RPA.Excel.Files">
<arg>3</arg>
<arg>E</arg>
<arg>${list1}[4]</arg>
<doc>Set a cell value in the given worksheet.</doc>
<status status="PASS" starttime="20230110 22:40:07.112" endtime="20230110 22:40:07.113"/>
</kw>
<kw name="Save Workbook" library="RPA.Excel.Files">
<doc>Save the active workbook.</doc>
<status status="PASS" starttime="20230110 22:40:07.114" endtime="20230110 22:40:07.354"/>
</kw>
<status status="PASS" starttime="20230110 22:40:07.074" endtime="20230110 22:40:07.354"/>
</branch>
<branch type="ELSE">
<kw name="Read Worksheet" library="RPA.Excel.Files">
<arg>${from}-${To} Lowest price</arg>
<arg>overwrite=True</arg>
<doc>Read the content of a worksheet into a list of dictionaries.</doc>
<status status="NOT RUN" starttime="20230110 22:40:07.355" endtime="20230110 22:40:07.356"/>
</kw>
<kw name="Set Cell Value" library="RPA.Excel.Files">
<arg>1</arg>
<arg>A</arg>
<arg>Bus name</arg>
<doc>Set a cell value in the given worksheet.</doc>
<status status="NOT RUN" starttime="20230110 22:40:07.356" endtime="20230110 22:40:07.356"/>
</kw>
<kw name="Set Cell Value" library="RPA.Excel.Files">
<arg>1</arg>
<arg>B</arg>
<arg>Starting Time</arg>
<doc>Set a cell value in the given worksheet.</doc>
<status status="NOT RUN" starttime="20230110 22:40:07.357" endtime="20230110 22:40:07.357"/>
</kw>
<kw name="Set Cell Value" library="RPA.Excel.Files">
<arg>1</arg>
<arg>C</arg>
<arg>Arrival Time</arg>
<doc>Set a cell value in the given worksheet.</doc>
<status status="NOT RUN" starttime="20230110 22:40:07.357" endtime="20230110 22:40:07.357"/>
</kw>
<kw name="Set Cell Value" library="RPA.Excel.Files">
<arg>1</arg>
<arg>D</arg>
<arg>Rating</arg>
<doc>Set a cell value in the given worksheet.</doc>
<status status="NOT RUN" starttime="20230110 22:40:07.358" endtime="20230110 22:40:07.359"/>
</kw>
<kw name="Set Cell Value" library="RPA.Excel.Files">
<arg>1</arg>
<arg>E</arg>
<arg>Price</arg>
<doc>Set a cell value in the given worksheet.</doc>
<status status="NOT RUN" starttime="20230110 22:40:07.360" endtime="20230110 22:40:07.360"/>
</kw>
<kw name="Set Cell Value" library="RPA.Excel.Files">
<arg>2</arg>
<arg>A</arg>
<arg>${list}[0]</arg>
<doc>Set a cell value in the given worksheet.</doc>
<status status="NOT RUN" starttime="20230110 22:40:07.361" endtime="20230110 22:40:07.361"/>
</kw>
<kw name="Set Cell Value" library="RPA.Excel.Files">
<arg>2</arg>
<arg>B</arg>
<arg>${list}[1]</arg>
<doc>Set a cell value in the given worksheet.</doc>
<status status="NOT RUN" starttime="20230110 22:40:07.361" endtime="20230110 22:40:07.362"/>
</kw>
<kw name="Set Cell Value" library="RPA.Excel.Files">
<arg>2</arg>
<arg>C</arg>
<arg>${list}[2]</arg>
<doc>Set a cell value in the given worksheet.</doc>
<status status="NOT RUN" starttime="20230110 22:40:07.362" endtime="20230110 22:40:07.363"/>
</kw>
<kw name="Set Cell Value" library="RPA.Excel.Files">
<arg>2</arg>
<arg>D</arg>
<arg>${list}[3]</arg>
<doc>Set a cell value in the given worksheet.</doc>
<status status="NOT RUN" starttime="20230110 22:40:07.365" endtime="20230110 22:40:07.366"/>
</kw>
<kw name="Set Cell Value" library="RPA.Excel.Files">
<arg>2</arg>
<arg>E</arg>
<arg>${list}[4]</arg>
<doc>Set a cell value in the given worksheet.</doc>
<status status="NOT RUN" starttime="20230110 22:40:07.367" endtime="20230110 22:40:07.368"/>
</kw>
<kw name="Set Cell Value" library="RPA.Excel.Files">
<arg>3</arg>
<arg>A</arg>
<arg>${list1}[0]</arg>
<doc>Set a cell value in the given worksheet.</doc>
<status status="NOT RUN" starttime="20230110 22:40:07.368" endtime="20230110 22:40:07.368"/>
</kw>
<kw name="Set Cell Value" library="RPA.Excel.Files">
<arg>3</arg>
<arg>B</arg>
<arg>${list1}[1]</arg>
<doc>Set a cell value in the given worksheet.</doc>
<status status="NOT RUN" starttime="20230110 22:40:07.369" endtime="20230110 22:40:07.369"/>
</kw>
<kw name="Set Cell Value" library="RPA.Excel.Files">
<arg>3</arg>
<arg>C</arg>
<arg>${list1}[2]</arg>
<doc>Set a cell value in the given worksheet.</doc>
<status status="NOT RUN" starttime="20230110 22:40:07.369" endtime="20230110 22:40:07.370"/>
</kw>
<kw name="Set Cell Value" library="RPA.Excel.Files">
<arg>3</arg>
<arg>D</arg>
<arg>${list1}[3]</arg>
<doc>Set a cell value in the given worksheet.</doc>
<status status="NOT RUN" starttime="20230110 22:40:07.370" endtime="20230110 22:40:07.370"/>
</kw>
<kw name="Set Cell Value" library="RPA.Excel.Files">
<arg>3</arg>
<arg>E</arg>
<arg>${list1}[4]</arg>
<doc>Set a cell value in the given worksheet.</doc>
<status status="NOT RUN" starttime="20230110 22:40:07.371" endtime="20230110 22:40:07.371"/>
</kw>
<kw name="Save Workbook" library="RPA.Excel.Files">
<doc>Save the active workbook.</doc>
<status status="NOT RUN" starttime="20230110 22:40:07.371" endtime="20230110 22:40:07.371"/>
</kw>
<status status="NOT RUN" starttime="20230110 22:40:07.355" endtime="20230110 22:40:07.372"/>
</branch>
<status status="PASS" starttime="20230110 22:40:07.073" endtime="20230110 22:40:07.372"/>
</if>
<status status="PASS" starttime="20230110 22:40:07.026" endtime="20230110 22:40:07.372"/>
</kw>
<kw name="Close Workbook" library="RPA.Excel.Files">
<doc>Close the active workbook.</doc>
<msg timestamp="20230110 22:40:07.373" level="INFO">Closing workbook: &lt;RPA.Excel.Files.XlsxWorkbook object at 0x000001E0746E96D0&gt;</msg>
<status status="PASS" starttime="20230110 22:40:07.373" endtime="20230110 22:40:07.373"/>
</kw>
<kw name="Wait Until Keyword Succeeds" library="BuiltIn">
<arg>50x</arg>
<arg>0.5s</arg>
<arg>click element</arg>
<arg>css:body &gt; nav &gt; div &gt; div.navbar-brand.p-0 &gt; a</arg>
<doc>Runs the specified keyword and retries if it fails.</doc>
<kw name="Click Element" library="RPA.Browser.Selenium">
<arg>css:body &gt; nav &gt; div &gt; div.navbar-brand.p-0 &gt; a</arg>
<doc>Click the element identified by ``locator``.</doc>
[...]
<status status="PASS" starttime="20230110 22:41:49.499" endtime="20230110 22:41:49.501"/>
</kw>
<kw name="Get Text" library="RPA.Browser.Selenium">
<var>${Rating}</var>
<arg>${Rat_Second_element}</arg>
<doc>Returns the text value of the element identified by ``locator``.</doc>
<msg timestamp="20230110 22:41:49.521" level="INFO">${Rating} = 4.5</msg>
<status status="PASS" starttime="20230110 22:41:49.502" endtime="20230110 22:41:49.522"/>
</kw>
<status status="PASS" starttime="20230110 22:41:49.496" endtime="20230110 22:41:49.523"/>
</branch>
<branch type="EXCEPT">
<pattern>message</pattern>
<kw name="Set Variable" library="BuiltIn">
<var>${rating}</var>
<arg>no rating</arg>
<doc>Returns the given values which can then be assigned to a variables.</doc>
<status status="NOT RUN" starttime="20230110 22:41:49.525" endtime="20230110 22:41:49.525"/>
</kw>
<status status="NOT RUN" starttime="20230110 22:41:49.523" endtime="20230110 22:41:49.526"/>
</branch>
<status status="PASS" starttime="20230110 22:41:49.496" endtime="20230110 22:41:49.527"/>
</try>
<kw name="Append To List" library="Collections">
<arg>${list1}</arg>
<arg>${bus_name}</arg>
<arg>${startTime}</arg>
<arg>${ArrivalTime}</arg>
<arg>${Rating}</arg>
<arg>${Amount}</arg>
<doc>Adds ``values`` to the end of ``list``.</doc>
<status status="PASS" starttime="20230110 22:41:49.527" endtime="20230110 22:41:49.531"/>
</kw>
<return>
<value>${list1}</value>
<status status="PASS" starttime="20230110 22:41:49.532" endtime="20230110 22:41:49.532"/>
</return>
<msg timestamp="20230110 22:41:49.533" level="INFO">${list1} = ['DOLPHIN TOURS &amp; TRAVELS', '22:00', '07:30', '4.5', '616 ']</msg>
<status status="PASS" starttime="20230110 22:41:49.255" endtime="20230110 22:41:49.534"/>
</kw>
<kw name="Write lowest searchresult in excel">
<arg>${list}</arg>
<arg>${list1}</arg>
<arg>${from}</arg>
<arg>${To}</arg>
<kw name="Open Workbook" library="RPA.Excel.Files">
<arg>AbhibusOutput.xlsx</arg>
<doc>Open an existing Excel workbook.</doc>
<msg timestamp="20230110 22:41:49.582" level="INFO">Opened workbook: &lt;RPA.Excel.Files.XlsxWorkbook object at 0x000001E0745AFF70&gt;</msg>
<status status="PASS" starttime="20230110 22:41:49.537" endtime="20230110 22:41:49.582"/>
</kw>
<kw name="Worksheet Exists" library="RPA.Excel.Files">
<var>${sheet exist}</var>
<arg>${from}-${To} Lowest price</arg>
<doc>Return True if worksheet with given name is in workbook.</doc>
<msg timestamp="20230110 22:41:49.583" level="INFO">${sheet exist} = True</msg>
<status status="PASS" starttime="20230110 22:41:49.582" endtime="20230110 22:41:49.583"/>
</kw>
<if>
<branch type="IF" condition="${sheet_exist} == False">
<kw name="Create Worksheet" library="RPA.Excel.Files">
<arg>${from}-${To} Lowest price</arg>
<doc>Create a new worksheet in the current workbook.</doc>
<status status="NOT RUN" starttime="20230110 22:41:49.586" endtime="20230110 22:41:49.586"/>
</kw>
<kw name="Read Worksheet" library="RPA.Excel.Files">
<arg>${from}-${To} Lowest price</arg>
<doc>Read the content of a worksheet into a list of dictionaries.</doc>
<status status="NOT RUN" starttime="20230110 22:41:49.587" endtime="20230110 22:41:49.588"/>
</kw>
<kw name="Set Cell Value" library="RPA.Excel.Files">
<arg>1</arg>
<arg>A</arg>
<arg>Bus name</arg>
<doc>Set a cell value in the given worksheet.</doc>
<status status="NOT RUN" starttime="20230110 22:41:49.588" endtime="20230110 22:41:49.589"/>
</kw>
<kw name="Set Cell Value" library="RPA.Excel.Files">
<arg>1</arg>
<arg>B</arg>
<arg>Starting Time</arg>
<doc>Set a cell value in the given worksheet.</doc>
<status status="NOT RUN" starttime="20230110 22:41:49.589" endtime="20230110 22:41:49.589"/>
</kw>
<kw name="Set Cell Value" library="RPA.Excel.Files">
<arg>1</arg>
<arg>C</arg>
<arg>Arrival Time</arg>
<doc>Set a cell value in the given worksheet.</doc>
<status status="NOT RUN" starttime="20230110 22:41:49.590" endtime="20230110 22:41:49.590"/>
</kw>
<kw name="Set Cell Value" library="RPA.Excel.Files">
<arg>1</arg>
<arg>D</arg>
<arg>Rating</arg>
<doc>Set a cell value in the given worksheet.</doc>
<status status="NOT RUN" starttime="20230110 22:41:49.591" endtime="20230110 22:41:49.591"/>
</kw>
<kw name="Set Cell Value" library="RPA.Excel.Files">
<arg>1</arg>
<arg>E</arg>
<arg>Price</arg>
<doc>Set a cell value in the given worksheet.</doc>
<status status="NOT RUN" starttime="20230110 22:41:49.592" endtime="20230110 22:41:49.592"/>
</kw>
<kw name="Set Cell Value" library="RPA.Excel.Files">
<arg>2</arg>
<arg>A</arg>
<arg>${list}[0]</arg>
<doc>Set a cell value in the given worksheet.</doc>
<status status="NOT RUN" starttime="20230110 22:41:49.592" endtime="20230110 22:41:49.593"/>
</kw>
<kw name="Set Cell Value" library="RPA.Excel.Files">
<arg>2</arg>
<arg>B</arg>
<arg>${list}[1]</arg>
<doc>Set a cell value in the given worksheet.</doc>
<status status="NOT RUN" starttime="20230110 22:41:49.593" endtime="20230110 22:41:49.594"/>
</kw>
<kw name="Set Cell Value" library="RPA.Excel.Files">
<arg>2</arg>
<arg>C</arg>
<arg>${list}[2]</arg>
<doc>Set a cell value in the given worksheet.</doc>
<status status="NOT RUN" starttime="20230110 22:41:49.595" endtime="20230110 22:41:49.596"/>
</kw>
<kw name="Set Cell Value" library="RPA.Excel.Files">
<arg>2</arg>
<arg>D</arg>
<arg>${list}[3]</arg>
<doc>Set a cell value in the given worksheet.</doc>
<status status="NOT RUN" starttime="20230110 22:41:49.599" endtime="20230110 22:41:49.599"/>
</kw>
<kw name="Set Cell Value" library="RPA.Excel.Files">
<arg>2</arg>
<arg>E</arg>
<arg>${list}[4]</arg>
<doc>Set a cell value in the given worksheet.</doc>
<status status="NOT RUN" starttime="20230110 22:41:49.599" endtime="20230110 22:41:49.600"/>
</kw>
<kw name="Set Cell Value" library="RPA.Excel.Files">
<arg>3</arg>
<arg>A</arg>
<arg>${list1}[0]</arg>
<doc>Set a cell value in the given worksheet.</doc>
<status status="NOT RUN" starttime="20230110 22:41:49.601" endtime="20230110 22:41:49.601"/>
</kw>
<kw name="Set Cell Value" library="RPA.Excel.Files">
<arg>3</arg>
<arg>B</arg>
<arg>${list1}[1]</arg>
<doc>Set a cell value in the given worksheet.</doc>
<status status="NOT RUN" starttime="20230110 22:41:49.602" endtime="20230110 22:41:49.603"/>
</kw>
<kw name="Set Cell Value" library="RPA.Excel.Files">
<arg>3</arg>
<arg>C</arg>
<arg>${list1}[2]</arg>
<doc>Set a cell value in the given worksheet.</doc>
<status status="NOT RUN" starttime="20230110 22:41:49.603" endtime="20230110 22:41:49.604"/>
</kw>
<kw name="Set Cell Value" library="RPA.Excel.Files">
<arg>3</arg>
<arg>D</arg>
<arg>${list1}[3]</arg>
<doc>Set a cell value in the given worksheet.</doc>
<status status="NOT RUN" starttime="20230110 22:41:49.605" endtime="20230110 22:41:49.606"/>
</kw>
<kw name="Set Cell Value" library="RPA.Excel.Files">
<arg>3</arg>
<arg>E</arg>
<arg>${list1}[4]</arg>
<doc>Set a cell value in the given worksheet.</doc>
<status status="NOT RUN" starttime="20230110 22:41:49.606" endtime="20230110 22:41:49.607"/>
</kw>
<kw name="Save Workbook" library="RPA.Excel.Files">
<doc>Save the active workbook.</doc>
<status status="NOT RUN" starttime="20230110 22:41:49.608" endtime="20230110 22:41:49.609"/>
</kw>
<status status="NOT RUN" starttime="20230110 22:41:49.585" endtime="20230110 22:41:49.609"/>
</branch>
<branch type="ELSE">
<kw name="Read Worksheet" library="RPA.Excel.Files">
<arg>${from}-${To} Lowest price</arg>
<arg>overwrite=True</arg>
<doc>Read the content of a worksheet into a list of dictionaries.</doc>
<status status="PASS" starttime="20230110 22:41:49.611" endtime="20230110 22:41:49.615"/>
</kw>
<kw name="Set Cell Value" library="RPA.Excel.Files">
<arg>1</arg>
<arg>A</arg>
<arg>Bus name</arg>
<doc>Set a cell value in the given worksheet.</doc>
<status status="PASS" starttime="20230110 22:41:49.615" endtime="20230110 22:41:49.618"/>
</kw>
<kw name="Set Cell Value" library="RPA.Excel.Files">
<arg>1</arg>
<arg>B</arg>
<arg>Starting Time</arg>
<doc>Set a cell value in the given worksheet.</doc>
<status status="PASS" starttime="20230110 22:41:49.618" endtime="20230110 22:41:49.619"/>
</kw>
<kw name="Set Cell Value" library="RPA.Excel.Files">
<arg>1</arg>
<arg>C</arg>
<arg>Arrival Time</arg>
<doc>Set a cell value in the given worksheet.</doc>
<status status="PASS" starttime="20230110 22:41:49.620" endtime="20230110 22:41:49.620"/>
</kw>
<kw name="Set Cell Value" library="RPA.Excel.Files">
<arg>1</arg>
<arg>D</arg>
<arg>Rating</arg>
<doc>Set a cell value in the given worksheet.</doc>
<status status="PASS" starttime="20230110 22:41:49.621" endtime="20230110 22:41:49.621"/>
</kw>
<kw name="Set Cell Value" library="RPA.Excel.Files">
<arg>1</arg>
<arg>E</arg>
<arg>Price</arg>
<doc>Set a cell value in the given worksheet.</doc>
<status status="PASS" starttime="20230110 22:41:49.622" endtime="20230110 22:41:49.622"/>
</kw>
<kw name="Set Cell Value" library="RPA.Excel.Files">
<arg>2</arg>
<arg>A</arg>
<arg>${list}[0]</arg>
<doc>Set a cell value in the given worksheet.</doc>
<status status="PASS" starttime="20230110 22:41:49.623" endtime="20230110 22:41:49.624"/>
</kw>
<kw name="Set Cell Value" library="RPA.Excel.Files">
<arg>2</arg>
<arg>B</arg>
<arg>${list}[1]</arg>
<doc>Set a cell value in the given worksheet.</doc>
<status status="PASS" starttime="20230110 22:41:49.624" endtime="20230110 22:41:49.625"/>
</kw>
<kw name="Set Cell Value" library="RPA.Excel.Files">
<arg>2</arg>
<arg>C</arg>
<arg>${list}[2]</arg>
<doc>Set a cell value in the given worksheet.</doc>
<status status="PASS" starttime="20230110 22:41:49.626" endtime="20230110 22:41:49.626"/>
</kw>
<kw name="Set Cell Value" library="RPA.Excel.Files">
<arg>2</arg>
<arg>D</arg>
<arg>${list}[3]</arg>
<doc>Set a cell value in the given worksheet.</doc>
<status status="PASS" starttime="20230110 22:41:49.627" endtime="20230110 22:41:49.628"/>
</kw>
<kw name="Set Cell Value" library="RPA.Excel.Files">
<arg>2</arg>
<arg>E</arg>
<arg>${list}[4]</arg>
<doc>Set a cell value in the given worksheet.</doc>
<status status="PASS" starttime="20230110 22:41:49.630" endtime="20230110 22:41:49.632"/>
</kw>
<kw name="Set Cell Value" library="RPA.Excel.Files">
<arg>3</arg>
<arg>A</arg>
<arg>${list1}[0]</arg>
<doc>Set a cell value in the given worksheet.</doc>
<status status="PASS" starttime="20230110 22:41:49.633" endtime="20230110 22:41:49.634"/>
</kw>
<kw name="Set Cell Value" library="RPA.Excel.Files">
<arg>3</arg>
<arg>B</arg>
<arg>${list1}[1]</arg>
<doc>Set a cell value in the given worksheet.</doc>
<status status="PASS" starttime="20230110 22:41:49.634" endtime="20230110 22:41:49.635"/>
</kw>
<kw name="Set Cell Value" library="RPA.Excel.Files">
<arg>3</arg>
<arg>C</arg>
<arg>${list1}[2]</arg>
<doc>Set a cell value in the given worksheet.</doc>
<status status="PASS" starttime="20230110 22:41:49.636" endtime="20230110 22:41:49.638"/>
</kw>
<kw name="Set Cell Value" library="RPA.Excel.Files">
<arg>3</arg>
<arg>D</arg>
<arg>${list1}[3]</arg>
<doc>Set a cell value in the given worksheet.</doc>
<status status="PASS" starttime="20230110 22:41:49.639" endtime="20230110 22:41:49.641"/>
</kw>
<kw name="Set Cell Value" library="RPA.Excel.Files">
<arg>3</arg>
<arg>E</arg>
<arg>${list1}[4]</arg>
<doc>Set a cell value in the given worksheet.</doc>
<status status="PASS" starttime="20230110 22:41:49.642" endtime="20230110 22:41:49.644"/>
</kw>
<kw name="Save Workbook" library="RPA.Excel.Files">
<doc>Save the active workbook.</doc>
<status status="PASS" starttime="20230110 22:41:49.644" endtime="20230110 22:41:49.852"/>
</kw>
<status status="PASS" starttime="20230110 22:41:49.610" endtime="20230110 22:41:49.852"/>
</branch>
<status status="PASS" starttime="20230110 22:41:49.585" endtime="20230110 22:41:49.853"/>
</if>
<status status="PASS" starttime="20230110 22:41:49.534" endtime="20230110 22:41:49.853"/>
</kw>
<kw name="Close Workbook" library="RPA.Excel.Files">
<doc>Close the active workbook.</doc>
<msg timestamp="20230110 22:41:49.855" level="INFO">Closing workbook: &lt;RPA.Excel.Files.XlsxWorkbook object at 0x000001E0745AFF70&gt;</msg>
<status status="PASS" starttime="20230110 22:41:49.854" endtime="20230110 22:41:49.856"/>
</kw>
<kw name="Wait Until Keyword Succeeds" library="BuiltIn">
<arg>50x</arg>
<arg>0.5s</arg>
<arg>click element</arg>
<arg>css:body &gt; nav &gt; div &gt; div.navbar-brand.p-0 &gt; a</arg>
<doc>Runs the specified keyword and retries if it fails.</doc>
<kw name="Click Element" library="RPA.Browser.Selenium">
<arg>css:body &gt; nav &gt; div &gt; div.navbar-brand.p-0 &gt; a</arg>
<doc>Click the element identified by ``locator``.</doc>
<msg timestamp="20230110 22:41:49.858" level="INFO">Clicking element 'css:body &gt; nav &gt; div &gt; div.navbar-brand.p-0 &gt; a'.</msg>
<status status="PASS" starttime="20230110 22:41:49.857" endtime="20230110 22:41:59.436"/>
</kw>
<status status="PASS" starttime="20230110 22:41:49.856" endtime="20230110 22:41:59.436"/>
</kw>
<kw name="write completed for successfully transaction">
<arg>${count}</arg>
<kw name="Open Workbook" library="RPA.Excel.Files">
<arg>Bus-Input.xlsx</arg>
<doc>Open an existing Excel workbook.</doc>
<msg timestamp="20230110 22:41:59.478" level="INFO">Opened workbook: &lt;RPA.Excel.Files.XlsxWorkbook object at 0x000001E07470C190&gt;</msg>
<status status="PASS" starttime="20230110 22:41:59.444" endtime="20230110 22:41:59.479"/>
</kw>
<kw name="Set Cell Value" library="RPA.Excel.Files">
<arg>${count}</arg>
<arg>D</arg>
<arg>completed</arg>
<doc>Set a cell value in the given worksheet.</doc>
<status status="PASS" starttime="20230110 22:41:59.479" endtime="20230110 22:41:59.482"/>
</kw>
<kw name="Save Workbook" library="RPA.Excel.Files">
<doc>Save the active workbook.</doc>
<status status="PASS" starttime="20230110 22:41:59.483" endtime="20230110 22:41:59.568"/>
</kw>
<status status="PASS" starttime="20230110 22:41:59.437" endtime="20230110 22:41:59.569"/>
</kw>
<status status="PASS" starttime="20230110 22:41:47.304" endtime="20230110 22:41:59.569"/>
</branch>
<branch type="ELSE">
<kw name="Evaluate" library="BuiltIn">
<var>${count}</var>
<arg>${count} + 1</arg>
<doc>Evaluates the given expression in Python and returns the result.</doc>
<status status="NOT RUN" starttime="20230110 22:41:59.570" endtime="20230110 22:41:59.575"/>
</kw>
<kw name="Wait Until Keyword Succeeds" library="BuiltIn">
<arg>50x</arg>
<arg>0.5s</arg>
<arg>click element</arg>
<arg>css:body &gt; nav &gt; div &gt; div.navbar-brand.p-0 &gt; a</arg>
<doc>Runs the specified keyword and retries if it fails.</doc>
<status status="NOT RUN" starttime="20230110 22:41:59.578" endtime="20230110 22:41:59.578"/>
</kw>
<kw name="Set Variable" library="BuiltIn">
<var>${no bus}</var>
<arg>No Direct bus found between source and Destination</arg>
<doc>Returns the given values which can then be assigned to a variables.</doc>
<status status="NOT RUN" starttime="20230110 22:41:59.579" endtime="20230110 22:41:59.579"/>
</kw>
<kw name="Write Exception if No Bus found">
<arg>${no bus}</arg>
<arg>${count}</arg>
<status status="NOT RUN" starttime="20230110 22:41:59.580" endtime="20230110 22:41:59.580"/>
</kw>
<status status="NOT RUN" starttime="20230110 22:41:59.569" endtime="20230110 22:41:59.580"/>
</branch>
<status status="PASS" starttime="20230110 22:41:47.303" endtime="20230110 22:41:59.580"/>
</if>
<status status="PASS" starttime="20230110 22:41:04.396" endtime="20230110 22:41:59.580"/>
</branch>
<branch type="ELSE">
<kw name="Evaluate" library="BuiltIn">
<var>${count}</var>
<arg>${count} + 1</arg>
<doc>Evaluates the given expression in Python and returns the result.</doc>
<status status="NOT RUN" starttime="20230110 22:41:59.582" endtime="20230110 22:41:59.582"/>
</kw>
<kw name="Log" library="BuiltIn">
<arg>date is passed away</arg>
<doc>Logs the given message with the given level.</doc>
<status status="NOT RUN" starttime="20230110 22:41:59.582" endtime="20230110 22:41:59.583"/>
</kw>
<kw name="Set Variable" library="BuiltIn">
<var>${date_passed}</var>
<arg>date is passed away</arg>
<doc>Returns the given values which can then be assigned to a variables.</doc>
<status status="NOT RUN" starttime="20230110 22:41:59.583" endtime="20230110 22:41:59.583"/>
</kw>
<kw name="Write Exception if Date has Passed">
<arg>${date_passed}</arg>
<arg>${count}</arg>
<status status="NOT RUN" starttime="20230110 22:41:59.584" endtime="20230110 22:41:59.585"/>
</kw>
<status status="NOT RUN" starttime="20230110 22:41:59.581" endtime="20230110 22:41:59.585"/>
</branch>
<status status="PASS" starttime="20230110 22:41:04.395" endtime="20230110 22:41:59.585"/>
</if>
<status status="PASS" starttime="20230110 22:41:04.389" endtime="20230110 22:41:59.585"/>
</branch>
<status status="PASS" starttime="20230110 22:41:04.370" endtime="20230110 22:41:59.586"/>
</if>
<status status="PASS" starttime="20230110 22:41:04.364" endtime="20230110 22:41:59.586"/>
</branch>
<status status="PASS" starttime="20230110 22:41:04.360" endtime="20230110 22:41:59.587"/>
</if>
<status status="PASS" starttime="20230110 22:41:04.332" endtime="20230110 22:41:59.587"/>
</branch>
<status status="PASS" starttime="20230110 22:41:04.314" endtime="20230110 22:41:59.588"/>
</if>
<kw name="Close Workbook" library="RPA.Excel.Files">
<doc>Close the active workbook.</doc>
<msg timestamp="20230110 22:41:59.595" level="INFO">Closing workbook: &lt;RPA.Excel.Files.XlsxWorkbook object at 0x000001E07470C190&gt;</msg>
<status status="PASS" starttime="20230110 22:41:59.589" endtime="20230110 22:41:59.596"/>
</kw>
<status status="PASS" starttime="20230110 22:41:04.265" endtime="20230110 22:41:59.596"/>
</branch>
<branch type="EXCEPT">
<kw name="Log" library="BuiltIn">
<arg>unable to enter the data</arg>
<doc>Logs the given message with the given level.</doc>
<status status="NOT RUN" starttime="20230110 22:41:59.598" endtime="20230110 22:41:59.599"/>
</kw>
<status status="NOT RUN" starttime="20230110 22:41:59.597" endtime="20230110 22:41:59.599"/>
</branch>
<status status="PASS" starttime="20230110 22:41:04.265" endtime="20230110 22:41:59.600"/>
</try>
<status status="PASS" starttime="20230110 22:41:04.262" endtime="20230110 22:41:59.600"/>
</iter>
<status status="PASS" starttime="20230110 22:39:24.404" endtime="20230110 22:41:59.600"/>
</for>
<status status="PASS" starttime="20230110 22:39:24.395" endtime="20230110 22:41:59.601"/>
</kw>
<kw name="Close Browser" library="RPA.Browser.Selenium">
<doc>Closes the current browser.</doc>
<status status="PASS" starttime="20230110 22:41:59.601" endtime="20230110 22:42:04.909"/>
</kw>
<status status="PASS" starttime="20230110 22:39:12.940" endtime="20230110 22:42:04.909"/>
</branch>
<branch type="EXCEPT">
<kw name="Log" library="BuiltIn">
<arg>Unable to read the input excel</arg>
<doc>Logs the given message with the given level.</doc>
<status status="NOT RUN" starttime="20230110 22:42:04.910" endtime="20230110 22:42:04.910"/>
</kw>
<status status="NOT RUN" starttime="20230110 22:42:04.909" endtime="20230110 22:42:04.911"/>
</branch>
<status status="PASS" starttime="20230110 22:39:12.940" endtime="20230110 22:42:04.911"/>
</try>
<status status="PASS" starttime="20230110 22:39:12.930" endtime="20230110 22:42:04.913"/>
</test>
<doc>Template robot main suite.</doc>
<status status="PASS" starttime="20230110 22:39:07.234" endtime="20230110 22:42:04.916"/>
</suite>
<statistics>
<total>
<stat pass="1" fail="0" skip="0">All Tasks</stat>
</total>
<tag>
</tag>
<suite>
<stat pass="1" fail="0" skip="0" id="s1" name="Tasks">Tasks</stat>
</suite>
</statistics>
<errors>
</errors>
</robot>
